# BEAST v1.10.5 Prerelease #23570d1
# Generated Fri Nov 22 18:00:56 CET 2019 [seed=666]
# -beagle_cpu -overwrite -seed 666 -save_every 100000 -save_state checkpoint.state A_ancient_skyride_phylogeography.xml
state	location.rates.Africa.Americas	location.rates.Africa.EastSouthAsia	location.rates.Africa.Europe	location.rates.Africa.WestCentralAsia	location.rates.Americas.EastSouthAsia	location.rates.Americas.Europe	location.rates.Americas.WestCentralAsia	location.rates.EastSouthAsia.Europe	location.rates.EastSouthAsia.WestCentralAsia	location.rates.Europe.WestCentralAsia	location.indicators.Africa.Americas	location.indicators.Africa.EastSouthAsia	location.indicators.Africa.Europe	location.indicators.Africa.WestCentralAsia	location.indicators.Americas.EastSouthAsia	location.indicators.Americas.Europe	location.indicators.Americas.WestCentralAsia	location.indicators.EastSouthAsia.Europe	location.indicators.EastSouthAsia.WestCentralAsia	location.indicators.Europe.WestCentralAsia	location.nonZeroRates
0	1.0	1.0	1.0	1.0	1.0	1.0	1.0	1.0	1.0	1.0	1.0	1.0	1.0	1.0	1.0	1.0	1.0	1.0	1.0	1.0	10.0
250000	1.4329572343538088	1.4449415431369532	0.5790339532425521	0.49594611332263383	2.0716807457404136	1.8173992475204221	1.3295814818402922	0.6544243365205323	0.14740087129232887	0.10445977101007826	1.0	0.0	1.0	0.0	1.0	1.0	0.0	1.0	1.0	1.0	7.0
500000	0.9223744787850978	0.7126110400535148	0.34043778672732994	0.18284393049654285	1.4211553171234166	2.0383887091603183	5.865913132921661	1.0170609740028922	0.5183681883675365	0.05386982793455808	1.0	1.0	1.0	0.0	1.0	1.0	0.0	1.0	0.0	1.0	7.0
750000	2.4370322841672283	0.6214807335009939	1.3492217943573888	0.3697556042403908	1.5808997858014686	2.2171212923775285	0.2502165637232651	1.7597526854546466	2.4832990421209833	0.30271494402782534	1.0	1.0	1.0	0.0	1.0	1.0	0.0	1.0	0.0	1.0	7.0
1000000	0.9002011838520126	0.79816216751322	0.29656376167976906	0.8563031667766763	0.5811171940868941	1.0729790452416619	0.6775752738381714	0.41163716751939144	0.8896912358761054	0.09104315914299534	1.0	0.0	1.0	0.0	1.0	1.0	0.0	1.0	0.0	1.0	6.0
1250000	1.1141769206263878	0.3934813201449851	1.7182038871154943	0.8738556715758781	0.7227613757345245	1.5310804948198493	0.6040767954162376	1.5404869324663248	0.22214008696172852	0.5340219718488114	1.0	1.0	1.0	0.0	1.0	1.0	0.0	1.0	0.0	1.0	7.0
1500000	0.5461881714907497	0.17748086814270986	0.616808973866852	2.99284337900489	1.2224595973025265	1.1439730969621962	0.43763147482176373	0.9189377615870185	0.9698570732755724	0.10690176178706885	1.0	0.0	1.0	0.0	1.0	1.0	0.0	1.0	0.0	1.0	6.0
1750000	0.49865754920608835	1.6542617445415342	1.0446313734299022	0.03873715060938987	0.628175672601141	1.2244425582496674	0.2198280595346499	1.8059109481256548	0.002249623651076107	0.22212423601975204	1.0	0.0	1.0	0.0	1.0	1.0	0.0	1.0	0.0	1.0	6.0
2000000	1.2193588617321856	1.4060062584484017	1.3126961699324415	1.8834793990880865	1.4524497005728974	1.938038137181098	0.9243141563331484	2.1963134905148096	0.13677851874365	0.30483271197066736	1.0	0.0	1.0	0.0	1.0	1.0	0.0	1.0	0.0	1.0	6.0
2250000	0.550700522665043	0.45004453638646674	0.3101879856064238	1.5625207405622346	0.7518089527574249	0.6074765903840079	1.889893754574192	0.5182877089316572	0.07905086257371022	0.03379557950284444	1.0	0.0	1.0	0.0	1.0	1.0	0.0	1.0	1.0	1.0	7.0
2500000	0.48891274382142347	2.638719709302127	0.7303473772765355	0.8250661033371983	1.1201402908853868	0.6939646413114393	1.437257243466437	1.0249464836991244	0.2327690311610858	0.1563454630610812	1.0	0.0	1.0	0.0	1.0	1.0	0.0	1.0	0.0	1.0	6.0
2750000	1.1972743860249109	1.2990361382841513	1.6232821280490686	0.6722233393273569	1.6266083903689454	1.3196502664032748	0.2017345255040199	1.9494452940646396	0.3250505393965453	0.2188530204631285	1.0	0.0	1.0	0.0	1.0	1.0	0.0	1.0	0.0	1.0	6.0
3000000	0.8028042817124053	0.4209500167059989	1.526964697074166	0.1392365755672674	1.0226016922249341	1.0792923453324823	1.0552682850361808	0.9823023936023733	0.22398034849961596	0.3096299177467553	1.0	0.0	1.0	0.0	1.0	1.0	0.0	1.0	0.0	1.0	6.0
3250000	0.4341442761741509	0.7621966316845818	0.7706461156976788	1.1635735073383653	0.504791853298503	1.0980103403372032	1.2411517704225197	0.6716374960919239	0.5408094851143023	0.0986120522498248	1.0	0.0	1.0	0.0	1.0	1.0	0.0	1.0	0.0	1.0	6.0
3500000	0.21744962937693907	0.7846594179523984	1.0856534880923179	0.6388684587510024	0.8615650083456886	0.7205998098512525	2.868322027634822	0.6207581288787117	0.3820664991123037	0.1764391460498184	1.0	0.0	1.0	0.0	1.0	1.0	0.0	1.0	0.0	1.0	6.0
3750000	0.5110705427761087	0.4196417209845808	0.647610101618561	0.3722486485435789	1.03323849128312	0.888834787985529	1.8349812861659072	1.3159337552935633	0.03544157171889255	0.44756603081939567	1.0	0.0	1.0	0.0	1.0	1.0	0.0	1.0	0.0	1.0	6.0
4000000	0.20367512776990224	0.8816706073286298	0.5525580464646057	1.174156006487911	0.9588436808439567	0.9303161018563119	0.04572528148332297	0.7359386995797168	0.043482837643056084	0.17455029068094527	1.0	0.0	1.0	0.0	1.0	1.0	0.0	1.0	1.0	1.0	7.0
4250000	0.39717983575843174	0.059066785650486266	0.5840192872824738	0.08564079388766863	1.3917917007508276	1.2736707655382438	0.4505770776195116	1.072663914699375	2.3401759420646875	0.0751947107020493	1.0	0.0	1.0	0.0	1.0	1.0	1.0	1.0	0.0	0.0	6.0
4500000	0.6732870011791048	0.09876647806031838	0.8803473546428281	0.4081653290498324	1.4598690151300908	1.3989309186547605	0.09653917150727162	1.311429231330061	1.3636316485697673	0.25562028211212123	1.0	0.0	1.0	0.0	1.0	1.0	0.0	1.0	0.0	1.0	6.0
4750000	0.6705323990991046	2.058373957410996	0.9127003839735267	0.5861667109420904	1.2076601713376	1.2526054708685141	1.4816426200472195	1.6481153551063272	0.05216312513544624	0.24701755096463118	1.0	0.0	1.0	0.0	1.0	1.0	0.0	1.0	1.0	1.0	7.0
5000000	0.5382311968586806	0.5187561216889757	1.670819078339331	0.5663899572767728	0.750225051533882	2.553273063511333	1.3142878202565231	2.6212355913056666	0.8105697725489298	0.23133050729881255	1.0	0.0	1.0	0.0	1.0	1.0	0.0	1.0	0.0	1.0	6.0
5250000	0.9337957671652476	0.7830713526515208	2.2714057258263396	0.24180577652813287	2.263788710080473	2.7262814174635452	0.4266373950615051	2.810945120934907	0.4957612623831804	0.12090696820880995	1.0	0.0	1.0	0.0	1.0	1.0	0.0	1.0	0.0	1.0	6.0
5500000	0.7324291325860991	4.29126046808122	1.5938886148992795	0.3923253729989788	1.4008624755593397	1.5871638929415117	0.06440647929995563	1.5671368488424346	1.2277376554695112	0.45111172508636577	1.0	0.0	1.0	0.0	1.0	1.0	0.0	1.0	0.0	1.0	6.0
5750000	0.44935568581901597	0.34397822478218576	0.7898322694059141	1.3921821507709677	2.5662973382283614	2.2480856362233315	1.323035263901155	1.7358833348357825	0.8419847000379679	0.7644515839990846	1.0	0.0	1.0	0.0	1.0	1.0	0.0	1.0	0.0	1.0	6.0
6000000	0.5702728258402752	0.3918153961523417	1.3045199507746053	0.9617302246847301	0.5718599255140349	1.269404251311697	0.4889827654876542	1.7997415895441569	0.784484188719044	0.05317698056488003	1.0	0.0	1.0	0.0	1.0	1.0	0.0	1.0	0.0	1.0	6.0
6250000	0.40519680563631666	0.24573749084794322	1.162048841768739	0.3328264498609731	1.712442238347724	1.3062421654193204	0.23785159555564617	0.9866548326025087	1.3772252462954286	0.06437586495874678	1.0	0.0	1.0	0.0	1.0	1.0	1.0	1.0	0.0	1.0	7.0
6500000	0.525251973351133	1.5617787108044185	0.8834154096019753	1.1534736668176429	1.435122708287353	0.5047942620364733	0.41134600798815973	0.7691162245326114	1.0656652033771667	0.20838741775932343	1.0	0.0	1.0	0.0	1.0	1.0	0.0	1.0	0.0	1.0	6.0
6750000	0.6928075014507687	0.2859142018468912	1.121269764490925	0.2581195350249576	0.7775445339512826	0.8616756364044246	0.6532172437681322	0.428960887280517	0.2890509514692158	0.4908850029714399	1.0	0.0	1.0	0.0	1.0	1.0	0.0	1.0	0.0	1.0	6.0
7000000	0.7430514185122914	2.740684674199841	0.7110971159405778	1.0315526660050998	1.509808062722975	0.740951265469878	3.366298752074174	0.6066882254403501	0.29733469336732704	0.7488931524166326	1.0	0.0	1.0	0.0	1.0	1.0	0.0	1.0	0.0	1.0	6.0
7250000	0.8023156831565391	0.9523506614321	1.150246234940847	0.30485380279791335	1.214498658860638	2.2120317986627427	0.47043487426557246	2.7129892774072064	0.11272283180747068	0.4337432873175333	1.0	0.0	1.0	0.0	1.0	1.0	0.0	1.0	0.0	1.0	6.0
7500000	0.8566321778462505	0.5796844953553718	1.404309178214197	0.02189445500999054	1.9228681099532732	1.9302563726356043	0.46962829892433966	1.8874419377354033	0.5981024834731364	0.5361493744206605	1.0	0.0	1.0	0.0	1.0	1.0	0.0	1.0	0.0	1.0	6.0
7750000	0.6435016598565165	1.1677346294739952	1.6526104244499848	1.1542585678646773	1.5232916774428147	0.9302778124902221	0.9216418219968291	2.185114524953105	0.23569011091717293	0.35976755345886047	1.0	0.0	1.0	0.0	1.0	1.0	0.0	1.0	0.0	1.0	6.0
8000000	1.4001464557498624	0.36898006257531263	0.7443979201605015	0.8373665329411637	1.2725398345666208	0.306056074044442	0.7477259159502553	1.8192995222013149	0.16299527775512665	0.19171587700045634	1.0	0.0	1.0	0.0	1.0	1.0	0.0	1.0	0.0	1.0	6.0
8250000	0.4294583629265424	0.6951546404063023	0.6000327481476649	0.7352679278948306	1.0480484937274785	1.0593465670802917	0.6215515196163178	1.4174012784949301	0.04941578546368892	0.22253190512147858	1.0	0.0	1.0	0.0	1.0	1.0	0.0	1.0	0.0	1.0	6.0
8500000	0.42738435660412805	1.0517859441981807	0.6664222231098741	0.18735478903871686	0.6258076395429175	0.5339740130856561	0.38978295427174936	0.7629086906605757	1.653225969159273	0.19917255536514514	1.0	0.0	1.0	0.0	1.0	1.0	0.0	1.0	0.0	1.0	6.0
8750000	0.20808779594795457	0.1634688190548796	1.5390248108083375	0.5673972117771839	2.2669496410672596	2.117984755333166	0.8384908966063036	2.24354789493549	0.15525656206129135	0.46376411308394144	1.0	0.0	1.0	0.0	1.0	1.0	0.0	1.0	0.0	1.0	6.0
9000000	0.4515380478163259	0.3299493555538133	1.078660075134549	1.602267911466285	0.6776879653663594	0.4660524244544518	0.18422824341008437	0.952149198208048	1.0068137003578284	0.14780937933817695	1.0	0.0	1.0	0.0	1.0	1.0	1.0	1.0	0.0	1.0	7.0
9250000	0.5266760948769201	0.48119273444953503	1.6448891274235062	0.6055440230385593	1.2729752008219462	1.3197193193288856	0.19733648969111844	3.4328967940318296	2.075698399762959	0.6588136833543343	1.0	0.0	1.0	0.0	1.0	1.0	0.0	1.0	0.0	1.0	6.0
9500000	0.2584136453359713	0.28413805012428955	0.9076789638735131	2.0182289054737814	0.27902623606928	0.9039355754077514	0.17509908602579097	1.4471675700166906	0.47724051447020605	0.3562890913136232	1.0	0.0	1.0	0.0	1.0	1.0	0.0	1.0	0.0	1.0	6.0
9750000	0.8617154096616736	0.8202970234648778	1.7721192576687355	0.02060849397323114	2.470302630500989	1.6534982684480606	0.7299327999010434	0.9805876939935628	3.5354553541638003	0.4117515383085331	1.0	0.0	1.0	0.0	1.0	1.0	0.0	1.0	0.0	1.0	6.0
10000000	0.8710346206630274	0.6764913297334956	1.1489401121315381	2.0050196708428567	0.5163873019901053	1.2936400764243534	1.2563667195293688	1.6362973158778966	0.8066865392416602	0.2937889932445111	1.0	0.0	1.0	0.0	1.0	1.0	0.0	1.0	0.0	1.0	6.0
10250000	0.545512621314545	1.4078570233694074	1.4744355531144722	0.08701133791639878	1.081936148026326	1.0414023879370324	0.4498426734952605	0.6820670111908522	2.654670942146358	0.077332264665891	1.0	0.0	1.0	0.0	1.0	1.0	0.0	1.0	0.0	1.0	6.0
10500000	0.3327333405826872	0.9172532070892544	0.8615509127440139	0.36347392628650804	0.43427048502935184	1.0128815353886067	0.9774429166445798	1.304163971358712	0.1629182607050942	0.43695696296566544	1.0	0.0	1.0	0.0	1.0	1.0	0.0	1.0	0.0	1.0	6.0
10750000	0.638854012307962	1.1870506271981427	0.6655636111585359	3.9621420487375683	0.827983291296445	1.5319372200971442	0.33445709551823344	1.3421154849242853	0.1733710715921302	0.4966849997977923	1.0	0.0	1.0	0.0	1.0	1.0	0.0	1.0	0.0	1.0	6.0
11000000	0.41161987393786986	3.7653151182327598	0.8756200035753132	1.2185258783562536	0.5125131489553653	0.6896961441998601	0.43636958698909334	0.5007150676809092	0.42342668038685677	0.401204297302897	1.0	0.0	1.0	0.0	1.0	1.0	0.0	1.0	0.0	1.0	6.0
11250000	0.6039392868521419	0.5160722278979233	0.7507637313082406	1.265414708010768	1.4817478964627007	0.826615145977023	0.9972694050578838	1.412357585438918	3.6104380856328606	0.7705060265555524	1.0	0.0	1.0	0.0	1.0	1.0	0.0	1.0	0.0	1.0	6.0
11500000	0.37388046078349346	0.012210305275907954	0.7647805380464708	0.2555624964246795	1.246735802687231	1.1208241016540872	0.30472901668592395	1.1973935835259026	3.6177456946509725	0.6812133952964531	1.0	0.0	1.0	0.0	1.0	1.0	0.0	1.0	0.0	1.0	6.0
11750000	0.48100604179433293	1.015050487904752	1.3077303894951822	1.3401159281706618	0.7913368441916485	0.8954442806183431	0.43408478915058574	0.5762396238741008	0.07312279688260861	0.22509512749536953	1.0	0.0	1.0	0.0	1.0	1.0	0.0	1.0	0.0	1.0	6.0
12000000	0.23483891046888286	1.475579656852206	1.161828487536782	0.4121185374096848	1.0963376773509586	1.1425607540698213	2.003300380355232	1.6140015806296715	0.2046680092541819	0.6411369345545703	1.0	0.0	1.0	0.0	1.0	1.0	0.0	1.0	0.0	1.0	6.0
12250000	0.46939721869069023	1.395679231613238	1.9229573029317626	2.3785794665372544	1.2349225416055607	2.111851143133182	0.07949083524452268	2.5193410613624843	0.05241792643636357	0.4031140664808734	1.0	0.0	1.0	0.0	1.0	1.0	0.0	1.0	1.0	1.0	7.0
12500000	0.45127954668644116	0.4126768606590123	0.8966869669947867	0.0857012995179329	0.2610805719250658	1.3970297639223368	0.8848963212268018	0.8086896305802891	0.017869210024868076	0.1553400759234404	1.0	0.0	1.0	0.0	1.0	1.0	0.0	1.0	0.0	1.0	6.0
12750000	1.1939785396287255	0.6758058957546561	1.2116121452251367	0.2649915179843206	1.7077138990678171	3.5316787065016024	0.7205877077775333	2.8149377865226843	0.5296413136587919	0.24710323455983044	1.0	0.0	1.0	0.0	1.0	1.0	0.0	1.0	0.0	1.0	6.0
13000000	0.25639843429302656	0.6205006249765341	0.7199314930823861	0.24213394650374037	1.6827528006900256	1.205799100927619	1.6731127460673567	0.8184518681363782	0.4190095100637026	0.5385115734745313	1.0	0.0	1.0	0.0	1.0	1.0	0.0	1.0	0.0	1.0	6.0
13250000	0.23361020701663074	1.1257290908822717	1.291004530665944	2.047719717914905	0.5837346393720472	0.9428573662023998	0.9979957745225497	1.7976104620871036	1.9254100612238196	0.5855258893355177	1.0	0.0	1.0	0.0	1.0	1.0	0.0	1.0	0.0	1.0	6.0
13500000	0.5179321406473388	1.5348595107294096	0.4428744384164004	0.7257276020112162	0.1966649369026259	1.156701298052376	1.2779302195724398	1.2229449808976192	0.22949663320596203	0.4991116999156815	1.0	0.0	1.0	0.0	1.0	1.0	0.0	1.0	0.0	1.0	6.0
13750000	0.29643861643317787	1.3156202605101934	0.5562706799092533	2.3939003782513955	0.4195573960090495	0.9335500530999349	0.20844803951299737	0.7524770694402817	0.18942698042276732	0.32756989204720843	1.0	0.0	1.0	0.0	1.0	1.0	0.0	1.0	0.0	1.0	6.0
14000000	0.25196627889908646	0.18285717429005452	0.5920434504871257	5.09367544276922	0.5194638699715358	1.2020646977920104	2.453224350432396	0.7873861772615142	0.5548334337454639	0.15431358201324055	1.0	1.0	1.0	0.0	1.0	1.0	0.0	1.0	0.0	1.0	7.0
14250000	0.5680086424458706	1.570138807687116	0.8622354073242497	1.521002680414132	0.4759545185104645	1.436536227597098	1.6936857609492078	1.098528116874632	0.10066857620273995	0.11754282236740288	1.0	0.0	1.0	0.0	1.0	1.0	0.0	1.0	0.0	1.0	6.0
14500000	1.1566012590331125	1.2304207323574792	1.3972183899795287	0.28650567128110577	1.2684262776700266	2.2614945543745426	1.3662935537511067	2.7846161090234807	0.3296006761437427	0.4512107606883129	1.0	0.0	1.0	0.0	1.0	1.0	0.0	1.0	0.0	1.0	6.0
14750000	0.8203562355852319	0.04602034483821218	2.3304499036282933	1.4855790373935323	0.7711427365237049	1.2604481733348922	0.10605861146758386	1.7898954167041947	1.5124473069406235	0.3588015218989682	1.0	0.0	1.0	0.0	1.0	1.0	0.0	1.0	0.0	1.0	6.0
15000000	0.5134395126233127	1.3983776086899051	0.5788252148167782	0.31427501207895947	1.313821673852336	1.2570012818043172	2.3184451676907494	1.2761961155168118	0.3701408621379004	0.6719715596606322	1.0	0.0	1.0	0.0	1.0	1.0	0.0	1.0	0.0	1.0	6.0
15250000	0.20047265848440343	1.1496641037240092	0.39938745328897	0.2808695879237636	0.1945559793913722	0.7507382231683314	0.3330698472940594	1.0516881979145225	0.33394716098972405	0.25285333917494685	1.0	0.0	1.0	1.0	1.0	1.0	0.0	1.0	0.0	1.0	7.0
15500000	0.10955709714498917	1.3822071115817727	0.4659356759453034	0.13594212723287558	0.7096912806395932	0.587717676729135	1.6753401805020973	1.4564332983736448	3.0250313701417655	0.1853851676134011	1.0	0.0	1.0	0.0	1.0	1.0	0.0	1.0	0.0	1.0	6.0
15750000	0.8624541869937407	0.10280622984283974	1.4760546870826916	0.09060936126609342	1.435990105626524	1.480677078957066	0.08176266072505223	0.9151197408501105	0.07084185253627434	0.27232739961742003	1.0	0.0	1.0	1.0	1.0	1.0	0.0	1.0	0.0	1.0	7.0
16000000	0.14854365664049787	0.17856511755661558	1.0266143781110775	0.03597995737689619	0.38125762224285475	0.8767446019746257	0.2763117353862853	0.504542566092033	0.1266812604463302	0.046287710280933515	1.0	0.0	1.0	1.0	1.0	1.0	0.0	1.0	1.0	1.0	8.0
16250000	0.3239762321134331	1.6931161585212882	1.335693603380909	1.7372481990425606	0.4877697442190604	1.4069643986099916	0.7789157904694582	1.4303702965870317	1.4567079565354553	0.6130000970794843	1.0	0.0	1.0	0.0	1.0	1.0	0.0	1.0	0.0	1.0	6.0
16500000	0.5250235076208095	0.2716491269714322	2.9066961453329996	0.39961361378388743	1.4466718633429514	0.96291458778509	2.0548468248855096	2.4218472251816334	0.033958355282471576	0.5995934541209634	1.0	0.0	1.0	0.0	1.0	1.0	0.0	1.0	0.0	1.0	6.0
16750000	0.36982100293427017	2.057258310539713	1.0165253125345977	0.19710093273310253	0.8893760775336967	1.2233582659314959	1.6123500583869481	2.0107804106084	0.7229630773571047	0.8874025082923158	1.0	0.0	1.0	0.0	1.0	1.0	0.0	1.0	0.0	1.0	6.0
17000000	0.3568575261970915	1.0029116079475566	0.6990671283668791	2.663458530695083	1.3967797451737636	1.1019420254517196	1.8025661213608764	2.0232450096868164	1.7090284251099643	0.14355494020537446	1.0	0.0	1.0	0.0	1.0	1.0	0.0	1.0	0.0	1.0	6.0
17250000	1.1089798249088048	1.8509029878558476	0.8663095070851349	0.33495575926709537	0.9265553879650325	1.4443996550320064	0.07232291673431465	1.7460133468382388	0.17889010797189245	0.39828478808964435	1.0	0.0	1.0	0.0	1.0	1.0	0.0	1.0	0.0	1.0	6.0
17500000	1.423327226666324	0.7037968939926259	1.8155757444625515	1.162656554980578	2.5798917079335433	2.2975461169121822	6.114302217287749E-4	2.701865615099314	0.6042716567661776	0.6998924742496476	1.0	0.0	1.0	0.0	1.0	1.0	0.0	1.0	0.0	1.0	6.0
17750000	0.546780533737562	4.078887128014725	1.9849687248790002	1.1539351245467837	1.4102136946397517	1.0165204650744613	0.3130245934134467	2.1752767479974935	0.9897240994234484	0.6753883657502783	1.0	0.0	1.0	0.0	1.0	1.0	1.0	1.0	0.0	1.0	7.0
18000000	0.13943271134656385	0.47971034861242046	0.9752691344117297	0.7610956184936247	0.4084176363072526	0.8860490245232953	1.1850871277583157	1.3782414209678404	1.3403731970866026	0.2213239626911291	1.0	0.0	1.0	0.0	1.0	1.0	0.0	1.0	0.0	1.0	6.0
18250000	0.2515830331408892	1.9779609107313354	1.2000549178059114	0.023964844542932576	2.503004387363958	2.683007291171306	0.6397421665582292	2.500341713063998	0.25716506040006415	1.3949861100886385	1.0	0.0	1.0	1.0	1.0	1.0	0.0	1.0	0.0	1.0	7.0
18500000	0.37211240745518376	1.2108168049921073	0.6306514617710477	1.7488085574438956	1.0637101137386757	1.3061285081330967	1.0688254851117729	2.8939028956300894	0.6526235062873394	0.024172701985591523	1.0	0.0	1.0	0.0	1.0	1.0	0.0	1.0	1.0	0.0	6.0
18750000	0.5242955214874193	2.681453727623438	0.5669002894218301	0.018460778767383657	0.9224519444049325	1.5434731519840665	0.9797791345732216	2.332852576567206	1.057546614119909	0.10565932289058934	1.0	0.0	1.0	0.0	1.0	1.0	0.0	1.0	0.0	1.0	6.0
19000000	0.6018508100701463	0.5991930850142646	0.8128133526723405	0.06286323263387904	2.247932788153071	1.8585849758402444	2.459819560791291	2.258578918922802	1.8467420247136817	0.4740666952844469	1.0	0.0	1.0	0.0	1.0	1.0	0.0	1.0	0.0	1.0	6.0
19250000	0.2677737854291668	0.21105947677026027	0.45422009803116514	0.09633233191519663	0.7905945174451916	0.7668129885026718	0.6511763911836512	0.897872321997578	0.6612657101858804	0.2700454472790155	1.0	0.0	1.0	0.0	1.0	1.0	0.0	1.0	0.0	1.0	6.0
19500000	0.30157131941320037	0.25147704644746477	0.8777118599595067	0.0059337822062019195	0.9929455425552844	0.7720183217726986	0.3871628555064097	2.2180225705598446	0.37168322039038304	0.28009834626497293	1.0	0.0	1.0	0.0	1.0	1.0	0.0	1.0	0.0	1.0	6.0
19750000	0.2580856274176067	0.03855688868380928	1.328417096764465	1.523335388362122	1.255053158015876	1.6359297847020116	0.8100225657720924	1.5028106184539503	4.308127649429142	0.34586154436059735	1.0	0.0	1.0	0.0	1.0	1.0	0.0	1.0	0.0	1.0	6.0
20000000	0.3196384114041283	1.862363216266726	1.021682762004789	1.4263271614950572	1.208931041933487	1.551041128230369	0.1417073756184822	1.1614616161152989	0.056632940951234195	0.8579709622701489	1.0	0.0	1.0	0.0	1.0	1.0	1.0	1.0	0.0	0.0	6.0
20250000	0.24504744049898167	8.55317533452863	1.1812166884250896	1.6660904629177398	0.9545625479150244	1.8392342324246236	0.07647949831786291	1.364468972740532	0.225817430904043	0.16843797800712693	1.0	0.0	1.0	0.0	1.0	1.0	0.0	1.0	0.0	1.0	6.0
20500000	0.7200229987536877	1.035471140935563	1.6517638002387778	1.8015422030277184	1.9018261183364376	1.0363935237500554	0.27637381146439627	2.7830102245593693	1.0875716315050137	0.7016805927827896	1.0	0.0	1.0	0.0	1.0	1.0	0.0	1.0	0.0	1.0	6.0
20750000	0.11194681113539866	0.3598730852930039	1.3080104429549904	1.970452535966321	0.25258230079669264	0.6869436874813136	1.7762031227739652	1.4188054479721721	3.735940483393126	0.08447098488360266	1.0	0.0	1.0	0.0	1.0	1.0	0.0	1.0	0.0	1.0	6.0
21000000	0.723133455576505	3.333886372994977	0.8953131026561171	0.46016842104741024	0.5698205574695386	1.4609195896451153	1.5639641355726488	2.4402384424087837	0.44406243261701556	0.25726311841427524	1.0	0.0	1.0	0.0	1.0	1.0	0.0	1.0	0.0	1.0	6.0
21250000	0.7351850095493686	0.12229800753658686	2.879184003013055	0.15610004359121388	1.5698056118302173	1.5905171269814105	0.0094086158973468	4.225110748215743	0.7665523211674056	0.5444131849921525	1.0	1.0	1.0	1.0	1.0	1.0	0.0	1.0	0.0	1.0	8.0
21500000	0.30859538445686946	0.029061566267520742	0.5239401997996608	1.1645113006826948	0.083265721725269	0.4167909471284622	0.9690294854307994	0.666854728982975	0.6590401227242371	0.18468667983946072	1.0	0.0	1.0	0.0	1.0	1.0	0.0	1.0	0.0	1.0	6.0
21750000	0.2760578028107023	1.0489582270290299	0.6373484196757037	0.0730687638602757	0.7247878326241712	1.4976348987712187	0.9152428656476137	0.8519159772092122	1.746670972707387	0.3602087597832464	1.0	0.0	1.0	0.0	1.0	1.0	0.0	1.0	0.0	1.0	6.0
22000000	0.272601535844119	1.528671240870208	0.6749250105511551	0.1215090946250049	0.4448199179898152	1.2042584830545466	0.6819280561259536	0.8726749588815076	0.007173671645480816	0.05124109717172923	1.0	0.0	1.0	1.0	1.0	1.0	0.0	1.0	1.0	1.0	8.0
22250000	0.7691791120355062	3.7165209705170787	1.0035566859542242	0.17503858065348854	1.365492917222069	0.6211198657935145	0.27758066605406473	2.3341247242107097	0.05981351414172328	0.34236346271092283	1.0	0.0	1.0	1.0	1.0	1.0	0.0	1.0	0.0	1.0	7.0
22500000	0.216460732217451	1.5604026932467776	0.8344638986140657	0.0874832540517297	1.2646418014591236	0.9179740158589157	0.9206250384750488	1.064469971399525	0.18260877977708395	0.6400689029784649	1.0	0.0	1.0	1.0	1.0	1.0	0.0	1.0	0.0	0.0	6.0
22750000	0.3713718842125764	0.7265203475893971	0.5455008362073398	0.1617950328903186	0.6399662517313176	0.5004479911805013	0.0945102294828243	1.1674351378691978	0.5046168736448441	0.17143639850820722	1.0	0.0	1.0	0.0	1.0	1.0	0.0	1.0	0.0	1.0	6.0
23000000	0.9759509718722006	0.4598859756270374	0.9204640360633128	0.8810608798767593	1.111370996972892	1.0275402035919208	0.05399340412619203	1.2353876247461968	1.1290804142077608	0.2893517065059886	1.0	0.0	1.0	0.0	1.0	1.0	0.0	1.0	0.0	1.0	6.0
23250000	0.8618298797105441	0.6457462983557518	4.376950805739114	1.1721385389558188	0.8708781289721267	2.1574609194526597	0.376696634028154	3.4128351189944803	2.6982069888440816	0.6344615612907626	1.0	0.0	1.0	0.0	1.0	1.0	0.0	1.0	0.0	1.0	6.0
23500000	0.2735074914998154	0.4529072808018653	1.1073425608379173	1.8428843577210516	0.749856318226148	1.4187130636280125	1.5678796435536528	1.6901215103081406	0.13831867052782848	0.6315318429208847	1.0	0.0	1.0	0.0	1.0	1.0	0.0	1.0	0.0	1.0	6.0
23750000	0.41222525950687366	0.8146118353635305	1.2398393858293804	0.9258967065555258	1.9479346691722177	1.764249129659066	1.191579253374292	1.124838204936811	0.5801671400977153	0.13126891770974955	1.0	0.0	1.0	0.0	1.0	1.0	0.0	1.0	0.0	1.0	6.0
24000000	0.09831838805833643	1.2632456286031646	1.5891392342319244	2.272185776151755	0.825553772080961	1.5438703141128147	0.7790993278415811	1.7190874094926476	0.6937765586452135	0.14095382948092455	1.0	0.0	1.0	0.0	1.0	1.0	0.0	1.0	0.0	1.0	6.0
24250000	0.752762129168691	0.5342023076190078	0.7842004511022143	0.4694163562472025	2.086382709798275	1.5231180816146181	0.15883079369810246	1.9847133192772337	0.7907111962134206	0.5295861464302817	1.0	1.0	1.0	0.0	1.0	1.0	0.0	1.0	0.0	1.0	7.0
24500000	0.5008642036763894	0.6354418539984829	1.5307547254510558	1.4198080299840885	1.034718094537908	1.5631456403955766	0.8103057921210951	3.257438076330845	1.967979251213307	0.3025309033132944	1.0	0.0	1.0	0.0	1.0	1.0	0.0	1.0	0.0	1.0	6.0
24750000	0.12536985040308685	0.30894608000997015	0.3809270797198803	0.08845167966997716	0.29983846741100595	0.7517555638831714	0.5095412383403013	0.44942329908577033	0.12292770093052505	0.2097165938941318	1.0	0.0	1.0	0.0	1.0	1.0	0.0	1.0	1.0	1.0	7.0
25000000	0.36035592486110174	0.3058533968037128	0.7865319364923473	1.2135758863514445	1.221979003769262	1.4524496118224268	0.19573070382560723	1.268489268703805	0.30990430651893175	1.3849173184249448	1.0	0.0	1.0	0.0	1.0	1.0	0.0	1.0	1.0	1.0	7.0
25250000	0.1906035582612507	0.9415820112378466	0.48716736804871386	0.7273480418829957	1.0624837699531753	0.8048865655998237	0.47522586950614876	1.393972898617282	1.1323615626721661	0.5289080628078718	1.0	0.0	1.0	0.0	1.0	1.0	0.0	1.0	0.0	1.0	6.0
25500000	0.6126859301236198	0.38974637558252073	1.9707183584996448	0.22069200225361807	1.5185489382865058	1.9431778004174458	0.5530701042879975	3.0721270170436883	1.2672803874018437	0.26229350136890783	1.0	1.0	1.0	0.0	1.0	1.0	0.0	1.0	0.0	1.0	7.0
25750000	0.31451947073884473	0.6227029758519292	0.6430462269794517	0.9409981748559378	0.6278078048048993	0.6911424738509806	0.16818024885821237	1.4038103786678462	1.1454748193738447	0.1694952898103656	1.0	0.0	1.0	0.0	1.0	1.0	0.0	1.0	0.0	1.0	6.0
26000000	0.2637877483094702	0.3537655273007232	1.7896269126777302	0.1480724182480253	1.3339684882243361	1.2931212099140106	2.2672561424017412	1.286034997636022	0.7571123774830051	0.961638194164761	1.0	0.0	1.0	0.0	1.0	1.0	0.0	1.0	0.0	1.0	6.0
26250000	0.22098870456190867	0.9453282898776666	0.9687432666069979	0.2863414885503259	0.47335707651974995	0.61398500001199	0.4076895886067692	0.8681030038967843	0.1727734119997678	0.3479109201717289	1.0	0.0	1.0	0.0	1.0	1.0	0.0	1.0	1.0	1.0	7.0
26500000	0.6280357347991063	1.281103046181159	0.5372967063909152	0.3407216834804168	1.0979593088508481	0.8722921315208515	0.9090222403250392	1.7974827868703538	1.590642785215822	0.33995128867640034	1.0	0.0	1.0	1.0	1.0	1.0	0.0	1.0	0.0	1.0	7.0
26750000	0.860164130238341	0.5671245932756447	0.935055271152519	0.0016914484136831948	1.0143383302281095	1.4315779862713465	0.3217109960427021	1.4519033768767706	0.6159818449740897	0.5818269321135778	1.0	0.0	1.0	0.0	1.0	1.0	0.0	1.0	0.0	1.0	6.0
27000000	0.22897007134401495	2.3731267695531444	0.4917975933318086	0.0014963448364414124	0.2795282048048189	0.7648128162194144	4.372404764582937	1.3038917371509353	0.7095200024686785	0.1868520052151963	1.0	0.0	1.0	0.0	1.0	1.0	0.0	1.0	0.0	1.0	6.0
27250000	0.21108821704258773	0.06067863532655088	0.7122819484997238	0.4495204731382636	0.44787043855842895	0.41447642333239765	0.685635763560988	0.9979816511549143	1.97806372433992	0.3455216430223816	1.0	0.0	1.0	0.0	1.0	1.0	0.0	1.0	0.0	1.0	6.0
27500000	0.3086269725546372	0.727997178379795	1.0618094913781273	0.5782810557321263	1.1713219536175203	0.7457165304059967	0.6856573477663328	1.1722710128846974	1.3425947978237402	0.6794329792679615	1.0	0.0	1.0	0.0	1.0	1.0	0.0	1.0	0.0	1.0	6.0
27750000	0.6090817337579095	1.1744370452798367	0.8279899694753032	0.8671237935674837	0.6863929167757138	0.8627958563568523	1.819984672734198	1.0849236153154969	0.7918224410079733	0.3369350973580512	1.0	0.0	1.0	0.0	1.0	1.0	0.0	1.0	0.0	1.0	6.0
28000000	0.4719528693359854	1.6069579156257168	1.3279834586601216	1.0345016030515404	0.5986344735476242	1.4677066021743836	2.089122991209009	1.259620433224183	0.04462933343926526	0.8249670562095756	1.0	0.0	1.0	0.0	1.0	1.0	0.0	1.0	0.0	1.0	6.0
28250000	0.4840776635991304	0.3520825504553032	0.8602952743010112	1.386668327807018	0.5407654385025882	1.767473245881442	1.3507331671565443	1.3914096413343107	0.15199916568283037	0.3013856765487484	1.0	0.0	1.0	0.0	1.0	1.0	0.0	1.0	0.0	1.0	6.0
28500000	1.630890117442629	1.804854655832094	3.034396946738761	0.8085112085871851	1.8928552599354262	1.4378099686463197	0.7185495074714896	1.9088761783864607	0.45430267550561554	1.4636247273560155	1.0	0.0	1.0	0.0	1.0	1.0	0.0	1.0	0.0	1.0	6.0
28750000	0.42067886517211306	0.08074831814077392	0.9247372832002457	0.18486860214904605	0.890884458463711	0.38389635629521796	0.8361023013506746	0.2771952480118277	0.03447610998486466	0.4826500121639224	1.0	0.0	1.0	0.0	1.0	1.0	0.0	1.0	0.0	1.0	6.0
29000000	0.1915383167657837	0.4978673245498962	1.0939271335224496	0.26909769894397173	0.8478791739600611	0.7518904098710573	0.0621125289346432	1.7765031585283373	2.2906674764266293	1.0497043561393824	1.0	0.0	1.0	0.0	1.0	1.0	0.0	1.0	0.0	1.0	6.0
29250000	0.3376747004896464	2.6365651266035917	1.078750384930776	0.07037249013586422	0.5024980984476866	1.2363650326453663	0.8350796953861938	0.7107789810230842	0.13656517750928732	0.129320604226747	1.0	0.0	1.0	0.0	1.0	1.0	0.0	1.0	0.0	1.0	6.0
29500000	0.31386108265714785	1.442552695940847	1.0835802694532446	0.7865338800773894	0.6337083213873875	0.9916426371135846	0.21363797168461102	1.8697546266435217	0.11596217094664757	0.5901795797706237	1.0	0.0	1.0	0.0	1.0	1.0	0.0	1.0	0.0	1.0	6.0
29750000	0.3338486264784137	1.683189449727986	1.255403573652784	0.4955339210184284	0.9146113520028423	2.0992504837776043	0.5409016656595474	1.050454537493461	1.1095678262412882	0.4679417009867301	1.0	0.0	1.0	0.0	1.0	1.0	0.0	1.0	0.0	1.0	6.0
30000000	0.5088332961835016	0.8469627068929209	1.1832240142161212	0.18425125958558608	1.2163355246889531	0.7281018708377363	0.30559695438363166	1.5657662793113862	3.124606670623215	0.6451155187930436	1.0	0.0	1.0	0.0	1.0	1.0	0.0	1.0	0.0	1.0	6.0
30250000	0.977972801664341	0.370691890712717	0.7507713784245097	0.37049621922813414	0.8145967873133485	0.7979167926663683	0.10310777720123826	0.700205696874133	0.2986184827214891	0.07433410814519494	1.0	0.0	1.0	0.0	1.0	1.0	0.0	1.0	0.0	1.0	6.0
30500000	0.8674502157073802	2.854958888972822	0.692100112445577	0.45145615334496614	0.980538970724198	0.7140222935958515	0.1947150898107599	1.5024587175210415	1.6588936844064923	1.0371261065308084	1.0	0.0	1.0	0.0	1.0	1.0	0.0	1.0	0.0	1.0	6.0
30750000	0.36042371490293906	0.9284603131428734	0.5884081310155929	0.7391635306388786	0.41465582379948857	0.7310114537108368	6.8831592523189835	1.0860278191106185	0.47311090499420055	0.6505713038760658	1.0	0.0	1.0	0.0	1.0	1.0	0.0	1.0	0.0	1.0	6.0
31000000	0.4285691843613748	0.28057004637147803	1.3507080540790632	0.4547833828642499	2.8458306854148288	2.1939163310928778	0.30637878454257605	5.168258459735563	0.1474440382574748	0.9499557670973229	1.0	0.0	1.0	0.0	1.0	1.0	0.0	1.0	1.0	1.0	7.0
31250000	0.23780570545367538	0.9369996780998777	0.43148309467565726	0.400037560495183	0.7675273631366428	0.5796606281145739	0.4608391811429368	0.811171938115142	0.08855826623096436	0.12473776754172337	1.0	0.0	1.0	0.0	1.0	1.0	0.0	1.0	0.0	1.0	6.0
31500000	0.20543391644954787	1.0255013592591986	0.8076782099528288	4.005560283428035	1.3528601005366805	0.8394372307355025	0.16224880833682173	1.1225105742311974	0.26760405539691806	0.26589431474030706	1.0	0.0	1.0	0.0	1.0	1.0	0.0	1.0	0.0	1.0	6.0
31750000	0.14021210062346073	0.11298042031557069	0.34390338402183923	0.8617583700606916	0.4567388071026683	0.6215840571367557	0.9117464199160658	0.36061723862266276	1.66204420896174	0.08060709946975136	1.0	0.0	1.0	0.0	1.0	1.0	0.0	1.0	0.0	1.0	6.0
32000000	0.3627110174352147	1.9003937229841776	1.0236398838779641	0.6966510956280216	0.9331314357852742	0.8085746512709043	0.16667413150387986	2.7248361441908506	0.28599729537147284	0.3638271599635775	1.0	0.0	1.0	0.0	1.0	1.0	0.0	1.0	0.0	1.0	6.0
32250000	0.9362074066019247	1.0271930033955132	1.1292203312573081	0.04526688366864876	0.45097434600794417	0.9831752111952352	0.08754652768637057	2.877264200281195	0.06811782049817525	0.45436598312411114	1.0	0.0	1.0	0.0	1.0	1.0	0.0	1.0	0.0	1.0	6.0
32500000	0.11047345928742958	2.11407716705288	1.0697947572038138	1.8817314437894086	0.7412854496384947	1.2252742339223284	0.5392758036969127	1.2493838839986406	1.8869620740730373	0.3609222126620877	1.0	0.0	1.0	0.0	1.0	1.0	0.0	1.0	0.0	1.0	6.0
32750000	0.30495014849632834	0.7150749776622759	0.35578037435695625	2.7021844637291395	1.0397838350524198	1.1747645202407473	0.2822934073495332	0.84105640937498	2.709368185414597	0.5486672773507998	1.0	0.0	1.0	0.0	1.0	1.0	0.0	1.0	0.0	1.0	6.0
33000000	0.459683656688573	0.13540255744362553	0.6655580544473367	0.06554565473430443	1.0881335627543451	0.9214317884258821	0.4389922051386673	1.1244199943344904	0.34643152406070693	0.131784783989608	1.0	0.0	1.0	0.0	1.0	1.0	0.0	1.0	0.0	1.0	6.0
33250000	0.6319721589470955	0.8140999114563325	1.491317605094142	1.9282322430050054	0.9470116296806329	1.5564554813652638	0.15105568934541252	2.9152411777825495	0.06498192362774735	0.5377695572375849	1.0	0.0	1.0	0.0	1.0	1.0	0.0	1.0	0.0	1.0	6.0
33500000	0.15457824651007737	0.743012180656522	0.3041433599339259	1.0671996586794277	0.18389092977132243	0.2550006002325007	4.445519456533152	0.4334624635695817	1.9523278158575166	0.06666490132869607	1.0	0.0	1.0	0.0	1.0	1.0	0.0	1.0	0.0	1.0	6.0
33750000	1.085594016329349	0.2737966233644286	2.405412581796136	2.6771985165022665	1.4639586152987625	0.9084365188160303	0.19553168878903537	2.6437186612447627	0.3283075007192035	0.5185528631855668	1.0	0.0	1.0	0.0	1.0	1.0	0.0	1.0	0.0	1.0	6.0
34000000	0.26759717086778756	4.157035131458457	0.9438685092322681	2.232885670089938	1.1555720145411341	0.8511217618056829	1.0952803810143468	1.256024780051734	0.8125907777457351	0.331293737883174	1.0	0.0	1.0	0.0	1.0	1.0	0.0	1.0	0.0	1.0	6.0
34250000	0.16721226001533565	0.1351649773793861	0.45156863484767823	5.8653181600290365	1.1149012622715087	1.0239470359755096	0.03097767942416172	1.538002801360928	0.6395071239677442	0.35418629051731876	1.0	0.0	1.0	0.0	1.0	1.0	0.0	1.0	0.0	1.0	6.0
34500000	1.1894104139608188	2.209551024074021	1.4246562497786073	0.13059005208815347	0.8889118454854262	1.1938126532184818	0.35436749765493814	3.2734335599699897	0.0026197940406416697	0.10569774173075058	1.0	0.0	1.0	0.0	1.0	1.0	1.0	1.0	1.0	1.0	8.0
34750000	0.44189173595800985	1.1893862472636174	1.3387831056135313	2.409700856062399	1.3142299176599712	1.452730271456546	0.024290514964801536	1.8107049456914412	0.5110137321420307	0.18164811629992855	1.0	0.0	1.0	0.0	1.0	1.0	0.0	1.0	0.0	1.0	6.0
35000000	0.5755760460080571	0.5690025362532608	1.309957326176905	1.2568548169687148	1.9426331622873627	2.1598133088598095	0.05965086752893976	1.0860419160643968	0.40817795323249606	1.1050563827840088	1.0	0.0	1.0	0.0	1.0	1.0	0.0	1.0	1.0	1.0	7.0
35250000	0.43601774812003036	1.280106930420198	1.5860498275319876	0.5508053000358348	1.2220757558663096	1.3779060405002224	0.11032000377932502	2.1251760088000275	2.059935943358741	0.3255836953978106	1.0	0.0	1.0	0.0	1.0	1.0	0.0	1.0	0.0	1.0	6.0
35500000	0.16003542345649943	0.5106601965173807	1.2477466815563119	1.0705633872715834	0.7317648220911209	2.4024307799240736	0.013334215805661227	2.6349670041049156	0.6691748601442831	0.10403310600537989	1.0	0.0	1.0	0.0	1.0	1.0	0.0	1.0	0.0	1.0	6.0
35750000	0.9064998675746856	3.9647881725173204	1.6595763060237567	0.32869059657406763	1.0835719287595658	0.8752320037801603	0.4832189104139966	2.3787466746044394	1.0134957483041063	0.5016382263191821	1.0	0.0	1.0	0.0	1.0	1.0	0.0	1.0	0.0	1.0	6.0
36000000	0.636152913611354	0.197709405893625	1.0389888755445913	1.255739155301551	0.4480065003194799	1.5322002504066834	0.2609429121033293	1.1715733577250593	0.33496539252767527	0.2813155303750274	1.0	0.0	1.0	0.0	1.0	1.0	0.0	1.0	0.0	1.0	6.0
36250000	0.4504577304940545	1.0078159783379306	0.5897318496401665	3.1697229267647757	0.9986558798796782	0.9630060294676743	0.298290466433286	2.2242016294580162	0.4780707698393324	0.6852125461252079	1.0	0.0	1.0	0.0	1.0	1.0	0.0	1.0	0.0	1.0	6.0
36500000	0.27877763123880683	1.4960984067983472	0.6946647453270534	0.3217879492771342	0.47105976456678567	1.1675030094038512	0.6172429181508634	1.0017149390666795	0.001813543916310133	0.4697358428028512	1.0	0.0	1.0	0.0	1.0	1.0	0.0	1.0	0.0	1.0	6.0
36750000	0.47474703331614965	1.200395013815267	1.1120330319701264	1.304892175732178	0.49506960824852536	0.6677522257771698	0.20437028954868036	1.7196306950116123	0.719477127391744	0.47653610848049893	1.0	0.0	1.0	0.0	1.0	1.0	0.0	1.0	0.0	1.0	6.0
37000000	0.256123505420272	0.9811461999167511	1.1446470870620848	0.35830484593910494	0.9641436510252146	1.1145658800722336	0.7263801674473481	2.0421382284389127	3.0321342694582567	0.18496973920004553	1.0	0.0	1.0	0.0	1.0	1.0	0.0	1.0	0.0	1.0	6.0
37250000	0.3563666364044263	0.17313494666978888	0.4212662486274968	0.0911085595320553	0.45563128364856226	1.0356896790001435	0.7868673030243148	0.9976441254832974	1.6819143398717349	0.1890513991458025	1.0	0.0	1.0	0.0	1.0	1.0	0.0	1.0	0.0	1.0	6.0
37500000	0.6679262978392349	0.7247487368312233	1.4426587672730802	0.10732081163817432	0.8411284558151836	0.8216799647052541	1.4662653563127408	1.1002129814266695	1.8558508640572517	0.16861958574605918	1.0	0.0	1.0	0.0	1.0	1.0	0.0	1.0	0.0	1.0	6.0
37750000	0.20933282187446206	0.978827805825235	0.9364485214572895	0.34694417166523184	1.2605579841765469	0.9932957790827794	0.8808373902378674	1.1200825890738066	0.2811009279352447	0.11773274385669596	1.0	0.0	1.0	0.0	1.0	1.0	0.0	1.0	0.0	1.0	6.0
38000000	0.2273042256825387	0.013489367980187532	0.42962845416303436	0.7751924139675594	0.6821921904483306	1.3232769907077417	1.5310414035862054	1.7203531183491663	0.49333632737915883	0.690704739851663	1.0	0.0	1.0	0.0	1.0	1.0	0.0	1.0	0.0	1.0	6.0
38250000	0.9559634087536857	0.20899739088965621	1.4722360140395254	4.816317361448733	0.5179732090532938	1.7055202227533939	0.09469769807907319	3.139113517484926	0.7945635297399005	0.14055254260735692	1.0	0.0	1.0	0.0	1.0	1.0	0.0	1.0	0.0	1.0	6.0
38500000	0.4901868579654084	0.246611869472091	1.6895215235305987	1.662704745944765	1.1445531239160427	1.3295355162618896	0.6745341335147579	2.9314191861963645	0.25650456834524366	0.5240874384864911	1.0	0.0	1.0	0.0	1.0	1.0	0.0	1.0	1.0	1.0	7.0
38750000	0.5529534068770504	0.01761297614164346	1.5957056040680189	2.1240839192536445	0.6949367041660962	1.5888384999746248	2.4156917046164756	2.159787862634476	0.029252157110527432	0.14292638771977545	1.0	0.0	1.0	0.0	1.0	1.0	0.0	1.0	0.0	1.0	6.0
39000000	0.05453229200544095	0.2279698933986334	0.2702076506562836	1.4035419947931158	0.6669507283803123	0.3278983880178765	0.06431055518315866	0.9130049598698339	0.27080241403205957	0.17464747507037615	1.0	0.0	1.0	0.0	1.0	1.0	0.0	1.0	0.0	1.0	6.0
39250000	0.29577659163153713	0.2130831838071904	1.6168296100511972	0.679740078483133	0.5504111886488757	0.6975753809662335	0.9950923971444603	1.148233826683413	0.19226071262383668	0.13867805340896813	1.0	0.0	1.0	0.0	1.0	1.0	0.0	1.0	0.0	1.0	6.0
39500000	0.5370029606834316	0.06728576802526644	1.2809222068696886	1.0725607146268914	2.0714905736596663	0.9075864536708597	1.0337890362408917	1.3627138630383762	0.14660024623395482	0.30865564651213667	1.0	1.0	1.0	0.0	1.0	1.0	0.0	1.0	0.0	1.0	7.0
39750000	0.5563010197768586	1.4630978624161328	2.335019140414584	0.03216923037541099	1.6491800017796028	2.1206421491049596	2.395956748181038	2.573267756049395	1.508474935106227	0.0880929984425012	1.0	0.0	1.0	0.0	1.0	1.0	0.0	1.0	0.0	1.0	6.0
40000000	0.2193057407559076	0.9268010205903664	1.5147472889090052	1.341483918554205	1.1285801710344157	1.0291406905448182	1.7531019753664416	1.5080709202183564	0.13014451390325468	0.08370307074825138	1.0	0.0	1.0	0.0	1.0	1.0	0.0	1.0	1.0	1.0	7.0
40250000	0.3724154879085114	0.18603233551900333	1.0990621581588962	0.18491120682566545	1.1134730925930885	1.329037261686915	3.178607605966689	1.4457334424476695	0.6599276048320214	0.5703851980790783	1.0	0.0	1.0	0.0	1.0	1.0	0.0	1.0	0.0	1.0	6.0
40500000	0.12399684568551576	0.31897491189961996	1.0419533791110986	1.1005040920893796	1.0529265449188354	2.0863858975456853	3.385067870853142	1.3099261999538987	0.7457313860651323	0.31918682537575943	1.0	0.0	1.0	0.0	1.0	1.0	0.0	1.0	0.0	1.0	6.0
40750000	0.08322546989896612	0.4445973852359127	0.8035226430667127	1.1972134846094118	0.8073101373557616	1.2268142064069871	1.8113163431349733	1.3130951015563435	2.092262160233569	0.23291998185536367	1.0	0.0	1.0	0.0	1.0	1.0	0.0	1.0	0.0	1.0	6.0
41000000	1.5440393561096162	1.459827977584572	0.7949557948019641	0.05040075583173567	2.445519827899948	1.8509518858593212	0.4519933911428824	2.1528150395898322	0.08427928081744314	0.4946811197541742	1.0	0.0	1.0	0.0	1.0	1.0	0.0	1.0	0.0	1.0	6.0
41250000	0.5914581272484106	0.3425345950233768	0.9428356719928243	1.2800121425324877	1.5188425622060147	0.7338608829163007	0.5221683568847756	1.6321985372255063	0.45925814260701425	0.3503252412516187	1.0	0.0	1.0	0.0	1.0	1.0	0.0	1.0	0.0	1.0	6.0
41500000	1.6324496267241175	0.5125408495318893	1.718206792113689	0.061342165419730324	1.3133457155492205	1.3760105783971792	1.9677612310131576	1.9552367687773513	0.2948384729356632	1.0583582259281663	1.0	0.0	1.0	0.0	1.0	1.0	0.0	1.0	1.0	1.0	7.0
41750000	1.1398317380510476	0.42850094597359406	2.1374373934712545	0.4502104820842793	2.3606040457072743	0.8947189443536614	0.03003661152485935	1.9538162895748519	0.5009999389612528	1.6676280169977284	1.0	0.0	1.0	1.0	1.0	1.0	0.0	1.0	0.0	1.0	7.0
42000000	0.7850084470556983	0.9094034234099554	1.1846453985602692	0.8202794570829866	0.7972802218364482	0.666477643064354	0.7580705459363228	0.5644555116269303	0.05108019465614865	0.4242273175013449	1.0	0.0	1.0	0.0	1.0	1.0	0.0	1.0	1.0	1.0	7.0
42250000	0.809399546731775	0.8756961484988643	1.0824344578208054	0.8759435559062227	0.7062622933336069	2.5475021041429606	1.2151726377756698	2.858251957888544	1.085358978959508	0.22862303570666337	1.0	0.0	1.0	0.0	1.0	1.0	0.0	1.0	0.0	1.0	6.0
42500000	0.4734593506392071	0.004621574883349179	1.1601394718633657	0.3022557359825104	1.1474296892310987	1.1722938163476906	0.6254109090585529	2.9748983307599794	1.0032455402701757	0.2238858246693111	1.0	0.0	1.0	0.0	1.0	1.0	0.0	1.0	0.0	1.0	6.0
42750000	0.7486513346401007	2.146579362688634	1.617541681483463	0.06898485229984115	1.134738664287844	0.7555990719088779	0.06100802368960394	1.9010815003330852	1.097757853179471	0.26925579112344006	1.0	0.0	1.0	0.0	1.0	1.0	0.0	1.0	0.0	1.0	6.0
43000000	0.9846666408578271	0.7672594853704926	2.2993998068143866	0.31881125226651386	1.7143798896052242	2.1863724291227	0.310914606138882	3.106865992352732	1.2355730645082974	0.3522755738934572	1.0	0.0	1.0	0.0	1.0	1.0	0.0	1.0	1.0	1.0	7.0
43250000	0.17983975232330002	0.5862728959120719	0.3046658571317533	0.4848690682900238	0.7078092359617044	1.284088652196171	0.011883827997267301	1.1779668103977332	0.6472391999143685	0.4338309882206996	1.0	0.0	1.0	1.0	1.0	1.0	0.0	1.0	0.0	1.0	7.0
43500000	1.2288677007218471	1.209359323884765	1.0747567829465274	0.5189588271709679	0.6894693279622824	0.8904175543804662	1.027538218883	1.6179290669702138	0.13771117665377286	0.20810001463762423	1.0	0.0	1.0	0.0	1.0	1.0	0.0	1.0	0.0	1.0	6.0
43750000	0.5065479774892696	0.027398687552423435	1.1741379752068488	0.2559863845612886	0.8051464998879845	1.071789879671661	0.21291923659452086	1.2613216829671963	0.03932560449832385	0.607919517307531	1.0	1.0	1.0	0.0	1.0	1.0	0.0	1.0	0.0	1.0	7.0
44000000	0.4401777592302517	1.1540495262041157	0.6577974256030449	1.000395330404371	0.7230850509318268	1.0983661693220155	1.3883240161267507	0.7562519537073532	0.11585035235927066	0.3937145441889048	1.0	0.0	1.0	0.0	1.0	1.0	0.0	1.0	0.0	1.0	6.0
44250000	0.6274452668023565	0.2571570412153693	1.659365492098347	0.3807935291029396	1.2724483791666124	1.9334721036163383	0.8900091214762696	1.6100650764723903	1.997245717146875	0.9576295935578782	1.0	0.0	1.0	0.0	1.0	1.0	0.0	1.0	0.0	1.0	6.0
44500000	0.33015418376391215	0.41506827376199984	2.105002083854823	0.6747819758289726	1.2300599370110261	1.9671832062618708	0.0316307422246857	1.9039111370293549	0.26619405652150474	0.147016137072676	1.0	0.0	1.0	0.0	1.0	1.0	0.0	1.0	0.0	1.0	6.0
44750000	0.3626679656437091	0.5848038554974352	2.1840599849386657	0.5828925423828919	1.1489503750178385	1.6024976295732345	0.10836667518003684	2.3769406825562793	0.6841291273871312	1.2595153826322638	1.0	0.0	1.0	0.0	1.0	1.0	1.0	1.0	0.0	1.0	7.0
45000000	0.35276750181379873	0.33282603827026047	0.9150487174602202	0.021352586786407148	0.8748807643915368	1.661069912986156	1.0706725015855036	1.7250385799425225	1.4803104930545636	0.361702516254939	1.0	0.0	1.0	1.0	1.0	1.0	0.0	1.0	0.0	1.0	7.0
45250000	0.9042892500070823	2.6970388641247562	1.7185176625064538	1.5835289097855854	1.360512052953333	1.231503612720758	0.5085557589468234	1.8290850093562725	1.997139774178119	0.20639856397936884	1.0	0.0	1.0	0.0	1.0	1.0	0.0	1.0	0.0	1.0	6.0
45500000	0.30050200673832506	0.17174564968848913	0.6150471397663662	0.8549993615138488	0.6316303238346255	0.7582733813428454	0.4188436635933485	0.8318013162857851	0.2524618585361054	0.32813063383888397	1.0	0.0	1.0	0.0	1.0	1.0	0.0	1.0	0.0	1.0	6.0
45750000	0.5574089491213124	0.2802182703215111	1.8540006561707572	0.32723572879197904	0.487974908070153	2.4921330463272615	0.3858499650402683	2.851658179784446	6.3038727313997205	0.2664059344037762	1.0	0.0	1.0	0.0	1.0	1.0	1.0	1.0	0.0	1.0	7.0
46000000	0.8582050514242923	0.7996520455344261	1.1438143223109563	1.0375909188020402	0.5374791581360268	0.5191569829910291	1.8951890565618483	1.2550612983132097	0.21553002975370456	0.20568144755102655	1.0	0.0	1.0	0.0	1.0	1.0	0.0	1.0	0.0	1.0	6.0
46250000	0.46590374335089196	1.8620709026238877	1.5158887820637328	0.051543859805636076	0.6119837149293753	1.2064119777861828	1.2817659041644263	3.074683067699188	0.40888001263254475	0.794763534633066	1.0	0.0	1.0	1.0	1.0	1.0	0.0	1.0	0.0	1.0	7.0
46500000	0.07198293041198409	0.29459512648728636	0.539264870606066	3.1966129806857015	0.35460675667320796	0.5589205899102231	0.2443729914912535	0.3954381346502715	2.919295754635246	0.39182720043839125	1.0	0.0	1.0	0.0	1.0	1.0	0.0	1.0	0.0	1.0	6.0
46750000	0.21615683613814424	0.10406733670150631	0.6556453502239229	0.10646769511711107	0.4950349028278835	0.3873630882652881	0.15731536465920887	0.948315496903753	0.5465302693513053	0.17780584963442322	1.0	0.0	1.0	1.0	1.0	1.0	1.0	1.0	0.0	1.0	8.0
47000000	0.153924523932405	0.6549975813710629	0.44583233108580883	2.4591328990593295	0.3387517942502853	0.7756817072209803	0.02472017551498068	0.6596449807245609	0.22312444445118582	0.21416685820013925	1.0	0.0	1.0	0.0	1.0	1.0	0.0	1.0	0.0	1.0	6.0
47250000	0.35865321179862425	1.2034270827448212	1.2401257825471306	0.2488919297057467	1.695568861450206	2.7035892778983825	1.3219144676070624	4.002859939849875	0.19368352789467344	0.6701172510857507	1.0	0.0	1.0	0.0	1.0	1.0	0.0	1.0	0.0	1.0	6.0
47500000	1.094398411984818	2.0494530922958836	1.1252472137564453	2.1288688085415814	1.0888705899423992	2.2847094707596938	0.2195938367740748	1.0686173649203736	0.22027400953415974	0.9085796359900956	1.0	0.0	1.0	0.0	1.0	1.0	0.0	1.0	0.0	1.0	6.0
47750000	0.6196653215090232	0.13989815010715334	1.902589480649413	0.05048065173253392	1.4566874844357485	1.1369854539352813	0.04226157956187106	1.732448256422089	1.003532736506589	0.8860370283412998	1.0	1.0	1.0	0.0	1.0	1.0	0.0	1.0	0.0	1.0	7.0
48000000	0.7162633941626604	0.36079405869677955	1.7731074456703864	0.024644979229680328	1.171982401610704	1.8650781155320122	0.6042679018958254	1.8735350886101525	0.008821831927815698	0.39761254504117816	1.0	0.0	1.0	0.0	1.0	1.0	0.0	1.0	1.0	1.0	7.0
48250000	1.2801256955863183	0.823871800343603	0.9605204847943667	0.43443132300671855	1.0120111992165695	1.5887958445929733	1.3509535005577586	1.36163320767996	2.3423117834597167	0.8532525638412017	1.0	0.0	1.0	0.0	1.0	1.0	0.0	1.0	0.0	1.0	6.0
48500000	0.32851555871099875	0.6637344837542912	0.7703893487754092	0.2747861624776088	0.5057865164023965	1.1351489466445113	0.9278325223450631	1.5389687654382511	1.8559519739897565	0.6543769669829159	1.0	0.0	1.0	0.0	1.0	1.0	0.0	1.0	0.0	1.0	6.0
48750000	0.3933195232421271	0.49133258949266395	1.536691001309032	0.4765247022382298	0.8862001509398464	1.3982121905614064	0.4286919558138884	1.6182178919613188	0.028714739360662912	0.24560584715091446	1.0	0.0	1.0	0.0	1.0	1.0	0.0	1.0	0.0	1.0	6.0
49000000	0.2298303587838016	0.6255045707327568	0.4374556275308304	0.415507178800035	0.08791730131465304	0.9302185730285661	0.20925397791506434	0.7102958177350304	1.1536012403076852	0.07910626097634527	1.0	0.0	1.0	0.0	1.0	1.0	0.0	1.0	0.0	1.0	6.0
49250000	0.6198750622408327	1.6983381333969034	2.1574090981170224	0.8742441951714295	3.296348862229211	3.3001322687617662	3.890277521787016	3.049949903553366	0.3616754686577487	0.798446277066874	1.0	0.0	1.0	0.0	1.0	1.0	0.0	1.0	1.0	1.0	7.0
49500000	1.5580860719755945	0.2939270264176807	3.184403662316833	1.0627022729288422	0.5199669290154638	1.7399773013720696	0.624950464871448	3.917960148291421	1.984743310251675	0.4330405239128937	1.0	1.0	1.0	0.0	1.0	1.0	1.0	1.0	0.0	1.0	8.0
49750000	1.305993149582992	0.220431494206391	1.7802925944482386	0.9819834285464308	1.416575671408019	2.9101231554514593	0.042440951394805554	1.9844662683281868	0.4786173181880215	0.6733991564127798	1.0	0.0	1.0	1.0	1.0	1.0	0.0	1.0	0.0	1.0	7.0
50000000	0.17404549222073712	2.424462057008545	1.1262519163292155	1.6234478782866069	0.5415727361256423	0.6306563302598429	0.42583574602186236	1.5438937694420536	1.6243764524070168	0.44511548597636397	1.0	0.0	1.0	0.0	1.0	1.0	0.0	1.0	0.0	1.0	6.0
50250000	0.7800140385602898	3.2274948324825297	0.6770373983908134	0.36129883078168484	0.33996812367586005	0.6822635672748384	1.351455292843304	1.0985679042612262	0.5001162306964134	0.1436368814328182	1.0	0.0	1.0	0.0	1.0	1.0	0.0	1.0	0.0	1.0	6.0
50500000	1.1098975563064588	1.8848467259586361	2.9710237585396864	0.7901290310388251	0.936839715311989	2.1712802779269684	0.6500859478531845	6.0537226478768575	0.2335815682309276	0.868452665463185	1.0	0.0	1.0	1.0	1.0	1.0	0.0	1.0	0.0	1.0	7.0
50750000	0.41892448077149136	0.1309513877972563	1.7266705579148616	0.03317065010987494	0.47109916017666714	1.744235614923743	0.9181927234277815	1.0706712430188632	2.725318086741007	0.5903585342002402	1.0	0.0	1.0	0.0	1.0	1.0	0.0	1.0	0.0	1.0	6.0
51000000	0.9330363500642846	0.03865716194074012	1.7159895486334358	0.6076066705724943	1.0800728129013115	1.6582438176237428	1.2754427304951514	2.0403244180333524	0.9683158426963283	1.4326134067229224	1.0	0.0	1.0	0.0	1.0	1.0	0.0	1.0	0.0	1.0	6.0
51250000	0.4472986385664905	0.9602043133653774	0.5819721632449888	0.08093780876732712	0.941597815960883	0.7772601439919907	2.410239154728021	1.5194624852291094	0.5576050556266785	0.45150912973693696	1.0	0.0	1.0	0.0	1.0	1.0	0.0	1.0	0.0	1.0	6.0
51500000	0.38370341114788503	0.6249474998031918	1.251952621910954	1.9980802185368791	0.8477620065357636	1.2789143513588008	1.8919493379886136	1.442722070277496	0.7328388108186781	0.1506167722357854	1.0	0.0	1.0	0.0	1.0	1.0	0.0	1.0	0.0	1.0	6.0
51750000	0.7406424342735489	0.4401827910171613	1.6589070200660012	0.4357626364384257	1.5754681314618637	1.1361270212006707	1.7028276835676448	2.821044353193793	5.528019864349784	0.0395984703464524	1.0	1.0	1.0	0.0	1.0	1.0	0.0	1.0	0.0	1.0	7.0
52000000	0.37451160504079983	0.15479515139811065	1.6128658369801927	0.051661689028534935	1.1654823310546363	1.567142504124104	0.1275818900000285	3.4278010688136615	0.9068646874074358	0.4993123857053459	1.0	0.0	1.0	0.0	1.0	1.0	1.0	1.0	0.0	1.0	7.0
52250000	0.11350995968989613	1.2039368229237144	0.5650951031914747	0.858417120280283	0.7683197190709097	1.126475298145254	0.1059466144421739	0.8874710812050185	1.239869096531317	0.6249885024698533	1.0	0.0	1.0	0.0	1.0	1.0	1.0	1.0	0.0	1.0	7.0
52500000	0.41918310789398117	0.3764350359622644	2.0515285781958177	1.3143551545634646	0.9054658856163698	1.8535580963396567	4.004170474935382	4.754545158160181	1.1073924008765366	0.3616079255002324	1.0	0.0	1.0	0.0	1.0	1.0	0.0	1.0	1.0	1.0	7.0
52750000	0.3493691868636385	0.8493772274728599	0.9668736622435802	2.4606267080669624	1.103285644085367	0.535598325707482	0.41634618657246675	2.5576330005188193	1.6614981006560174	0.23812218092806506	1.0	0.0	1.0	0.0	1.0	1.0	0.0	1.0	0.0	1.0	6.0
53000000	0.3396006026739804	0.04145739897843061	1.9636742628241668	0.37992229113620124	0.7781696395237361	2.191630984572747	0.13880065170606853	2.152455973404883	1.7735867524221958	0.6462272039199403	1.0	0.0	1.0	0.0	1.0	1.0	0.0	1.0	0.0	1.0	6.0
53250000	0.26885852359823437	1.138135731299355	1.1062051411266574	0.6493194976429693	0.5256546482154788	1.0051683154210462	0.22644394141524074	2.502618534929479	0.5388414469501244	0.236641291849596	1.0	0.0	1.0	0.0	1.0	1.0	0.0	1.0	0.0	1.0	6.0
53500000	0.7873927575331575	1.0756096328021725	2.2919251631320985	0.07571736334821161	0.5839858679909403	2.62050978918532	0.22074069172395835	3.9482605534833635	0.13104368110611173	0.4885217632301242	1.0	0.0	1.0	0.0	1.0	1.0	0.0	1.0	0.0	1.0	6.0
53750000	0.28733833919029267	3.03361891735995	1.085527404748798	0.3548934260348559	0.18691165945272334	0.7122293926516601	0.8088947557880992	1.6738965136610837	0.32060242808016054	0.17593135538308288	1.0	0.0	1.0	0.0	1.0	1.0	0.0	1.0	0.0	1.0	6.0
54000000	0.31198422635115863	0.03095413623648271	1.8685712457773789	0.8038154734338837	1.2970415388465233	1.2577698805135	0.35476035307094955	1.7410791100834477	0.633433387766308	0.14112431457568206	1.0	0.0	1.0	0.0	1.0	1.0	1.0	1.0	0.0	1.0	7.0
54250000	1.2313121578585848	0.4626987292742776	1.7936843963757347	1.0344775590890052	1.4143702560964326	1.9523929584280992	1.17813093715823	1.9060228511617705	2.7767246787380855	0.36641637747291583	1.0	0.0	1.0	0.0	1.0	1.0	0.0	1.0	0.0	1.0	6.0
54500000	0.924828647143508	0.38379327955823805	1.7450425870258424	0.6317736906389497	0.97569987676402	2.333208372779784	0.3824225100576715	3.617501004801219	0.8598669769228044	0.4366814119973216	1.0	0.0	1.0	0.0	1.0	1.0	0.0	1.0	0.0	1.0	6.0
54750000	0.4284311136389541	1.37050001296514	1.191852614160411	0.3834844125316841	0.9366140434724729	0.9018351506986684	0.4622148784021104	1.019439479205235	0.6982167755959451	0.2898231318743708	1.0	0.0	1.0	0.0	1.0	1.0	0.0	1.0	0.0	1.0	6.0
55000000	0.08593206159583551	0.9817462198040328	0.48044755655901195	0.11449013322961203	0.7451771728777558	0.7743281141149898	1.4528286977595322	1.033337823069294	3.093527545039604	0.121173657172231	1.0	0.0	1.0	0.0	1.0	1.0	0.0	1.0	0.0	1.0	6.0
55250000	0.7619633144234338	0.5020496438045899	1.3382545976347764	0.27354761873476063	0.5185898817225767	0.9343455992365202	0.4834764783128524	3.0062643437890832	0.7415735528588608	0.9802174962920736	1.0	0.0	1.0	1.0	1.0	1.0	0.0	1.0	0.0	1.0	7.0
55500000	1.1790426036502688	0.16728093556143778	0.5953136791441251	1.2203983704529409	2.3733689271237743	2.117782578518267	0.3656794863258095	2.1843533092085297	4.008231410949053	0.3185100862549126	1.0	1.0	1.0	0.0	1.0	1.0	0.0	1.0	0.0	1.0	7.0
55750000	0.29525466249807664	1.0869704067039396	2.156449850625612	1.6613988925670582	0.7007034396367057	1.2636403411003096	0.49252370374812116	2.8824031504092096	5.077320629854976	0.49976219801629473	1.0	0.0	1.0	0.0	1.0	1.0	0.0	1.0	0.0	1.0	6.0
56000000	0.24093552243759542	0.6344483180472905	2.039847567360367	0.04510350851674791	0.6612049708075342	3.375962074526017	0.08603433570751345	2.721807588347796	1.7956279286098968	0.6222876167169662	1.0	0.0	1.0	0.0	1.0	1.0	1.0	1.0	0.0	1.0	7.0
56250000	0.25993797645991	1.5164829613356785	0.5814856570636259	2.007189622472638	0.7295641165748189	0.7964509731816443	3.299918685831164	0.9334845131689203	0.0016799627619882233	0.29608032389073247	1.0	0.0	1.0	0.0	1.0	1.0	0.0	1.0	0.0	1.0	6.0
56500000	0.2680932511009869	0.2468810860700054	0.5330184369254432	0.9727715314729064	0.5468017743494986	1.4918802611696391	1.2419848615041484	1.2927675656713822	0.18614148915285617	0.1032464979170087	1.0	0.0	1.0	0.0	1.0	1.0	0.0	1.0	0.0	1.0	6.0
56750000	0.8912772720286665	1.8075892872523889	0.7597708915960715	0.4323006985698671	0.9304967031264824	1.623163379800281	0.3504825840360977	2.1630115791627182	1.323399190965658	0.16569428598837393	1.0	0.0	1.0	0.0	1.0	1.0	0.0	1.0	0.0	1.0	6.0
57000000	0.42177478359410975	0.015708014957617037	1.2440821753506013	2.4372980881762105	0.38283730138008604	1.5737601139558617	0.4736366815927217	1.2959165021973016	0.04837339418699715	0.36756720485495087	1.0	0.0	1.0	0.0	1.0	1.0	0.0	1.0	0.0	1.0	6.0
57250000	0.4882774869612344	1.5906600784180753	1.4532747488646836	1.8875653646959283	0.6655045896213532	1.0878183982453684	0.9949914285687639	1.9978345273696114	3.9550421713306725	0.23039398198748368	1.0	0.0	1.0	0.0	1.0	1.0	0.0	1.0	0.0	1.0	6.0
57500000	0.4251673625725735	0.8424675647249859	0.5200894725640052	1.4985946706488975	0.34409671487201454	0.9691808058058218	1.3320014020051438	1.4162526031651783	0.2857765237059591	0.16198191249138755	1.0	0.0	1.0	0.0	1.0	1.0	0.0	1.0	0.0	1.0	6.0
57750000	0.7973376869232396	0.08418280453760686	1.2343776673101599	1.1957605236115807	0.6169918717652779	0.7803486945956177	0.7392640570624875	2.066832264683808	1.1493902306144015	0.5288722296255467	1.0	0.0	1.0	0.0	1.0	1.0	0.0	1.0	0.0	1.0	6.0
58000000	0.37824201259746315	1.6312684188215896	1.5487656130851692	1.6094667845328754	1.029740275001221	0.9321860185437538	0.39436647446098516	1.4737270262939501	0.7911459892434708	1.4353341298280438	1.0	0.0	1.0	0.0	1.0	1.0	0.0	1.0	0.0	1.0	6.0
58250000	0.8902161442000155	0.06082555497951057	1.281442975363837	0.013373146116242428	0.7828579831880184	3.1418415486487263	0.6440637930525667	2.411983346562008	0.09425172288471098	0.829069619117834	1.0	0.0	1.0	0.0	1.0	1.0	0.0	1.0	1.0	1.0	7.0
58500000	0.12499265321647485	0.4641386755653541	0.5069198943022678	0.015399174172363216	0.07898438825941136	0.8586763719765687	0.711249426217027	1.3467975766537215	0.9096765855677268	0.22977766768576047	1.0	0.0	1.0	0.0	1.0	1.0	0.0	1.0	0.0	1.0	6.0
58750000	0.5367506242699703	0.3004207351675936	1.2171554767649455	0.1795808306862655	0.9305813763226486	1.7860762286106653	0.9489136422829999	4.402238254007663	0.42772161941412845	0.373404313606674	1.0	0.0	1.0	1.0	1.0	1.0	0.0	1.0	1.0	1.0	8.0
59000000	0.4592731944061936	1.3845672591906084	1.299344837118207	1.2798996105266944	1.0804353218981309	0.7091433821399808	1.056394439348151	2.033005805400639	0.07351166442443136	0.3217093362554377	1.0	0.0	1.0	0.0	1.0	1.0	0.0	1.0	0.0	1.0	6.0
59250000	0.329605970408996	1.253408942425957	1.677689063400046	0.09646097169712269	0.9437274850380369	1.2241734198194654	0.2202878640555772	1.3370237092746775	2.742297284855793	0.24696843398737903	1.0	0.0	1.0	0.0	1.0	1.0	0.0	1.0	0.0	1.0	6.0
59500000	0.4886924625543238	0.4936097632908668	1.975112385033589	0.07107040983016973	2.288769793216923	1.4200219577543411	0.3802113129776347	4.885549367607605	0.162110467312096	0.3871351339123392	1.0	0.0	1.0	0.0	1.0	1.0	0.0	1.0	0.0	1.0	6.0
59750000	0.2354034001914828	1.422144407151524	0.5151131853043467	1.0864999371890465	0.7141871911918685	1.1810828082209286	1.131583988017532	0.7511116813855441	0.22498458067505722	0.6470874944911854	1.0	0.0	1.0	0.0	1.0	1.0	0.0	1.0	0.0	1.0	6.0
60000000	0.1982256077327988	0.1260824355570839	0.6718850603071358	0.9874986000092453	0.7757058576940662	0.3942307995556276	2.0269427335489736	0.9557026440503771	0.41143326033774935	0.16507111192995694	1.0	0.0	1.0	0.0	1.0	1.0	0.0	1.0	0.0	1.0	6.0
60250000	0.26366270624388094	0.006885433803615262	0.709798807925991	0.9332178526017729	0.3669599128967318	1.1848760415878674	0.4893692170352904	2.2142757918751697	6.511479269198515E-4	0.6858742467126691	1.0	0.0	1.0	0.0	1.0	1.0	0.0	1.0	0.0	1.0	6.0
60500000	0.16489663495201942	0.37549440553775276	0.745961913375618	0.6203990517062945	0.22354392196643183	0.63809747340596	0.7906067097775726	0.9426463929053823	0.31082857437713635	0.451337066224299	1.0	0.0	1.0	0.0	1.0	1.0	0.0	1.0	1.0	1.0	7.0
60750000	0.726328365374527	0.2983247094827953	1.3852097023187284	0.7956569104566185	0.9799616332083567	1.3335954836031083	2.284130101152706	2.944880292642592	1.0168991702637162	0.21941797558356255	1.0	0.0	1.0	0.0	1.0	1.0	0.0	1.0	0.0	1.0	6.0
61000000	0.3148797877229949	0.0583519431980932	1.215337073127868	0.9115935317223374	0.760831263124081	1.1385119527373573	1.6278071693393106	2.965596349372558	1.693588502678587	0.5577093762884423	1.0	1.0	1.0	0.0	1.0	1.0	0.0	1.0	0.0	1.0	7.0
61250000	0.2337520068152414	0.04356719505964406	0.9350976678298327	0.19044629943659105	0.8436392468963105	0.8743863543836757	0.1681062456844057	0.9445836555124977	0.1780705476840443	0.6793032290891732	1.0	1.0	1.0	1.0	1.0	1.0	0.0	1.0	0.0	1.0	8.0
61500000	0.4176102407640736	0.16105768745388768	2.899615981074014	0.6095116989511463	0.9474817507676856	2.492327369529436	2.112308199843547	4.83751945478305	0.8189901673788583	0.9831204910870925	1.0	0.0	1.0	1.0	1.0	1.0	0.0	1.0	0.0	1.0	7.0
61750000	0.5223148166781648	0.798522743861934	0.8151205220924375	0.5144748864557127	1.0583022075193478	1.3352485924804087	1.1799915298498407	1.5724287680957276	2.7975821018642955	0.5554793844184348	1.0	0.0	1.0	0.0	1.0	1.0	0.0	1.0	0.0	1.0	6.0
62000000	0.1594168440099543	1.0251945126135116	1.6422483618872175	0.10771836015844537	0.4452464878868511	1.9014070325607202	2.9330307501795687	3.2527568343477102	1.702823456031002	0.7270448527412634	1.0	0.0	1.0	0.0	1.0	1.0	0.0	1.0	0.0	1.0	6.0
62250000	0.21973731173158578	1.0759943342274356	0.5720577495660896	0.2524268580808227	0.8520284916958359	1.1869422370432818	3.157964628593732	2.324127690513958	0.24693580779710372	0.08876937606356716	1.0	0.0	1.0	0.0	1.0	1.0	0.0	1.0	0.0	1.0	6.0
62500000	0.6834283374602822	0.7246259907755678	1.6406739627274085	0.0767576124422456	0.7764103998514457	1.3181805954986316	1.5835107457690827	1.3452571161577727	0.08152190089536202	0.4500176811640361	1.0	0.0	1.0	0.0	1.0	1.0	0.0	1.0	0.0	1.0	6.0
62750000	0.43160555243927146	1.0970987381095816	0.48176730569477944	0.3195320116031847	0.9252890600464295	0.7454578236436504	0.22422513789727797	0.9896296209355341	0.31806053849262284	0.583485902624846	1.0	0.0	1.0	0.0	1.0	1.0	0.0	1.0	0.0	1.0	6.0
63000000	0.5611953435548813	0.22396501410642752	2.7025623104292795	0.061366244654079506	1.016799761411066	0.8310394042735874	0.8103298782945457	3.228316118794005	0.06251989558428642	0.3313142137328201	1.0	0.0	1.0	0.0	1.0	1.0	0.0	1.0	1.0	1.0	7.0
63250000	0.24569323080932573	1.3500789935623911	0.7199902052616417	1.6258093757547423	0.1805212074596249	1.2043821235933536	4.048608763207873	1.2544775880174568	0.45566608069413805	0.061861578617485466	1.0	0.0	1.0	0.0	1.0	1.0	0.0	1.0	0.0	1.0	6.0
63500000	0.22341012601232835	0.37164949243779627	0.8457533290172763	0.04052833866150672	0.4194251117068269	1.906233607260366	0.2867407289912965	1.7580901136648273	0.04507703195566125	1.2637504732988187	1.0	0.0	1.0	0.0	1.0	1.0	0.0	1.0	0.0	1.0	6.0
63750000	0.5914063041667716	0.17612967791254266	1.0763266307762385	1.2490971297969327	0.5778036664551485	0.8359782054665966	0.2004351599451483	2.4749507405313094	0.9984295452882535	0.7321338945945809	1.0	0.0	1.0	0.0	1.0	1.0	1.0	1.0	0.0	1.0	7.0
64000000	0.19193958214176465	2.6440721956215256	1.0105650317051558	0.6894300842746143	1.579807975192053	1.9348590998447466	1.2232307089343786	0.9381734848809251	0.301542882861056	1.0637773057978295	1.0	0.0	1.0	0.0	1.0	1.0	0.0	1.0	0.0	1.0	6.0
64250000	0.556808248913435	1.5336774918454192	1.6792463582906074	2.2718467303014354	1.8489305831773104	0.8534647499163445	1.6440614798969024	3.1604438065181406	1.1136846204548432	0.40402807207922187	1.0	0.0	1.0	0.0	1.0	1.0	0.0	1.0	0.0	1.0	6.0
64500000	0.3150361336129745	0.031669482336556275	0.8118518614545864	0.7463875399851467	0.5023150821510447	1.5764329428194774	0.06876784677412251	1.3297344210202393	1.2503100917874872	0.1483496480921623	1.0	1.0	1.0	0.0	1.0	1.0	0.0	1.0	0.0	1.0	7.0
64750000	0.46356939605810304	1.1410713439755087	0.7454994122736139	0.18827084491971705	0.604203623751119	1.1034517797030317	0.38285661463678794	2.6301116712866732	0.15569583346682345	0.29865602602076974	1.0	0.0	1.0	0.0	1.0	1.0	0.0	1.0	0.0	1.0	6.0
65000000	0.6838435824611121	0.09263278217174872	2.1686469446987067	0.18292566601605928	1.6325435463093518	1.3295036754977876	0.040467832652242484	3.332163478126819	1.6627462412039251	0.567546136348481	1.0	0.0	1.0	1.0	1.0	1.0	0.0	1.0	1.0	1.0	8.0
65250000	1.104340784359196	1.8440174643373497	2.646887595497976	1.8638249533144744	0.5107234523035524	2.068075757742825	2.926151242557793	2.1613435127648497	1.6064228190678391	0.18231166293355974	1.0	0.0	1.0	0.0	1.0	1.0	0.0	1.0	0.0	1.0	6.0
65500000	0.7995180956403827	2.897414760401369	0.6606861886123501	1.9476681010732222	0.7698768441707184	1.651849670505932	0.40426574101987384	1.442732034709623	1.9167170657384975	0.5891410449556216	1.0	0.0	1.0	0.0	1.0	1.0	0.0	1.0	0.0	1.0	6.0
65750000	0.3215113844595113	0.5369081980156062	1.0382225812086285	0.6378789189422457	0.8373129093876492	0.9481805654840566	0.9656822969866133	1.6297020018786508	0.06752561124786968	0.18138678772604594	1.0	0.0	1.0	0.0	1.0	1.0	0.0	1.0	0.0	1.0	6.0
66000000	0.1560037147644397	0.26877251090493753	0.3626994175755089	3.6246220728631906	0.30594839843545435	0.8569676125921791	1.7494618293042343	0.9830858922075476	0.058039722007961536	0.3801737382698907	1.0	0.0	1.0	0.0	1.0	1.0	0.0	1.0	0.0	1.0	6.0
66250000	0.41346569886799944	1.5781963224341975	0.8030205512957145	0.44301514564636996	0.35973230215195684	2.1364535391517077	0.2239681452028252	1.808497249315796	5.965510421620733	0.2529266321280179	1.0	0.0	1.0	0.0	1.0	1.0	0.0	1.0	0.0	1.0	6.0
66500000	0.7528826305421761	5.638440265638019	1.364330249500631	0.1342141420292299	1.7806848651923133	1.4347079232307045	3.45232898113846	1.454977203510885	1.5727974297036644	0.7294433049428171	1.0	0.0	1.0	0.0	1.0	1.0	0.0	1.0	0.0	1.0	6.0
66750000	0.2599569244985492	0.3120114246007825	0.9578323139923307	0.6670576086840236	0.3759855406539003	1.0186133626470568	0.2938692724121724	1.2533791218624526	2.0759695607408086	0.25605480463768576	1.0	0.0	1.0	0.0	1.0	1.0	0.0	1.0	0.0	1.0	6.0
67000000	0.3347909765681089	2.536415689267734	1.4224308005034658	0.08303045471637555	0.5434321093433276	1.100409570644004	1.3438704408362807	0.8471676908869876	0.4336648689679392	2.7358088330884334	1.0	0.0	1.0	0.0	1.0	1.0	0.0	1.0	1.0	0.0	6.0
67250000	0.3773314904679279	0.4830631803817168	0.5999679368993417	0.13447491916056217	0.7216736349474562	0.602003901399669	1.041879737269955	1.0597148971531571	0.8410627503818185	0.271513913979953	1.0	0.0	1.0	0.0	1.0	1.0	0.0	1.0	0.0	1.0	6.0
67500000	0.3644057349324622	0.30256503881356483	0.541725720228245	0.9677879986691682	0.40325166313787053	0.5843570815458453	0.1619868845506431	0.7091144787228482	0.5104833450560097	0.024122633934036318	1.0	0.0	1.0	0.0	1.0	1.0	0.0	1.0	0.0	1.0	6.0
67750000	0.27797587114704375	0.06911413646839085	0.6522398375749694	1.1854884985190588	0.10634926523740189	0.6781814532802967	0.7773675592735001	1.0858966245820745	0.6692117561043199	0.29170995089670787	1.0	0.0	1.0	0.0	1.0	1.0	0.0	1.0	0.0	1.0	6.0
68000000	0.6210214087954443	1.2316821199276866	2.4814433205757775	1.1626347718275123	1.172422666880807	1.0945893396893613	1.7292585834642755	3.842518537456101	0.02255269787359356	0.1792361349445078	1.0	0.0	1.0	0.0	1.0	1.0	0.0	1.0	0.0	1.0	6.0
68250000	0.49241773531903027	4.138241858161508	1.8449183420070396	0.04782025664216618	1.2528603356310082	1.8434505449215632	0.5786383773258372	2.2258235266478756	0.22378215121150882	0.9717469600617745	1.0	0.0	1.0	0.0	1.0	1.0	0.0	1.0	0.0	1.0	6.0
68500000	0.3033683190121478	0.8305817790038247	1.9706050490355593	1.1495364253211322	1.624373045347671	1.7872827579409998	1.1949494571623513	3.023290624142574	0.24112558204068296	0.04014403411587579	1.0	0.0	1.0	0.0	1.0	1.0	0.0	1.0	0.0	1.0	6.0
68750000	0.3243165583141035	1.306559533154278	0.9341888094888744	0.22354187621294974	0.6504403332907168	1.7130468062674775	2.366538843607244	0.6275433491346639	0.7196654491850921	0.49031941625323466	1.0	0.0	1.0	0.0	1.0	1.0	0.0	1.0	0.0	1.0	6.0
69000000	1.2987514123550192	0.002354927464282863	4.166235900340518	0.1849325214733603	0.8881472893471206	2.188479029057565	1.1777203703283814	2.5548335595558327	0.04496931452248198	1.017064753961799	1.0	0.0	1.0	1.0	1.0	1.0	0.0	1.0	1.0	1.0	8.0
69250000	0.3163022928642744	3.2018358161789395	0.9322175109794927	0.09885450078677689	0.6416716456269327	1.181737492829051	2.906464035145762	0.6972319677991503	0.06018663281825432	0.11164171154162868	1.0	0.0	1.0	1.0	1.0	1.0	0.0	1.0	0.0	1.0	7.0
69500000	0.3444481659234018	0.6909843791574685	0.84517059101909	1.3177503834418929	0.8544016489937258	0.9290329144860505	0.4445564701945511	1.1090309729900523	0.8793936050878518	0.502271915300248	1.0	0.0	1.0	0.0	1.0	1.0	0.0	1.0	0.0	1.0	6.0
69750000	0.7763947143926041	1.4584837662982726	0.8842710752276339	1.3718058055408837	0.4369860888973245	2.0987710121536556	0.11943418691310446	1.9671700724705936	1.2764524708801293	0.8354701007971032	1.0	0.0	1.0	0.0	1.0	1.0	1.0	1.0	0.0	1.0	7.0
70000000	0.15850953513095137	0.1960971052704712	1.0243006393807081	0.35658659898655143	0.7806535218563885	0.8312533161893515	0.8359953092785362	0.6283372780269327	0.4033032082590301	0.11886571154710833	1.0	0.0	1.0	0.0	1.0	1.0	0.0	1.0	0.0	1.0	6.0
70250000	0.8397958445137164	0.8808524371223905	1.0955444733717175	0.3726548573357021	1.443562622619886	1.396173160413404	0.16549166555542755	2.167210854529328	1.3793749406441322	0.7122673880018685	1.0	0.0	1.0	0.0	1.0	1.0	1.0	1.0	0.0	1.0	7.0
70500000	0.43316386570274085	2.5212743303534353	1.3381283260444055	0.23756011996655962	0.7293280263083464	1.2008841397944334	1.6104611154460347	1.1213987982286662	1.7225951834515751	0.13648112006094526	1.0	0.0	1.0	0.0	1.0	1.0	0.0	1.0	0.0	1.0	6.0
70750000	1.5302985811185945	1.8420120421721804	1.217929508782394	0.2989891530791306	0.3149938374023786	2.352635426537381	1.283553466933819	2.720160100556717	0.6272039439440104	0.3746512115673126	1.0	0.0	1.0	0.0	1.0	1.0	0.0	1.0	0.0	1.0	6.0
71000000	0.5917625452381514	0.0723575602962923	0.5563174070814528	0.0516363662343601	0.6038651470641062	1.2864508829393329	0.2942976402652612	1.6057741121759566	0.016610221367863158	0.3630280982387278	1.0	0.0	1.0	0.0	1.0	1.0	0.0	1.0	1.0	1.0	7.0
71250000	0.08332648602002019	1.087877985779639	0.46141204513489653	1.008174562806836	0.38420402853865837	0.7916169450919064	0.06629836970541879	1.3319956432963953	0.5145628532716322	0.2278704948960242	1.0	0.0	1.0	0.0	1.0	1.0	0.0	1.0	0.0	1.0	6.0
71500000	0.7675153159821987	1.4247916444825566	1.8161718923640386	0.2637198724329153	1.0086060633132348	1.1535287778081784	0.6818354358809314	1.9098907192089638	0.3022164610419561	0.5586528455001395	1.0	0.0	1.0	0.0	1.0	1.0	0.0	1.0	0.0	1.0	6.0
71750000	0.4584336684215576	1.6468553301323299	3.1080184595325733	0.3637546173026161	0.9326658927118359	2.649442463229077	0.2752497673035249	3.1826882283139573	0.43536126260658514	0.5359660671310876	1.0	0.0	1.0	0.0	1.0	1.0	0.0	1.0	0.0	1.0	6.0
72000000	0.7170799487569801	0.3571100402703434	1.0934076336646559	0.5352670313337952	0.8277943588807638	2.685385370888829	0.5790694585566898	2.76020922267701	0.01788542696520647	0.7645814284272624	1.0	0.0	1.0	0.0	1.0	1.0	0.0	1.0	0.0	1.0	6.0
72250000	0.36000780857374376	0.2175181102071402	0.7364574539847295	0.0020343489956795363	0.7574260041895075	0.789212546518501	0.6559662781130017	1.2007294082269193	0.5663664244208558	0.3054844146086915	1.0	0.0	1.0	0.0	1.0	1.0	0.0	1.0	0.0	1.0	6.0
72500000	0.5313743332553413	5.284799918424097	1.810272190321795	1.5236981114001027	0.7416364753086758	1.7416542016418337	0.44293959535283994	2.7995774204243777	0.1655159005382502	0.4305261369443665	1.0	0.0	1.0	0.0	1.0	1.0	1.0	1.0	1.0	1.0	8.0
72750000	0.8524171998365843	0.3256265493979005	3.3251214717737163	0.12086982245518137	2.0964696172498676	3.4190916409137597	0.16250965008457166	4.150174920782754	1.3497313622887508	0.21179046649624303	1.0	0.0	1.0	0.0	1.0	1.0	1.0	1.0	0.0	1.0	7.0
73000000	0.4956511769131781	0.3152329420346279	1.383257346728173	3.1188886628628243	0.2626558965679542	1.6361689150505183	1.148333947983467	3.264426028766964	0.24140225941755739	0.8194509367403414	1.0	0.0	1.0	0.0	1.0	1.0	0.0	1.0	0.0	1.0	6.0
73250000	0.507288916175146	0.11662490388377628	1.1227669089284356	0.0057969086704663785	0.3374700581364221	0.6364269403374554	0.3621409513131597	2.28852932871664	0.510874433128636	0.3680597401867608	1.0	0.0	1.0	0.0	1.0	1.0	0.0	1.0	0.0	1.0	6.0
73500000	0.7761246996108583	0.34925198124872486	0.6683115234579254	1.1336528701196702	0.7851854808635674	1.4531045328970065	0.8881331912359949	2.026879483228351	0.7590520310153743	0.9891355697496413	1.0	0.0	1.0	0.0	1.0	1.0	0.0	1.0	0.0	1.0	6.0
73750000	0.5144113040839751	0.7177813481463993	0.7476779962702181	0.04720104783960215	0.8074271400096683	1.412057732617425	2.5486465526897537	1.867603759618699	0.733136706968318	0.5210848662725829	1.0	0.0	1.0	0.0	1.0	1.0	0.0	1.0	1.0	1.0	7.0
74000000	0.09192443776874977	0.14676998528453278	0.6232105031385062	0.6505704005756084	0.35075497228353897	0.8660364601242531	1.0789876925914235	0.9240582991903857	0.12712181052339366	0.045711256435343815	1.0	0.0	1.0	0.0	1.0	1.0	0.0	1.0	0.0	1.0	6.0
74250000	0.45335329430085985	0.2065507637411623	1.3008831155311429	0.5454157026989346	0.8429881539022525	1.509890375061655	0.0330608708650919	2.7733658920019426	0.13436328639815495	0.9086769445942536	1.0	0.0	1.0	0.0	1.0	1.0	1.0	1.0	0.0	1.0	7.0
74500000	0.29359517523205236	1.8588079717428754	1.1264556050168018	0.3924103367444139	0.4730217304889109	2.127955615232043	0.5639888212133986	1.6235552722864441	0.2558222199541226	0.38804932649313045	1.0	0.0	1.0	0.0	1.0	1.0	0.0	1.0	0.0	1.0	6.0
74750000	0.6152137587472063	3.359344605764929	0.4838403834425066	0.06476202900840408	0.7188785124891297	0.7552092762224992	0.18906313196457528	2.5315553187574267	0.30226858154075853	0.6711200741169554	1.0	0.0	1.0	0.0	1.0	1.0	0.0	1.0	0.0	1.0	6.0
75000000	0.9091454896550341	0.11993351915817947	1.6585709872717938	1.9493214147021107	1.109235894132745	1.374994003976594	2.2716702372931237	3.4059923715315494	0.21476036270934576	0.5163844813045187	1.0	0.0	1.0	0.0	1.0	1.0	0.0	1.0	1.0	1.0	7.0
75250000	1.1458310468783957	0.3091286548047458	1.8702248900853864	1.8182388661298445	0.714985532670562	1.847207754199879	2.0419291426721156	1.9420182558853425	0.18004371798186766	0.6488551025356625	1.0	0.0	1.0	0.0	1.0	1.0	0.0	1.0	0.0	1.0	6.0
75500000	0.10813203932111456	3.070543280684192	1.033471043059426	2.745864213003741	0.5137289019711792	1.5500628055944137	1.8858048149102435	1.7873618972186458	0.12042772029232378	1.0499904227260402	1.0	0.0	1.0	0.0	1.0	1.0	0.0	1.0	0.0	1.0	6.0
75750000	0.5804550025297428	1.5617728721807553	1.3031483371764123	1.1639909929450842	1.8827788706489472	2.0437528302823753	0.741574122033493	3.8001724754749726	1.234202035820364	0.1736986557643417	1.0	0.0	1.0	0.0	1.0	1.0	0.0	1.0	0.0	1.0	6.0
76000000	0.7337251601065626	0.5513249624597247	1.5507210793717616	0.6514618131989945	1.3309586500261597	1.5904265078656716	0.7442966673758844	2.2343206069327843	0.007674271822683149	0.4831428858923913	1.0	0.0	1.0	0.0	1.0	1.0	0.0	1.0	0.0	1.0	6.0
76250000	0.17118171475626723	0.4339245119315923	1.1706863972182955	0.12246606619316659	0.21070595742693166	0.7022784059093814	0.1419264696532405	0.9500028177494073	0.21128515551126692	0.23056118789981714	1.0	0.0	1.0	0.0	1.0	1.0	0.0	1.0	0.0	1.0	6.0
76500000	0.4014494567040562	0.17465146594521755	0.5810769036723543	1.2426396676508522	0.6408411327416677	1.390851299159073	0.16888940126172985	1.065648857512965	0.4811368229572537	0.1797843944050572	1.0	0.0	1.0	0.0	1.0	1.0	0.0	1.0	0.0	1.0	6.0
76750000	0.7473731420693509	0.6438666700526917	1.4641588086280115	0.4101867388231257	2.783994506799103	1.3287432606147063	0.12455317767428632	2.1412948143547643	1.621026390571588	1.96421043090566	1.0	0.0	1.0	0.0	1.0	1.0	0.0	1.0	0.0	1.0	6.0
77000000	0.4181449974862995	1.716824821405438	0.9903652185565169	1.3207204587410952	1.1298952595735772	0.6438614848373541	0.6059703487408159	1.9472130860201247	0.11465048064817633	1.0171652477751547	1.0	0.0	1.0	0.0	1.0	1.0	0.0	1.0	0.0	1.0	6.0
77250000	0.4602136792161389	1.4102924308614988	1.5436922704402107	0.15521591887651778	0.36606598541680957	1.4848578739367089	0.7091406870955459	1.1932211635650862	0.25721181226701895	0.31346204766871133	1.0	0.0	1.0	0.0	1.0	1.0	0.0	1.0	0.0	1.0	6.0
77500000	0.43934730420485907	0.21190346413129926	0.6519157865035597	0.11649971859666448	0.5274533776305006	0.6251540990070718	0.04930434920644626	0.8111656308659384	0.0031087769727606335	0.7033656465717428	1.0	0.0	1.0	0.0	1.0	1.0	0.0	1.0	1.0	1.0	7.0
77750000	0.1986093721791592	1.4087962095624382	1.184633935014265	0.1117470533626989	1.5448178522728633	2.0167197986805534	0.1628840911016128	1.9412524039085532	1.6087190108487286	0.6535332533908995	1.0	0.0	1.0	1.0	1.0	1.0	0.0	1.0	0.0	1.0	7.0
78000000	0.36489949778603636	2.071120472218772	0.44072412587870985	0.467094267492634	0.9705380950711563	1.5128729265597998	0.18101097089827176	1.2462540006007237	0.23996774286898778	0.6734563289105524	1.0	0.0	1.0	0.0	1.0	1.0	1.0	1.0	0.0	1.0	7.0
78250000	0.3295512525167826	1.1030237174417816	1.1673859837118363	0.35406625809827896	1.2993929832895401	0.775025199059768	1.0094446393440915	1.8448860932217848	1.3130935544755598	0.34377074174084593	1.0	0.0	1.0	0.0	1.0	1.0	1.0	1.0	0.0	1.0	7.0
78500000	0.20069783698111845	0.3713796209375656	0.6714393822385392	0.1680554136369996	0.9088808109600439	0.36948183922848665	0.4364170290362886	1.6285453122460085	0.009319689297366313	0.3117648137442413	1.0	0.0	1.0	1.0	1.0	1.0	0.0	1.0	1.0	1.0	8.0
78750000	0.33093592102213554	0.7356390452598756	0.9052628687343768	0.6179011497077188	0.7059277325530818	0.6148180185372847	0.5759441985055548	1.1659124916352577	1.1951537404641273	0.47129033595869174	1.0	0.0	1.0	0.0	1.0	1.0	0.0	1.0	0.0	1.0	6.0
79000000	0.08484746175443286	0.46972568884127136	0.7572147368145408	1.4092403834575469	0.16133790857466843	0.8493775952743514	0.6886017584839765	0.44367472093406457	2.1063417688240627	0.10529385805125982	1.0	0.0	1.0	0.0	1.0	1.0	0.0	1.0	0.0	1.0	6.0
79250000	0.6470973855894324	0.15756553980243734	1.892002162564134	0.19704657890564156	1.0348341823174345	1.272233325351051	1.0456138170802243	1.7469599541339424	0.07369531983285216	0.290046183075456	1.0	0.0	1.0	0.0	1.0	1.0	0.0	1.0	1.0	1.0	7.0
79500000	0.17213704661184673	0.14963866599831938	1.1595766324343293	1.4723598317157542	0.9408224711695459	0.4656888097167447	0.48908504574819056	1.5831574513652495	1.174316118865542	0.10882784175929505	1.0	0.0	1.0	0.0	1.0	1.0	0.0	1.0	0.0	1.0	6.0
79750000	0.2890193546774459	0.843197004784891	0.7386239173130938	1.4585905185121812	0.2038974277177851	1.366496414476482	0.47234304354233125	1.9540665251233102	0.4496910312279422	0.328037111543123	1.0	0.0	1.0	0.0	1.0	1.0	0.0	1.0	0.0	1.0	6.0
80000000	0.4423126282964242	0.2228028137138808	2.003624796857838	0.14264778547921836	0.5585893129281845	1.5417465043317995	0.11786338294082843	3.601865186992637	0.5328433562648441	0.46088420346712816	1.0	0.0	1.0	0.0	1.0	1.0	0.0	1.0	0.0	1.0	6.0
80250000	0.24252927898533963	1.0172056183706322	0.8736345159454053	1.7712426702285662	1.5091828722343539	0.9912383531180946	0.6413196515900997	1.7409096535297357	0.8067202154798545	0.3001598729494878	1.0	0.0	1.0	0.0	1.0	1.0	0.0	1.0	0.0	1.0	6.0
80500000	0.6276434180120068	0.1597285411928207	0.959023149135545	9.158604532095156E-4	0.535772241682453	2.322194318504889	0.4292179247437326	3.0418875403581906	0.16221397289899167	0.3891539800653352	1.0	0.0	1.0	0.0	1.0	1.0	0.0	1.0	0.0	1.0	6.0
80750000	0.3150969769529635	0.8844716986074816	1.3616813450121872	0.8974335165536739	0.8176269197253624	0.7092805382107962	0.9406899173192691	2.588514452605453	0.9219774248854973	0.06660072287778625	1.0	0.0	1.0	0.0	1.0	1.0	0.0	1.0	0.0	1.0	6.0
81000000	0.6536015844379225	1.889194963646074	1.013288370426339	0.8363268733942385	1.545386656238253	1.9616561973883224	0.5853868401439944	2.099347234126698	0.8213097202209975	0.13364137992858735	1.0	0.0	1.0	1.0	1.0	1.0	0.0	1.0	0.0	1.0	7.0
81250000	0.28086694105100096	0.9820822111461938	1.4084288077692728	0.09271869327924646	0.941494272777531	1.6799906766423103	0.6849136624859643	1.7974578335179223	3.381842966842281	0.6013549486690262	1.0	0.0	1.0	0.0	1.0	1.0	0.0	1.0	0.0	1.0	6.0
81500000	0.49431861602797317	1.1501875555245469	1.697343662235194	2.9981121666178425	0.37612614462526084	2.3696998917695113	1.1188322807970092	1.8552536486889024	0.19076216918150665	0.49448025757526803	1.0	0.0	1.0	0.0	1.0	1.0	0.0	1.0	0.0	1.0	6.0
81750000	0.2495761154988916	0.26275738073342303	0.23346669381040186	3.3601675054741706	0.34681930597514005	0.6738516185144375	0.09626252992367665	1.4609064476588225	0.8980816130256338	0.3599874362063434	1.0	0.0	1.0	0.0	1.0	1.0	0.0	1.0	0.0	1.0	6.0
82000000	0.07032057083803013	1.4345659697376225	1.9099328477195905	0.2906863496123717	1.5449750250150585	1.84498416691536	1.5632985580918237	1.3301430991946397	1.1449472820625213	0.6116113453051994	1.0	0.0	1.0	0.0	1.0	1.0	0.0	1.0	0.0	1.0	6.0
82250000	1.2345886181045242	0.32566714431326504	1.9080898018236794	2.314650541219471	0.8074198516647656	2.8372265913639683	0.012264390486971007	3.7299858732996336	0.5675761668789767	1.3280469412714648	1.0	0.0	1.0	0.0	1.0	1.0	0.0	1.0	1.0	1.0	7.0
82500000	0.3520444414703813	0.5892119885461358	1.413433586756186	2.3687723652408077	1.6761461699647016	0.7204502952834821	0.759090832139343	1.9246074635099386	0.35555306955689914	0.3577153644400754	1.0	0.0	1.0	0.0	1.0	1.0	0.0	1.0	0.0	1.0	6.0
82750000	0.39300105267954083	0.7911720991649042	0.8698012022190584	0.23214339747773993	0.5631747464432536	0.8742115154937078	0.14936000031484625	2.256729956997431	0.3193197122507395	0.5647797805526618	1.0	0.0	1.0	0.0	1.0	1.0	0.0	1.0	0.0	1.0	6.0
83000000	1.007186615604567	0.19510266867395953	0.5880793133198853	0.9726371047439971	0.4554181261520015	0.9331898719069396	1.1896108327675883	0.4386693554152652	0.7442757296511363	0.15724623145838568	1.0	0.0	1.0	0.0	1.0	1.0	0.0	1.0	0.0	1.0	6.0
83250000	0.579526861281592	0.9636661884259694	0.47687019594580154	1.8410087824686736	0.42395875354977275	1.4117529047185244	0.2917221241500072	1.8815307390098182	0.6634819492185569	0.5394449013927131	1.0	0.0	1.0	0.0	1.0	1.0	0.0	1.0	0.0	1.0	6.0
83500000	0.6635186527822422	0.27631218963483506	0.8870500700638168	0.6414530307187979	0.6253886444359813	1.4190661481753346	1.3747436017269268	0.977761315977071	0.09191943580122576	0.20258755848855858	1.0	0.0	1.0	0.0	1.0	1.0	0.0	1.0	0.0	1.0	6.0
83750000	0.8156859433394182	1.9105982946045907	1.4403851650884332	3.7674472850441663	1.3206047776007905	3.9775031451061547	0.5728688400829889	2.049561160556451	0.04650103460371144	0.963733372350686	1.0	0.0	1.0	0.0	1.0	1.0	0.0	1.0	0.0	1.0	6.0
84000000	0.48217833327159415	0.1200708623010142	1.0638296056805072	2.514598118593834	0.3864543161069507	0.8780581307146095	3.6018525615309533	1.4156349036261764	1.6275138426077322	0.4403058114262235	1.0	0.0	1.0	0.0	1.0	1.0	0.0	1.0	0.0	1.0	6.0
84250000	0.7532615002420676	1.5198874789528516	0.6131086579951407	7.614088866040483	0.3300295902905167	1.4630779402843435	0.43436352034372405	2.038859542176969	1.6920928840781795	0.4440876168433026	1.0	0.0	1.0	0.0	1.0	1.0	1.0	1.0	0.0	1.0	7.0
84500000	0.43396690528719695	0.2496381164205707	1.2077245770799758	3.2085297113494495	0.661884103461504	1.7657163705816925	0.22419569297786557	1.641499173204457	0.29398223671098733	0.47748088971189395	1.0	0.0	1.0	0.0	1.0	1.0	0.0	1.0	0.0	1.0	6.0
84750000	0.24738590245779932	2.2066501341015368	2.5457934787350514	0.06261272427861347	0.2869821313640907	1.3212106994451474	0.498869083827599	1.2502394764778424	1.5419150662239547	0.47559450809299614	1.0	0.0	1.0	1.0	1.0	1.0	0.0	1.0	0.0	1.0	7.0
85000000	0.5908907531807045	0.8045577013585619	0.9449602826888187	0.7377937868595986	0.7597187454533683	1.498271208860135	1.3571701294572833	2.305850000391989	0.04182501759042874	0.5400594821288244	1.0	0.0	1.0	0.0	1.0	1.0	0.0	1.0	0.0	1.0	6.0
85250000	0.23571262176536262	3.487112646641211	0.9184195722728731	0.4488994555691735	0.9952149021181524	0.6495205718516033	0.009974598052837904	0.6563948533387582	1.4368103503969054	0.20965923842803555	1.0	0.0	1.0	0.0	1.0	1.0	0.0	1.0	0.0	1.0	6.0
