# BEAST v1.10.5 Prerelease #23570d1
# Generated Fri Nov 22 18:01:57 CET 2019 [seed=777]
# -beagle_cpu -overwrite -seed 777 -save_every 100000 -save_state checkpoint.state A_ancient_skyride_phylogeography.xml
state	location.rates.Africa.Americas	location.rates.Africa.EastSouthAsia	location.rates.Africa.Europe	location.rates.Africa.WestCentralAsia	location.rates.Americas.EastSouthAsia	location.rates.Americas.Europe	location.rates.Americas.WestCentralAsia	location.rates.EastSouthAsia.Europe	location.rates.EastSouthAsia.WestCentralAsia	location.rates.Europe.WestCentralAsia	location.indicators.Africa.Americas	location.indicators.Africa.EastSouthAsia	location.indicators.Africa.Europe	location.indicators.Africa.WestCentralAsia	location.indicators.Americas.EastSouthAsia	location.indicators.Americas.Europe	location.indicators.Americas.WestCentralAsia	location.indicators.EastSouthAsia.Europe	location.indicators.EastSouthAsia.WestCentralAsia	location.indicators.Europe.WestCentralAsia	location.nonZeroRates
0	1.0	1.0	1.0	1.0	1.0	1.0	1.0	1.0	1.0	1.0	1.0	1.0	1.0	1.0	1.0	1.0	1.0	1.0	1.0	1.0	10.0
250000	1.8416644159119973	1.0299032755179371	0.6942683342069702	0.4074248666730527	1.6679030856659425	2.8067039398830755	1.4304067580311597	1.2802959320905147	0.15227767742998619	0.12081879292190362	1.0	1.0	1.0	0.0	1.0	1.0	0.0	1.0	1.0	1.0	8.0
500000	1.004735713624748	0.11954892707319363	0.5429964498142651	0.3335799967626265	1.309555635089735	1.0526689692263418	0.8352918772555151	0.7658778773615567	1.7410489222973102	0.040320304910748325	1.0	1.0	1.0	0.0	1.0	1.0	0.0	1.0	0.0	1.0	7.0
750000	0.8714356369483146	0.4885045657535409	1.013809205213602	0.3177629593500848	1.5470485920101966	2.1904165364297623	1.796290343213693	1.2047212014616204	0.4842521957459825	0.1328800326568452	1.0	1.0	1.0	0.0	1.0	1.0	0.0	1.0	0.0	1.0	7.0
1000000	0.5921719710415647	0.3764448629481265	0.8379992535574955	2.9245703652640995	1.536941409582149	3.65103099908794	0.620178315893858	0.4930301562334239	0.14481028753179268	0.4335419812178349	1.0	1.0	1.0	0.0	1.0	1.0	0.0	1.0	0.0	1.0	7.0
1250000	1.7638737651784528	0.9002816099470947	0.9198580043515443	0.29833307205517634	1.5942868636072143	2.0134784541529385	0.379605731621215	1.894482425661637	0.11346839377605986	0.15261961358763787	1.0	1.0	1.0	1.0	1.0	1.0	0.0	1.0	0.0	1.0	8.0
1500000	2.3311570814894953	0.4177237510858073	1.1137847062800303	1.5123272957156084	1.673055730317887	2.7676552769662344	0.044584527051201056	0.9017903658482085	0.1283956871376328	0.33800815009020163	1.0	1.0	1.0	0.0	1.0	1.0	1.0	1.0	0.0	1.0	8.0
1750000	1.7863454930470002	0.14345562980565957	0.870701069271022	0.35832200618621624	1.8602980993171105	2.345921515793361	1.5368058370054805	0.7643048173663193	2.1961297973383185	0.6203820577542883	1.0	0.0	1.0	0.0	1.0	1.0	0.0	1.0	0.0	1.0	6.0
2000000	1.8674293136714615	4.06453385301289	1.2810042747493884	0.1510670472083926	3.0902896542683442	1.153422661297123	0.7937250523841481	0.653307988646251	0.06135146217082327	0.3752269205130112	1.0	0.0	1.0	0.0	1.0	1.0	0.0	1.0	0.0	1.0	6.0
2250000	1.2669344545853989	0.20255110798338527	0.8502575734829736	1.4184934815295682	1.320865791358133	2.0132369778218364	2.229960340369818	0.872020457529249	6.636252747996805E-4	0.2687638198931665	1.0	0.0	1.0	0.0	1.0	1.0	0.0	1.0	1.0	1.0	7.0
2500000	1.1448469165070758	0.012775402609522176	1.3078555235194167	1.3126912091678267	1.7726032680805242	1.008059499836706	0.9197328088188162	1.1208027689136617	0.33585247231221965	0.09400904069529532	1.0	0.0	1.0	0.0	1.0	1.0	0.0	1.0	0.0	1.0	6.0
2750000	0.8992625536883048	0.35822716470992333	0.8831573147322369	1.0360575120459667	1.620651598236043	1.5351034664234215	2.190227374133374	1.3118231706756849	0.6886233467405629	0.3206670602246799	1.0	0.0	1.0	0.0	1.0	1.0	0.0	1.0	0.0	1.0	6.0
3000000	0.5592342488329974	0.16920340773300127	0.5172605116045347	0.7827251305927643	1.546662907299595	1.5024807184960365	0.06730710379585995	0.48186532819590655	0.9809688297147404	0.21900209053769384	1.0	0.0	1.0	0.0	1.0	1.0	0.0	1.0	0.0	1.0	6.0
3250000	0.48762118055016246	0.07581206264134423	1.0836529661181047	0.8134338914987623	0.5995537520513244	1.8886024714735805	1.1809013378715232	0.5723019674020635	0.2817752540098179	0.25298773901319754	1.0	0.0	1.0	0.0	1.0	1.0	0.0	1.0	0.0	1.0	6.0
3500000	1.3445588532948334	1.2060699671044537	1.6304119461801572	1.8756879595903815	1.014663742028523	2.1901325000553284	0.7644559974605142	1.1834762493473236	0.7368604585923622	0.5783251149233811	1.0	0.0	1.0	0.0	1.0	1.0	0.0	1.0	0.0	1.0	6.0
3750000	1.6847551047436093	0.08649905192059894	0.9024572394184188	0.7514873255639053	1.1230877783294546	1.7726608356698923	0.08817587872716566	1.198751341712002	0.34608479754187216	0.5962333331301715	1.0	0.0	1.0	0.0	1.0	1.0	1.0	1.0	0.0	1.0	7.0
4000000	0.455381604843526	0.5786882088098794	0.8030279527758296	0.7833528343586225	1.1456323914295765	0.9528233508101124	3.2742756899776824	0.9804404710307267	1.2036616946672103	0.4868252344780005	1.0	0.0	1.0	0.0	1.0	1.0	0.0	1.0	0.0	1.0	6.0
4250000	0.3072157543892791	0.1984847252140581	0.39592296580353836	0.7527412205848071	0.3749933285791027	0.3028853499880179	1.4138038289321118	0.4301089445015582	0.7305511977200103	0.28729770458954496	1.0	0.0	1.0	0.0	1.0	1.0	0.0	1.0	0.0	1.0	6.0
4500000	0.5904575958610075	0.0012699403250641369	1.7802147270259836	4.001591340533926	0.6079266657219136	1.8084831656109306	0.3389364544574867	0.6959938902238377	0.48249662087227635	0.11137711258446137	1.0	1.0	1.0	0.0	1.0	1.0	0.0	1.0	0.0	1.0	7.0
4750000	1.1904990435632952	0.5907792252847591	1.652970185203875	0.3369273598404339	0.6127478817457089	1.392517005303727	0.8139611393068672	0.8591401619774016	0.8192439588302484	0.28240467888115345	1.0	0.0	1.0	0.0	1.0	1.0	0.0	1.0	0.0	1.0	6.0
5000000	0.07260046983012436	0.8899734536708173	1.2058980163195496	2.390052715757465	0.3850765675759727	0.9542721925058243	1.2358454630627487	1.0030522366187133	0.5587584640079701	0.3474569361302269	1.0	0.0	1.0	0.0	1.0	1.0	0.0	1.0	0.0	1.0	6.0
5250000	0.75001501702738	0.3326420292440533	1.8804976316807622	0.016597435537579114	0.4342657088836001	3.2320500490349198	0.12842386466159908	1.1964961870779878	0.734384519855199	0.6514833952707911	1.0	0.0	1.0	0.0	1.0	1.0	0.0	1.0	0.0	1.0	6.0
5500000	0.455786704459584	0.4461151382571902	0.5761470493819542	1.975176163939304	0.5741323979952984	1.0789558464900073	0.4552369845201203	0.5155690551988198	1.2074725292123398	0.6387344623312945	1.0	0.0	1.0	0.0	1.0	1.0	0.0	1.0	0.0	1.0	6.0
5750000	0.18061991874713457	0.5928577553020612	1.7301648178467106	2.328796529635668	0.23639249273248047	1.7920284714211014	1.5156602968481545	0.7884768000493986	0.5470627063237856	0.31482192064433095	1.0	0.0	1.0	0.0	1.0	1.0	0.0	1.0	0.0	1.0	6.0
6000000	0.5512961819435555	0.16154137549672093	1.06905415194684	1.673746263424142	0.409933460371235	1.438198436920688	0.12216213431822352	0.9672236033625264	1.1699997304472771	0.28313750953836997	1.0	1.0	1.0	0.0	1.0	1.0	0.0	1.0	0.0	1.0	7.0
6250000	0.30667188655786554	0.7929973154505848	0.3913035213268954	0.13589008776287223	0.13797030461417345	1.1379385994167572	0.13877978182765704	0.2956593756999529	0.8133920522491493	0.40843966871199117	1.0	0.0	1.0	0.0	1.0	1.0	0.0	1.0	0.0	1.0	6.0
6500000	0.2190594682371719	0.9767024228514096	0.7625992341181096	0.4236858353322477	0.1639334566283488	0.5116153533006461	2.0235897732336894	0.43037141735732753	1.113450985213475	0.26081617609981894	1.0	0.0	1.0	0.0	1.0	1.0	0.0	1.0	0.0	1.0	6.0
6750000	1.1829771096776398	0.12993437599953406	0.7039300107111405	1.1632010438288902	0.33043163807328196	1.3152492021686104	0.05061534622480973	0.9049161481041732	0.2827497592732789	0.6901367636764201	1.0	1.0	1.0	0.0	1.0	1.0	0.0	1.0	0.0	1.0	7.0
7000000	0.26147098474385133	0.0380253692950055	0.48458263593339174	0.10208169140209185	0.3246619482116131	1.3213215999077412	0.6630339484215354	0.7601369941779321	0.6932803686472158	0.19748140295292124	1.0	0.0	1.0	0.0	1.0	1.0	0.0	1.0	0.0	1.0	6.0
7250000	0.5435555116882965	0.37909016027081816	0.3746130027077685	0.7120666583150859	0.23528025738742211	1.1879263523726777	0.032440907080368286	0.997945988516078	1.2887200143170652	0.43488830738248363	1.0	0.0	1.0	0.0	1.0	1.0	0.0	1.0	0.0	1.0	6.0
7500000	0.6979669054267209	0.13294821345937244	1.3310953903813414	2.801068785345528	0.4571917593535	3.107149845415744	0.6413041274447479	2.0440035867587185	0.45035049747599276	0.4051570505825772	1.0	0.0	1.0	0.0	1.0	1.0	0.0	1.0	1.0	1.0	7.0
7750000	0.3869781454966396	0.1965158533943292	0.481325723528033	0.2126197891262916	0.30045186267259477	0.7046807721023263	0.8009848789561398	0.34734014297982996	2.7024478173298485	0.044959244660114264	1.0	0.0	1.0	0.0	1.0	1.0	0.0	1.0	0.0	1.0	6.0
8000000	0.7911497131074745	1.9749174405364052	0.8445071521461438	1.3680706527389768	0.29321369967056693	2.240918371857078	1.416228474653377	0.7565923121884932	4.254253144195546	0.35834921998729496	1.0	0.0	1.0	0.0	1.0	1.0	0.0	1.0	0.0	1.0	6.0
8250000	0.60581162664289	0.03858483162773368	2.0283729624522793	0.4663470047183719	0.08376798123156871	3.0471036617988374	1.170138426699437	3.641777020544832	1.535788084689922	0.32308716094853623	1.0	0.0	1.0	0.0	1.0	1.0	0.0	1.0	0.0	1.0	6.0
8500000	1.2295615743390569	0.3940622080201804	1.7272445921285393	0.15623072965823684	1.289058883991124	3.537691374486974	0.13029503936154826	1.2170509663835933	1.1378351910727775	1.2455573770994497	1.0	1.0	1.0	0.0	1.0	1.0	0.0	1.0	0.0	1.0	7.0
8750000	0.9325853449721877	1.806081764999758	1.3326188351191417	2.7563555599528766	0.535432998302669	3.820571195427408	0.1060506986783489	1.552927984259139	0.4824972903844401	0.16993924116963047	1.0	0.0	1.0	0.0	1.0	1.0	1.0	1.0	0.0	1.0	7.0
9000000	1.8200163340447244	0.2914639303431537	1.4163466674182639	0.560224042855154	0.5591240637442283	1.222386405049112	0.8962387648719026	0.8829832726650768	0.21378011378100684	1.2651448215076306	1.0	0.0	1.0	0.0	1.0	1.0	0.0	1.0	0.0	1.0	6.0
9250000	0.06389987359910547	0.46239986448721687	1.0126920685115097	0.47281049016336063	0.5634616927098539	0.7499452186913316	1.2303039471965491	0.45084807649790315	0.19710600188078478	0.07451233444659122	1.0	0.0	1.0	0.0	1.0	1.0	0.0	1.0	0.0	1.0	6.0
9500000	0.3196292669009988	0.2808569858769821	2.458792920272421	0.24506278175128487	0.5119574314316997	2.7007031111370874	0.19074415481050935	3.8247352125345135	1.205421241697867	0.06026939811318877	1.0	0.0	1.0	0.0	1.0	1.0	1.0	1.0	0.0	1.0	7.0
9750000	1.1646661957277502	0.09199695705775794	1.4632403777250906	1.2286185863849182	1.1589087719272237	1.7330146692052977	0.7773161169529006	0.7904853882695448	1.3378215614509283	0.8104007353009741	1.0	1.0	1.0	0.0	1.0	1.0	0.0	1.0	0.0	1.0	7.0
10000000	0.6367228492148618	0.2948635072935606	1.3527453581110702	1.3278288315336362	1.4775880650281974	3.616718962452851	0.14950133321293452	3.1973767526290313	1.3121541374552081	0.35945818632800597	1.0	0.0	1.0	0.0	1.0	1.0	0.0	1.0	0.0	1.0	6.0
10250000	0.45305888140389466	0.2979643460650658	0.529691491308868	1.6452014433524964	0.5165403626968297	1.3805318919551253	0.3391023795705506	0.8581524386354731	0.4720003421113951	0.31251223957227453	1.0	1.0	1.0	0.0	1.0	1.0	0.0	1.0	0.0	1.0	7.0
10500000	0.18435233906704196	0.10658722248628283	2.0100246448584693	2.1827950680399653	1.2447585215868189	1.190211146656013	0.22033385830967156	1.5697821662390274	4.189024134288883	2.5200170268171433	1.0	1.0	1.0	0.0	1.0	1.0	0.0	1.0	0.0	1.0	7.0
10750000	0.7105970931551873	0.10400670750788071	1.1270652983547265	0.47231197967460914	1.264113618294543	2.3704590481236574	0.2460032993155593	2.0732441035414166	0.1201356709203872	0.11253754973526782	1.0	0.0	1.0	0.0	1.0	1.0	0.0	1.0	0.0	1.0	6.0
11000000	0.8106302131737911	0.20035737941305784	1.6582976461163943	0.034445286510228455	1.0061752725229083	0.8305279010852207	0.7155016867484442	1.4502165797325484	1.0278337210006652	0.41902900845544594	1.0	0.0	1.0	0.0	1.0	1.0	0.0	1.0	0.0	1.0	6.0
11250000	0.49326613136625486	0.7294722874773567	0.777465426695772	1.2777178718156965	0.30449530572521316	0.5755887752007917	0.7435246078488443	0.4854504375904018	0.38998556957340774	0.2297088759495648	1.0	0.0	1.0	0.0	1.0	1.0	0.0	1.0	0.0	1.0	6.0
11500000	0.5200717132162068	0.46853741187788006	1.4504307818841216	0.3858284382122526	0.8778183555297839	2.6535973531222887	0.25293926978704706	2.286051954973652	1.2892326048822311	0.2775468272330923	1.0	0.0	1.0	0.0	1.0	1.0	0.0	1.0	0.0	1.0	6.0
11750000	0.6226028974377017	1.6900340534618863	0.7143916974032878	0.4887198739063281	0.6693013184101353	1.8634957995283963	1.304520406336122	1.9926916013894411	0.6147499881590464	0.21164107316985897	1.0	0.0	1.0	0.0	1.0	1.0	0.0	1.0	0.0	1.0	6.0
12000000	0.4425981657822743	3.134552781308657	0.8552911164208631	0.4849215927935141	0.35624299136910137	1.6398208333269741	0.8031646629903623	1.3647870478271829	0.1834313484348507	0.17580993963915656	1.0	0.0	1.0	0.0	1.0	1.0	0.0	1.0	0.0	1.0	6.0
12250000	0.7826529005019194	4.54577934038719	0.6783153444443919	2.534127271349821	1.0607377060166718	1.967660852698073	0.40376649389367386	1.6767193316961202	3.088903197869416	0.4301166337941301	1.0	0.0	1.0	0.0	1.0	1.0	0.0	1.0	0.0	1.0	6.0
12500000	1.6043210853170309	4.558482337054134	1.21638953472281	2.0105573540984714	0.5095011725306436	2.3169673116404947	0.6295705665696953	2.248567893993285	0.3272561227352179	0.10606940082067547	1.0	0.0	1.0	0.0	1.0	1.0	0.0	1.0	1.0	1.0	7.0
12750000	0.5451111215442546	0.15620802101468048	0.7010656956115859	0.2678666502922329	0.7943311646744315	1.052938627324156	0.17406479125721017	0.8193844570274526	0.02934786805839813	0.09823153205216152	1.0	1.0	1.0	1.0	1.0	1.0	0.0	1.0	1.0	1.0	9.0
13000000	0.6515656344510137	2.4807614268901643	1.8970610631852096	1.0872980292124148	1.0243516465687057	3.4395061485112413	0.27458943126839847	2.6180175990122754	0.38989537893895204	0.8334931331749653	1.0	0.0	1.0	0.0	1.0	1.0	0.0	1.0	0.0	1.0	6.0
13250000	0.5519783534662838	0.11469553038080868	0.7697507903053972	0.413698965659483	1.207369754249992	1.7559773863702197	1.8105063493355158	2.4434264816331552	3.889518256642524	0.23174148241113016	1.0	1.0	1.0	0.0	1.0	1.0	0.0	1.0	0.0	1.0	7.0
13500000	0.49475788761294276	0.8046979055168835	1.2147291217203313	0.3134814162569946	0.4083283315291207	0.8719950646784704	0.8832793307910975	0.4306290460613953	0.012399144858513643	0.273352401421804	1.0	0.0	1.0	0.0	1.0	1.0	0.0	1.0	0.0	1.0	6.0
13750000	0.6374743953205898	0.1837446523429124	1.5253615303769934	1.8734907085433636	0.6171127056270047	1.171330542977855	2.1480563049230654	0.6109674172173933	0.10728183336757338	0.5897357077067289	1.0	0.0	1.0	0.0	1.0	1.0	0.0	1.0	0.0	1.0	6.0
14000000	0.23684875806319866	0.10276190452877966	1.3349488976113297	0.12032451413653758	1.065542115137109	1.1849807698407933	0.39885448950771407	1.1764975668624793	0.6882663510350643	0.234540604903835	1.0	0.0	1.0	1.0	1.0	1.0	0.0	1.0	0.0	1.0	7.0
14250000	0.2577266386253633	0.1860283748545789	1.030417689069544	0.8880887804281036	1.023298164882734	2.479433087512871	0.16350939429436323	1.845453505490712	0.9114367578796292	0.5402768838765667	1.0	1.0	1.0	0.0	1.0	1.0	0.0	1.0	0.0	1.0	7.0
14500000	0.46211717967951516	0.23265512464583843	0.8830320408824214	0.5620553371244962	0.4848538047559252	1.0753789742014204	0.8380401489503299	0.7149636875287905	0.2674380336427445	0.2242789963047862	1.0	0.0	1.0	0.0	1.0	1.0	0.0	1.0	0.0	1.0	6.0
14750000	0.3147103119826657	1.3850210075112446	0.9950660419647973	0.6795914608963876	0.7712881001279778	0.7986497264988951	0.2030289085749535	1.7094888955640268	1.7696805293621616	0.4839249309191808	1.0	0.0	1.0	0.0	1.0	1.0	0.0	1.0	0.0	1.0	6.0
15000000	0.9195342849333232	1.270339005363155	1.1967738905704697	1.9623563712759677	2.5247854697429135	3.5226212159453287	2.9176359143812496	4.056578954475762	0.9527594483716127	0.5835815881256312	1.0	0.0	1.0	0.0	1.0	1.0	0.0	1.0	0.0	1.0	6.0
15250000	0.4772013304512585	1.4145158524268127	1.613112399783659	0.45521263280132307	0.6682731898273565	1.5964744058583251	3.621318440602644	0.8214694907221525	0.13259519675092327	0.7174898863618993	1.0	0.0	1.0	0.0	1.0	1.0	0.0	1.0	0.0	1.0	6.0
15500000	0.41323988968252534	2.118755159378257	0.6160634893469599	0.16805077395938073	1.304194397194429	2.4900011742914594	0.12448660112046525	1.3154057802653316	0.06742746586109692	1.691348619014303	1.0	0.0	1.0	0.0	1.0	1.0	1.0	1.0	0.0	0.0	6.0
15750000	1.5696453487390887	0.20614106724662334	0.4812889850411807	0.6915173662321377	0.6566108482445827	1.5062426301674217	2.0261311678910263	0.7614764249828401	0.15352938796586083	0.287911676753869	1.0	0.0	1.0	0.0	1.0	1.0	0.0	1.0	0.0	1.0	6.0
16000000	0.7825956460737682	0.9985072641488342	0.8767609643702042	2.500522280051717	1.0344510849686466	1.0850959554198307	0.6028181607065509	2.3456511498741603	3.785629109082592	0.3605305033382674	1.0	0.0	1.0	0.0	1.0	1.0	0.0	1.0	0.0	1.0	6.0
16250000	0.22863292481580977	0.4939195375100032	0.857827637815941	0.08901119126460011	0.6123471703975891	1.3385668814659022	0.2469687000955714	1.3215213077181356	0.6677730301110678	0.2618805413348029	1.0	0.0	1.0	0.0	1.0	1.0	0.0	1.0	0.0	1.0	6.0
16500000	0.32044426869740883	2.1582765364884433	1.0355317552452623	0.41941167987636874	0.9895276556126591	1.2045877310130335	0.3873312350475237	0.6260559500022268	0.35973526668290523	0.27319876082697475	1.0	0.0	1.0	0.0	1.0	1.0	0.0	1.0	0.0	1.0	6.0
16750000	0.412032229909315	0.035925174368493705	1.0309470877762317	2.6963619109982497	0.5844818762106785	1.2221713936543424	1.0548243600023097	1.2366431025335434	0.5496035448035914	0.605198133460062	1.0	0.0	1.0	0.0	1.0	1.0	0.0	1.0	0.0	1.0	6.0
17000000	0.6485862344004459	0.04676833977088725	1.2755221771099154	1.7253284587668147	0.49880912762890345	1.9375474858691872	1.339962430901296	1.4748619179639455	2.2707006281058133	0.3283980747561588	1.0	0.0	1.0	0.0	1.0	1.0	0.0	1.0	0.0	1.0	6.0
17250000	0.0702119382657574	0.12169011514275557	0.9039555761070128	0.3509088373671668	0.3701027481071021	1.1703609600495948	0.0011517044905118136	0.8198123217893732	0.01103968586763161	0.34621454309337335	1.0	0.0	1.0	0.0	1.0	1.0	0.0	1.0	1.0	1.0	7.0
17500000	0.19416147035675754	1.6766830012593203	1.0432169898628463	0.008081846584788194	0.6454845095739895	1.969739881722233	1.1934426633335002	1.0543382938158778	0.04872662194551792	0.3139782086794179	1.0	0.0	1.0	0.0	1.0	1.0	0.0	1.0	0.0	1.0	6.0
17750000	0.3551862261881735	1.913019292823783	0.45458875695941575	0.28460494488951255	0.2694318293258234	0.8045068333390176	0.21393382530939847	0.7095561195477752	0.07711878290902953	0.25601254616982366	1.0	0.0	1.0	0.0	1.0	1.0	0.0	1.0	0.0	1.0	6.0
18000000	0.6689854354386554	0.3396595557961807	0.7615091791041686	0.1384309911124835	0.6820970349075135	0.5349024313489481	0.9709773230911031	1.458477318328406	1.1543102648728611	1.0444369284631745	1.0	0.0	1.0	1.0	1.0	1.0	0.0	1.0	0.0	1.0	7.0
18250000	2.085456417770955	0.5916632727060058	2.157833007614082	0.12575687515962397	4.638338453740421	3.597561615171917	0.39533856654480914	2.2365745705245814	0.5011350562504738	0.7082173538602443	1.0	0.0	1.0	1.0	1.0	1.0	0.0	1.0	0.0	1.0	7.0
18500000	0.3894880114024263	2.9553523791310012	1.5501968222349825	0.41552749536901434	1.4780675780160135	1.9952993289613323	0.7542493804041723	1.4717057654229722	2.1851398017613124	0.26543661999949936	1.0	0.0	1.0	0.0	1.0	1.0	0.0	1.0	0.0	1.0	6.0
18750000	0.14444478809045072	0.3113532566057523	1.2639017082264667	0.7554300817474203	1.4162930157530225	0.6762823600071708	0.8600399895357863	1.1595527474208198	0.7678121903594038	0.2836232552980488	1.0	0.0	1.0	0.0	1.0	1.0	0.0	1.0	0.0	1.0	6.0
19000000	0.8038288629085611	0.2265943737075282	1.176006906499818	0.22160150347390717	0.586180826908836	1.0644731449574734	0.5849494260926339	1.3264313237648224	1.292312317151059	0.34385414858654983	1.0	0.0	1.0	0.0	1.0	1.0	0.0	1.0	0.0	1.0	6.0
19250000	0.6998655754815944	0.754353851355652	0.9230782584753289	0.5868433379422398	1.8213284419198963	0.4813860553572596	0.6769420906631892	1.932213444587402	0.7086930054583827	0.6341534038876214	1.0	0.0	1.0	0.0	1.0	1.0	0.0	1.0	0.0	1.0	6.0
19500000	0.5236753029200003	1.6415178612753125	1.1414118165394787	3.8850464038304553	1.024106913774167	0.787324271606007	1.1202843091875119	1.5683035375805452	0.23366980148514988	0.28344610385336244	1.0	0.0	1.0	0.0	1.0	1.0	0.0	1.0	0.0	1.0	6.0
19750000	0.2934463384915125	0.006893371665240728	0.6735667045465051	2.092019807668352	0.8412908962340928	1.1751384662240243	0.07912959904327257	1.3478770659543182	0.36031789240877565	0.4442513278688634	1.0	0.0	1.0	0.0	1.0	1.0	0.0	1.0	0.0	1.0	6.0
20000000	0.3226820940538156	2.524761298946702	1.4691918550028717	1.0426920895279133	1.0386049582003154	2.6292066011778785	0.5397699442015991	1.976838401153042	0.7119261795791074	0.47649175425050305	1.0	0.0	1.0	0.0	1.0	1.0	0.0	1.0	0.0	1.0	6.0
20250000	0.6280803598543606	0.42205739205764303	0.5929773541362986	0.7103318652247116	0.41466795118563365	0.8686784369999997	0.9255144969001942	2.385507727670849	1.5949360254036529	0.5079781450902846	1.0	0.0	1.0	0.0	1.0	1.0	0.0	1.0	0.0	1.0	6.0
20500000	1.6161719545972932	2.0840916641964604	0.7491696338669784	5.618958192147835	1.040876416858407	1.4468613642696073	0.7228332052994794	1.4500102597316769	1.0698833885495234	0.6718237652795263	1.0	0.0	1.0	0.0	1.0	1.0	0.0	1.0	0.0	1.0	6.0
20750000	0.5596983245837949	0.2190178677241973	0.8067775936230512	3.8109602669373452	0.9063967561345926	1.489264010042628	0.8684794555178915	2.1538748854796146	0.28133188651887936	0.9617194113060703	1.0	0.0	1.0	0.0	1.0	1.0	0.0	1.0	0.0	1.0	6.0
21000000	0.3981619007519735	0.3400791967836178	0.24034199596534278	0.9943943901039802	0.3836081124291065	0.5396849681702455	1.5187798581567922	0.7769855202023616	0.4075329760441535	0.19944665059552422	1.0	0.0	1.0	0.0	1.0	1.0	0.0	1.0	0.0	1.0	6.0
21250000	1.358563318555983	0.21228821527593233	1.4844189397397696	0.9767563243462692	1.3638418585744485	1.6742236351156488	3.016664301803615	2.2698171267698375	0.4261928547836197	0.7564626517251767	1.0	1.0	1.0	0.0	1.0	1.0	0.0	1.0	0.0	1.0	7.0
21500000	0.4057400510174193	0.12966627599976638	0.8214643733401059	0.5443044436684878	0.19412888126417874	0.7984820404672175	0.32906660535860144	1.5227876406726486	0.1648381680591674	0.44113259326201343	1.0	0.0	1.0	0.0	1.0	1.0	0.0	1.0	0.0	1.0	6.0
21750000	0.5236659065131896	0.3603244316680149	1.5550348497323172	0.06806770182577553	0.6147506422598059	1.0653669443894098	0.07075835522094051	1.0597185774455784	0.8056777534026203	1.0464454302540753	1.0	0.0	1.0	0.0	1.0	1.0	1.0	1.0	0.0	1.0	7.0
22000000	0.47251033756399313	0.8481473094274264	0.6384536008270356	0.152746768067369	0.4828749311486871	1.043908002406956	0.6149647840460075	1.4544828774273706	0.8813398489854333	0.5262632922208982	1.0	0.0	1.0	0.0	1.0	1.0	0.0	1.0	0.0	1.0	6.0
22250000	0.7770962092714944	1.1877326300700939	1.5303915837483175	0.26544427619005134	0.8043470458157015	4.181845375691821	0.31181672676112593	1.722308375977587	0.5656154170415535	0.8689225148892173	1.0	0.0	1.0	1.0	1.0	1.0	0.0	1.0	0.0	1.0	7.0
22500000	0.5456268305868739	2.750715807479925	0.898821724018697	0.2641015260799966	0.35739077174277006	0.8473574931632532	0.660729047235175	1.1196308420215433	0.06227556530710359	0.49349265726756353	1.0	0.0	1.0	1.0	1.0	1.0	0.0	1.0	0.0	1.0	7.0
22750000	1.9960248914907663	0.45303194255327944	2.8291376256642535	3.2090088428375037	1.6042274180664717	2.5917496570234126	1.0285012124742947	1.2489576894286047	0.24580796861235243	0.36370818601693855	1.0	0.0	1.0	0.0	1.0	1.0	0.0	1.0	0.0	1.0	6.0
23000000	0.49002185744600196	0.4558898904015431	1.2800940552951543	0.3977611052490407	0.8567552557513277	0.8663782591262886	0.26412513186701847	0.9714838200438964	0.24277854985213201	0.13577954077089113	1.0	0.0	1.0	0.0	1.0	1.0	0.0	1.0	1.0	1.0	7.0
23250000	0.6654715023538631	0.8036716486001729	0.8631544449226195	0.5251906670534381	0.8525379619401361	1.04411180069305	0.0549764852654955	1.6699579492064072	0.49057493890009135	0.3885678419229724	1.0	0.0	1.0	0.0	1.0	1.0	0.0	1.0	0.0	1.0	6.0
23500000	0.5916849304778635	0.9098104139365227	2.720532679962229	1.1923222937019693	1.11101719018114	1.9096514370058069	0.3037446783223604	1.7317482961015636	0.5494692764157036	1.4785803038909775	1.0	0.0	1.0	1.0	1.0	1.0	0.0	1.0	0.0	1.0	7.0
23750000	0.8571305078710807	0.7785167824728503	1.90804912968559	1.0060058878414844	1.7542669012165124	2.0676372700703576	0.7067454769571628	1.289895145900736	0.27065067363249995	0.4158205808618426	1.0	1.0	1.0	0.0	1.0	1.0	0.0	1.0	0.0	1.0	7.0
24000000	0.8347661066272848	0.07097400045732086	2.017509721619956	1.9055490273080302	1.4145157835540774	2.967941511929854	0.10786408298350988	2.5349984405012083	0.2156137063087455	0.9072160213311871	1.0	1.0	1.0	0.0	1.0	1.0	0.0	1.0	0.0	1.0	7.0
24250000	0.8065806973313303	0.9748677249197675	2.2996607605357364	0.5934435377392523	0.8638123291147184	2.5394605146787494	0.037115939965489536	1.2108525490230049	0.42868955751297333	0.25235557728377406	1.0	0.0	1.0	0.0	1.0	1.0	0.0	1.0	0.0	1.0	6.0
24500000	0.712161165458206	0.5694595320977672	1.0811657886242687	1.423409082970166	0.5616928207896258	0.8358040626552297	1.5991862258904506	1.554307035563629	0.18311763947999812	0.2084524807722499	1.0	0.0	1.0	0.0	1.0	1.0	0.0	1.0	0.0	1.0	6.0
24750000	0.24829647157975362	0.08562989774775726	0.934755719676718	1.5228393914018021	1.319592882181436	2.085982474614498	1.3858074132491838	0.8164499697438071	0.18113231709888045	0.9473994456343858	1.0	1.0	1.0	0.0	1.0	1.0	0.0	1.0	1.0	1.0	8.0
25000000	1.2999858779144011	0.19991983889834605	0.6391474993325057	0.41958752300357943	1.522352789536379	0.5268127092896044	2.1686759298359983	0.5565030991088413	0.8841443119316412	0.0813949736641769	1.0	1.0	1.0	1.0	1.0	1.0	0.0	1.0	0.0	1.0	8.0
25250000	0.2660165395490762	1.4025470317430215	0.8640009663800929	1.8259004098712694	0.3670623987765291	1.127984012186112	0.47202474299717767	1.1964619239888918	2.04582177352985	1.428101814589613	1.0	0.0	1.0	0.0	1.0	1.0	0.0	1.0	0.0	1.0	6.0
25500000	0.6254622428211805	1.5416104179586887	1.864790872343517	0.15435045989182614	1.153960800677513	1.214382519607492	2.7458118557993165	2.8586844766370376	1.7821985821981683	1.0738319982992326	1.0	0.0	1.0	0.0	1.0	1.0	0.0	1.0	0.0	1.0	6.0
25750000	2.6683020420982024	0.12271202469751104	2.617342778414241	0.10097235931185258	0.874000252129147	1.8883332646768616	1.506288675746765	2.518547053549998	0.8949966415851401	1.5867358228421165	1.0	0.0	1.0	0.0	1.0	1.0	0.0	1.0	0.0	1.0	6.0
26000000	0.14442628323209872	0.5714172421638035	0.9240937328567751	0.4946114402374875	0.571940553257534	0.378708620587535	0.41686185985110913	0.7580769076422142	0.8247510002423588	0.07315158923834389	1.0	0.0	1.0	0.0	1.0	1.0	0.0	1.0	0.0	1.0	6.0
26250000	0.36652334196040237	1.9946742336003862	0.43887350797091	0.7214280945906583	0.2672867262017769	0.9203201520517867	0.3592814130528181	1.1728896904158526	1.8158728488286988	0.13064753614228675	1.0	0.0	1.0	0.0	1.0	1.0	0.0	1.0	0.0	1.0	6.0
26500000	0.24322512967510626	0.7622439349832205	1.4679627273433487	0.026956322570277996	2.3058691128591797	1.9025365199473028	0.052279858929193616	1.2658799743347138	0.9965253307304438	0.17064424832897998	1.0	0.0	1.0	0.0	1.0	1.0	0.0	1.0	1.0	1.0	7.0
26750000	1.8469705302331165	0.0959019522760207	1.2614476109629036	0.1112157367233039	0.6778484886708044	1.808374922045651	0.0026598098304890664	1.3414034565480721	2.2231406484228393	0.4373326344440333	1.0	1.0	1.0	0.0	1.0	1.0	1.0	1.0	0.0	1.0	8.0
27000000	0.5274802970371868	1.6254053834679585	0.8252568591065056	2.303606757579694	0.8097925196869767	1.025680854046545	1.5365638273631297	0.9722236084207869	0.36005156662319643	0.41465918179341377	1.0	0.0	1.0	0.0	1.0	1.0	0.0	1.0	0.0	1.0	6.0
27250000	0.8306585887777387	0.7266557143304857	1.3714382867551402	0.2409875505927282	0.5811836326995262	0.8173830401060986	2.9132162077799935	0.618066326918149	0.5981824100771058	0.5646712502445275	1.0	0.0	1.0	1.0	1.0	1.0	0.0	1.0	0.0	1.0	7.0
27500000	0.9803093603786568	0.40496797532737133	0.881441983443538	1.0292895758578622	0.8409731312820776	1.2747591971496204	0.2484992081669896	1.4927837130892974	0.3555352953004708	0.6782629101386728	1.0	0.0	1.0	0.0	1.0	1.0	0.0	1.0	0.0	1.0	6.0
27750000	0.25669559590573304	0.7477449051450549	1.5046202236805717	0.38298356150977425	0.6170046123034487	1.0367987371043088	0.12943229074577345	1.6723671619487512	0.4321528878835891	0.46071084021354486	1.0	0.0	1.0	0.0	1.0	1.0	0.0	1.0	0.0	1.0	6.0
28000000	0.07030058518778501	0.31304308614852966	0.8885949195198577	0.469363091273397	0.3282214668124986	0.5789621062180812	0.2748966460574669	0.8127393530426154	0.076120916130203	0.06711022027718402	1.0	0.0	1.0	0.0	1.0	1.0	0.0	1.0	0.0	1.0	6.0
28250000	0.5612608901105167	2.925227179166756	3.0356475215425034	0.13245076213443982	0.9509815846698404	2.014186507329638	1.3561018953211295	2.8912772058081098	6.186853106566104	0.7509658572204629	1.0	0.0	1.0	0.0	1.0	1.0	0.0	1.0	0.0	1.0	6.0
28500000	0.6054726731528562	0.6143647287226406	0.8220901227629472	0.3279660268151749	1.625593497322359	1.1632821644181373	4.392616937276248	3.7175241959942857	0.29831193331060324	0.8123215756966108	1.0	0.0	1.0	0.0	1.0	1.0	0.0	1.0	0.0	1.0	6.0
28750000	0.4510555168435865	0.6772974117141458	1.4968402088379096	0.25672949945760154	2.6873639805125062	1.8267767652194549	0.26494777389996227	4.664147920297022	1.67430086247251	0.3086137204046073	1.0	0.0	1.0	0.0	1.0	1.0	1.0	1.0	0.0	1.0	7.0
29000000	0.5081445627615817	0.16388614371482782	1.3532426970469176	0.718969044504213	1.2032031250937496	0.931970781436789	0.09198742155800674	1.8866275956541054	0.09993710113236484	0.845106584614324	1.0	0.0	1.0	0.0	1.0	1.0	0.0	1.0	1.0	1.0	7.0
29250000	0.18711219322252393	1.5626936380232688	2.127145154717293	2.2993541355119627	1.4682074428958782	1.337308632594373	1.0835752452848821	2.2703505480466064	2.582733250668255	1.9614951232087403	1.0	0.0	1.0	0.0	1.0	1.0	0.0	1.0	0.0	1.0	6.0
29500000	1.0912177603841402	0.22203432205940454	0.4757981847929117	0.1090126406150334	0.733183825855006	1.0503587011671744	0.7614092933893639	1.7405290997713623	1.2670965917757084	0.5503519846648309	1.0	0.0	1.0	1.0	1.0	1.0	0.0	1.0	0.0	1.0	7.0
29750000	1.330622910660571	0.34555759691843163	1.4662660800357477	1.0166095449914856	2.0391697927875967	0.9527127362629902	1.084512589249545	3.2491598493511105	0.1544332258904027	0.5804177499204541	1.0	0.0	1.0	0.0	1.0	1.0	0.0	1.0	0.0	1.0	6.0
30000000	0.7954283764837164	1.6263354066485267	0.8290302488578245	0.5421060209810474	0.3494985420556501	0.85151528919118	0.23804796587054552	1.6006510132717446	1.244528636945023	0.5001018093511587	1.0	0.0	1.0	0.0	1.0	1.0	0.0	1.0	0.0	1.0	6.0
30250000	0.6002400566759869	1.1151292209390986	1.0582151497043695	1.8292001874677386	1.7958566291452864	2.130185894279095	2.291943101851072	5.02355741924101	0.09144885845092245	0.725123914106757	1.0	0.0	1.0	0.0	1.0	1.0	0.0	1.0	0.0	1.0	6.0
30500000	0.45941101832506787	0.8196781525115728	0.9879911588981353	0.5715012842887291	0.47635819676801316	0.7034372899567211	0.39028998762575073	1.3262122223883164	0.9552181595528098	0.4025825581009431	1.0	0.0	1.0	0.0	1.0	1.0	0.0	1.0	0.0	1.0	6.0
30750000	0.21961361837563018	2.148468160681852	2.7936406744914235	0.542778796406776	0.9800970131912448	1.9225912655708155	2.126396228701358	2.098805565372808	0.3963708573006208	0.41907671239462024	1.0	0.0	1.0	0.0	1.0	1.0	0.0	1.0	0.0	1.0	6.0
31000000	0.3802068144198906	1.0614994635775412	0.6389824400946044	1.044473471297486	0.5045425558593547	1.0132789989473552	0.08004474661446245	2.0442185960414156	0.07785436258994655	0.17613143571258358	1.0	0.0	1.0	0.0	1.0	1.0	0.0	1.0	0.0	1.0	6.0
31250000	0.309843806457131	1.7597430626970856	0.3814164941417154	0.21781448166490297	0.3899137648361127	0.39205003432114943	2.1576915655488667	0.4571283371367878	0.9157685505867854	0.10769588864043736	1.0	0.0	1.0	0.0	1.0	1.0	0.0	1.0	0.0	1.0	6.0
31500000	0.6579457856304951	0.04380724410235768	1.385884883834671	1.105268368666216	0.47344444825443327	0.9893381531806894	3.235576111463879	1.9929840016760942	1.6509976631080518	0.909907257452169	1.0	1.0	1.0	0.0	1.0	1.0	0.0	1.0	0.0	1.0	7.0
31750000	0.4230986757781836	0.248492906030907	0.6663348137999116	3.588393581080799	0.8266356881143415	1.5143197706940177	0.3496344354291507	2.111369291556907	0.5088429074836346	0.4484880247029684	1.0	1.0	1.0	0.0	1.0	1.0	1.0	1.0	0.0	1.0	8.0
32000000	0.4739016955305304	0.2646373941480539	0.7529856711177095	1.3170883618885951	0.13980491594411665	0.4128457348907631	0.23563373663586895	0.8902352720386794	0.567644198145249	0.4799185805418649	1.0	0.0	1.0	0.0	1.0	1.0	0.0	1.0	0.0	1.0	6.0
32250000	0.4008756189550078	0.8244605999832905	1.339585415196472	0.274960275531476	0.8809394422731386	0.8959123073116513	1.994977137145966	2.453359966335302	0.9942883935928474	0.5765367950409598	1.0	0.0	1.0	0.0	1.0	1.0	0.0	1.0	0.0	1.0	6.0
32500000	2.5564711764055215	0.7513566644051834	2.8411404845859494	0.46854610984671	0.513262136070308	1.9237051823355271	0.20093086953989492	3.039828781090941	0.9510496757677909	0.7850343060736644	1.0	0.0	1.0	0.0	1.0	1.0	1.0	1.0	0.0	1.0	7.0
32750000	0.14922135123794264	1.0418189723313154	1.1352335301031775	0.5032501979610569	0.7555501838357953	0.8077358116668033	0.4273716804989689	1.8361515361210146	0.6585443495355013	0.07189669278632115	1.0	0.0	1.0	0.0	1.0	1.0	0.0	1.0	0.0	1.0	6.0
33000000	1.060770947317565	2.36970525735271	3.3226669261066397	0.027016145414302695	0.6225901860669614	1.9189620704606971	1.2180691613032477	5.165157885601913	0.056809740539125755	1.5962175206353282	1.0	0.0	1.0	0.0	1.0	1.0	0.0	1.0	0.0	1.0	6.0
33250000	0.6612533761254835	0.4265092198625974	0.9653443833823337	0.30235827089940004	0.7651027919350382	0.709766437001187	1.937622384968353	0.9301243747030631	4.908374226678567	0.27105267837080305	1.0	0.0	1.0	0.0	1.0	1.0	0.0	1.0	0.0	1.0	6.0
33500000	0.39964044466941157	0.6344893438881808	0.7951780403116082	0.19663369497051775	0.5187391496414921	0.5590344012205074	0.920960173310061	0.9647087814940196	0.10392008374930883	0.15140056301327928	1.0	0.0	1.0	0.0	1.0	1.0	0.0	1.0	0.0	1.0	6.0
33750000	0.44134164805872345	0.16824211272248546	1.23058890040243	0.34441469533909186	0.11875781890022223	1.0472513432917767	0.8490490898898889	1.5954912573616322	1.0782876745145629	0.39890843671973536	1.0	0.0	1.0	0.0	1.0	1.0	0.0	1.0	0.0	1.0	6.0
34000000	0.32604356249977323	0.4937216736821491	1.1932304411000292	0.10660678432624546	0.26393571645798863	1.0109249351508458	2.8510273561941863	1.70505561132929	1.618434672627226	0.7533054308668106	1.0	0.0	1.0	0.0	1.0	1.0	0.0	1.0	0.0	1.0	6.0
34250000	0.4323138776895388	0.24060878023735036	0.4315116734620823	1.8302614229911323	0.3461766043249572	0.7276414406264632	1.4084059072806296	1.4531926448853791	0.6891132433574834	0.3093625368203791	1.0	0.0	1.0	0.0	1.0	1.0	0.0	1.0	0.0	1.0	6.0
34500000	0.7296228145560573	0.17829916488592126	1.0107356017424558	0.04633335516774186	1.2487370120344898	2.148304047609466	0.2953759912131115	2.249043404520159	2.57405423591132	0.7983439400881414	1.0	0.0	1.0	0.0	1.0	1.0	0.0	1.0	0.0	1.0	6.0
34750000	0.22787585521576378	0.580487108734769	0.5287282850823346	0.43582197413585005	0.531324076352896	0.29842348542989994	0.27554449250585583	0.8224160925636069	7.059888406955889	0.16597450418155005	1.0	0.0	1.0	0.0	1.0	1.0	0.0	1.0	0.0	1.0	6.0
35000000	0.8683449331333052	0.47426936220163274	1.6483658540138217	0.7058919458744212	0.9566385821443697	1.4364994351865301	0.9774864115318388	1.3642298026984585	0.04359935963913083	0.38203083246915287	1.0	0.0	1.0	0.0	1.0	1.0	0.0	1.0	1.0	1.0	7.0
35250000	0.6064601374712996	0.5734478145531188	1.5740674861237296	0.3694326510640087	0.890263097052339	0.8824772247785405	0.031306429503799506	1.5586996240067519	0.8042010076966734	0.3915437823278278	1.0	0.0	1.0	1.0	1.0	1.0	0.0	1.0	0.0	1.0	7.0
35500000	0.3040165539972487	1.2080586565159623	0.5700868036934953	2.3997146942507346	0.7029941686787626	0.6341045605896923	0.5756461445193786	0.6976518642044331	0.2540202657070319	0.2578116356363051	1.0	0.0	1.0	0.0	1.0	1.0	0.0	1.0	1.0	1.0	7.0
35750000	0.2805073817305112	1.5530847248923254	0.5597689023489422	1.0508504720013416	0.9837237972995341	1.0684008214772818	1.423746327176965	0.7364215513175164	0.19997755525709923	0.1631621060639035	1.0	0.0	1.0	0.0	1.0	1.0	0.0	1.0	0.0	1.0	6.0
36000000	0.2971874744258651	0.1482069506290392	2.0052365094247726	0.9110970207070846	1.2120468969225107	0.5463861762256299	0.3493169708180888	2.563013280608945	0.6645446020115608	0.3579275473288156	1.0	0.0	1.0	0.0	1.0	1.0	0.0	1.0	0.0	1.0	6.0
36250000	0.507287981891382	0.5146628278047872	1.554992902958691	0.04365120758989865	0.7247708036534057	1.6297106418617584	4.80484584366403	1.5871922612097782	0.30181867147361263	0.33437902105076117	1.0	0.0	1.0	0.0	1.0	1.0	0.0	1.0	0.0	1.0	6.0
36500000	0.4230973399997502	0.4738138122722142	1.052931836216425	2.0995809730295356	0.8228795158949583	1.1793826948682977	0.2808585652853799	1.5596334491273875	0.2620571449545111	0.27483646595879296	1.0	0.0	1.0	0.0	1.0	1.0	1.0	1.0	0.0	1.0	7.0
36750000	0.497851743575912	1.5780096350568047	1.597247226231569	0.969383340554671	1.29920286627422	1.5229294817422008	0.6018281333872407	1.7725547757900595	4.2662264732219315	0.5704678419281354	1.0	0.0	1.0	0.0	1.0	1.0	0.0	1.0	0.0	1.0	6.0
37000000	0.3694623754930772	2.405607940988825	0.6760652275297864	3.7171960954305185	0.5493402664017424	0.3766749187189139	1.6407728054773156	1.4214291643393773	0.09339983317687306	0.2671931920503873	1.0	0.0	1.0	0.0	1.0	1.0	0.0	1.0	0.0	1.0	6.0
37250000	0.7697503082444801	0.4538714861003331	2.3301619220387657	0.7889651505462604	1.390712742157274	2.0394359715768418	0.08323366861841984	2.441646433089464	3.695397508528757	0.6080796824253198	1.0	0.0	1.0	0.0	1.0	1.0	0.0	1.0	0.0	1.0	6.0
37500000	0.1557100557484052	0.22032024736795996	0.3735988950852387	0.09608216027110777	0.11724401237005397	0.4060968467233166	0.36246180231591774	0.21668708408289586	0.9273313842069462	0.021422736486687403	1.0	0.0	1.0	0.0	1.0	1.0	0.0	1.0	0.0	1.0	6.0
37750000	0.41649091785933895	1.1289332065623336	0.833098055113337	0.5901826182366722	0.4819734274663938	0.39396438120132826	0.4739983489617535	0.690902561850193	0.08246450121186596	0.6363555329783294	1.0	0.0	1.0	0.0	1.0	1.0	0.0	1.0	0.0	1.0	6.0
38000000	1.3095549097111985	0.007526165235129457	1.1666233209440757	0.9971293281261242	1.7378659196182142	0.6687783115548905	2.197603866060916	1.3657744150174653	0.27105489231748603	0.257183097445931	1.0	0.0	1.0	0.0	1.0	1.0	0.0	1.0	1.0	1.0	7.0
38250000	0.6732859775620751	1.1708886799760014	1.3784357285385709	0.33954210339450563	2.2959375850360226	3.11433494363086	3.867878941489398	3.2143278806280535	0.4410607543387651	0.5806530767868102	1.0	0.0	1.0	1.0	1.0	1.0	0.0	1.0	1.0	1.0	8.0
38500000	0.5198136796742706	1.5665043514892258	0.5459575049617601	0.316897399669135	0.4430089108681386	0.6326606675069706	0.8222249251772323	0.8856472121676039	0.3654725109720523	0.3031857930378351	1.0	0.0	1.0	0.0	1.0	1.0	0.0	1.0	0.0	1.0	6.0
38750000	0.8849470012118562	0.1896876417515738	1.629273771355283	1.1426043627825229	0.6058397602869932	1.147673732218672	0.9684673728191955	1.9768621833326183	0.24112285558664082	0.7677088410735674	1.0	1.0	1.0	0.0	1.0	1.0	0.0	1.0	0.0	1.0	7.0
39000000	0.1696136751587715	0.8722085909072997	0.45143572279390454	2.6300259607259977	0.6290338234544062	0.9156203318212117	0.06881154340001898	0.7945909749104203	0.6129142276901123	0.10088459005435339	1.0	0.0	1.0	0.0	1.0	1.0	0.0	1.0	0.0	1.0	6.0
39250000	0.23925305034291888	0.9690788720417591	1.6584673420633251	1.4589967677817557	0.13367035747485895	0.6749618951303199	1.07365888922156	0.7318577586181717	0.3300297569326631	0.30905063335881866	1.0	0.0	1.0	0.0	1.0	1.0	0.0	1.0	0.0	1.0	6.0
39500000	0.37013176867084974	1.048621366318428	1.110457118295049	0.25424553927791943	1.7760936983404838	1.030913736048044	0.39414380388107895	1.4510913836556776	0.047900189979930674	1.1336355587661808	1.0	0.0	1.0	0.0	1.0	1.0	0.0	1.0	0.0	1.0	6.0
39750000	0.9370010377781818	1.8297409811534653	0.4161557223060084	1.3252599136795171	0.4847742981717379	0.8303336819560039	0.16255751670974591	2.5453156930964544	0.3682440898602831	0.6003042819052042	1.0	0.0	1.0	0.0	1.0	1.0	1.0	1.0	0.0	1.0	7.0
40000000	0.3830046649986838	0.029446790433386917	1.2889392492434453	0.5145022113168057	0.9121333052305729	1.3221756183306907	1.5534008470699938	0.7258792656697955	0.710788777622722	0.27358700304775774	1.0	1.0	1.0	0.0	1.0	1.0	0.0	1.0	0.0	1.0	7.0
40250000	1.0645446049268248	0.8508841040080859	2.6300459206756037	0.9118591546431014	2.4713039436753497	1.9327423633049996	0.44714497022872024	3.081205869010465	0.2532079968736654	0.7935034325661964	1.0	0.0	1.0	0.0	1.0	1.0	0.0	1.0	0.0	1.0	6.0
40500000	1.3641010298672929	0.47064696492080715	1.8697353506310312	0.07827758568363767	0.844074292663002	1.812270279452818	1.4939616798670536	3.3286504710838223	0.07451161595061867	0.9397246089589083	1.0	0.0	1.0	0.0	1.0	1.0	0.0	1.0	1.0	1.0	7.0
40750000	1.157300587749444	0.12461687780647018	0.8704581287264788	2.0440119340939926	0.7507377493693266	1.213425799516425	1.8696411995113535	0.5633794370790706	0.9057154402214668	0.22462017822514946	1.0	0.0	1.0	0.0	1.0	1.0	0.0	1.0	0.0	1.0	6.0
41000000	0.7953835996362557	0.055547391442241224	1.2374960698649053	3.2911640142661347	0.5926564357879236	1.2349359020481065	0.10684351927990199	1.38398676875621	4.232426185465952	0.29021274171868144	1.0	0.0	1.0	0.0	1.0	1.0	0.0	1.0	0.0	1.0	6.0
41250000	0.30963309079932494	1.7899030032060659	0.3149401743554471	0.259003649400105	0.35344742534889306	0.7059164417936635	2.883654959079036	0.7068428630658716	0.5821622053734588	0.10879686074562553	1.0	0.0	1.0	0.0	1.0	1.0	0.0	1.0	0.0	1.0	6.0
41500000	0.5343212255908611	1.9264237833451812	2.1278718780073103	0.6535380361246801	0.8528372287617199	0.9644400338510438	0.31407918383276984	0.4785196153726009	0.5343483694992422	0.5034492540845201	1.0	0.0	1.0	0.0	1.0	1.0	0.0	1.0	0.0	1.0	6.0
41750000	0.7222074672100569	0.09593053169122845	1.9409484776955268	0.30930056193484484	0.3891692933523865	0.5733608846475661	0.7124362616641009	0.7184530291347845	0.598359846652544	0.20765811357844607	1.0	0.0	1.0	0.0	1.0	1.0	0.0	1.0	0.0	1.0	6.0
42000000	1.617439825704674	0.19847077742617597	1.842263249061544	0.8553057939808071	3.8008999244802864	2.0120356931908736	0.162429412399111	2.1589985797682343	4.346344971274479	1.7673095090571982	1.0	1.0	1.0	1.0	1.0	1.0	0.0	1.0	0.0	1.0	8.0
42250000	0.5354601884839243	2.1916948027568277	0.4567947954473293	3.1785210917742304	0.5664344923368951	0.7563898327886855	0.19448178881546668	1.1386750411737132	1.2356329238896169	0.5617962545670795	1.0	0.0	1.0	0.0	1.0	1.0	0.0	1.0	0.0	1.0	6.0
42500000	1.0318328216389234	0.9668614207963105	4.669508515692971	0.276988664465481	1.936146707758776	1.723008474913474	2.2886171642518316	5.249277993640716	0.04438956526639778	0.4290795492771989	1.0	0.0	1.0	0.0	1.0	1.0	0.0	1.0	0.0	1.0	6.0
42750000	0.37040414867729426	0.34764616435919377	1.2508988945259714	0.11924588732270255	0.8782013617491148	0.5919189024555235	0.18453938089078178	2.033902148759861	1.4923405394602487	1.0616284425517883	1.0	0.0	1.0	0.0	1.0	1.0	1.0	1.0	0.0	1.0	7.0
43000000	0.17029625492647307	0.5826229315588707	0.9194818535317719	0.08385301365105524	0.32659847083898785	1.0313712673385997	1.27841166293546	0.871953845499809	1.4582355763195691	0.7928563279470892	1.0	1.0	1.0	1.0	1.0	1.0	0.0	1.0	0.0	1.0	8.0
43250000	0.2607033171784636	1.1603993077077528	0.6962672578713246	0.13638669690006247	0.37730911111807186	0.6558643184739318	0.4893339837146387	1.3387148627911827	0.8873847302380297	0.08521538337444254	1.0	0.0	1.0	1.0	1.0	1.0	0.0	1.0	0.0	1.0	7.0
43500000	1.0110562420685998	0.315435096577074	2.0341242167234226	0.7751783941295466	0.8156670493205462	2.1673912630788577	2.623487293506208	2.9057668356706765	0.4726064093571749	1.1735215193206294	1.0	1.0	1.0	0.0	1.0	1.0	0.0	1.0	0.0	1.0	7.0
43750000	0.5032167170576539	0.08005291636638585	0.6101408887912775	1.2041205433559397	0.32869923121677164	0.4422941187044804	0.8912726375693334	0.5648641987251698	0.5657413285172627	0.32950690792885745	1.0	0.0	1.0	0.0	1.0	1.0	0.0	1.0	0.0	1.0	6.0
44000000	1.303447213112132	1.5225165137553174	2.7741421022917137	0.1851980448787389	1.4039443949637744	1.99085578530127	0.5705311671203722	2.3031067377141436	2.254994644288992	1.9324348221299497	1.0	0.0	1.0	1.0	1.0	1.0	0.0	1.0	0.0	1.0	7.0
44250000	0.9823543841854665	0.5711971344791364	2.9355744226091764	1.0489118957586916	1.4271017521082874	1.1650325488703182	0.3675543960337732	0.8613268471452133	1.032992760145015	0.6398416209704018	1.0	0.0	1.0	0.0	1.0	1.0	0.0	1.0	0.0	1.0	6.0
44500000	1.0320805254773644	0.7288026009958288	1.1819933922222015	0.6907410998899345	0.5208272712293908	1.4647277030313728	2.0479787343987272	1.1298453609974326	0.5510679759798174	0.7753730962271087	1.0	0.0	1.0	0.0	1.0	1.0	0.0	1.0	1.0	1.0	7.0
44750000	0.6283667742889882	2.5950795649219636	0.7261170233702433	0.04472780611062695	0.47391182071122984	0.8957333579101919	0.21060593678968148	0.6326759684123238	0.7018460338873213	0.092828294992537	1.0	0.0	1.0	1.0	1.0	1.0	0.0	1.0	0.0	1.0	7.0
45000000	0.9333691078903269	1.4718998981406994	1.8135930142400838	0.239255101326329	1.3417983251160752	1.3574708067364205	1.1833922818093743	1.9980304558273956	0.8650326945996599	1.0160542537036377	1.0	0.0	1.0	0.0	1.0	1.0	0.0	1.0	0.0	1.0	6.0
45250000	2.0759165262362824	0.1316723157486079	1.2177940434008505	0.4609817525596346	0.5199203657822196	1.4292950035053817	0.8068566405764058	3.891580733433382	0.875426749750072	0.6422814502883625	1.0	0.0	1.0	0.0	1.0	1.0	0.0	1.0	0.0	1.0	6.0
45500000	0.5154170430105192	0.010279272603794262	1.1493706646179527	0.5733515873386921	1.7851587853549424	0.9704310916549426	6.697315795071713	1.0189471426383983	0.3993458932646217	0.5093923548015235	1.0	0.0	1.0	0.0	1.0	1.0	0.0	1.0	0.0	1.0	6.0
45750000	0.9098332006462325	0.2685870239843968	0.7039220234319494	0.4940442662023883	0.4236689796404475	0.7783074709109666	0.1938967803384088	1.0886621432892125	0.0777877915741368	0.29414040868257896	1.0	0.0	1.0	0.0	1.0	1.0	0.0	1.0	0.0	1.0	6.0
46000000	1.1565537289351218	0.24287680293451835	1.959199940522792	0.4331156669525427	1.442699989854365	1.1285115744526377	0.04131442202924154	2.1371973848812216	0.04714214419443279	0.11282577611055326	1.0	0.0	1.0	0.0	1.0	1.0	1.0	1.0	0.0	1.0	7.0
46250000	0.24808961357423961	1.2899808543700215	0.6422189124383961	1.118229737331932	0.33897263162718866	0.7659241998318959	2.57814620196071	0.6478252362254205	0.27074946154062307	0.3086439219217749	1.0	0.0	1.0	0.0	1.0	1.0	0.0	1.0	0.0	1.0	6.0
46500000	1.019604500657155	0.1044874492584358	1.6463511019288934	3.6424656785216833	1.0750238723152823	1.846545437774338	0.08854096764050252	2.7292791707601967	1.651296583796887	0.5888029736040724	1.0	0.0	1.0	0.0	1.0	1.0	0.0	1.0	0.0	1.0	6.0
46750000	0.7023228282530032	0.497320503117243	1.5658789842789629	0.628154138219786	1.0263346712991377	1.4058013451345062	0.16201448287768666	1.3716613094848615	1.8357925016831718	0.02495120624588284	1.0	0.0	1.0	1.0	1.0	1.0	0.0	1.0	0.0	0.0	6.0
47000000	0.5725472992779543	0.39894544515968744	2.757432599381563	0.18311252123546395	1.3037508245324545	1.2535429889438165	4.25928007690387	3.7443329652679624	0.5065741649895216	1.0342879455225802	1.0	0.0	1.0	1.0	1.0	1.0	0.0	1.0	0.0	1.0	7.0
47250000	0.17666481227031944	0.5979733607376421	1.6779244720252668	0.7307931311795	1.2382300044104155	0.7185420615153402	1.7908340751524667	1.645206585552863	1.3957047900921895	0.2725198284433908	1.0	0.0	1.0	0.0	1.0	1.0	0.0	1.0	0.0	1.0	6.0
47500000	0.7486058285414869	3.9677863311515464	2.1649956842334825	0.7512812679593592	1.8906987501198325	1.1215388899838161	0.6849158262419484	1.9691689552901606	1.4984125106810648	0.45293212064698674	1.0	0.0	1.0	0.0	1.0	1.0	0.0	1.0	0.0	1.0	6.0
47750000	0.3948116609045281	0.8173485261181126	0.8730435195196937	0.301177797670114	0.9016893378010653	1.1142514171943971	1.5493996876359433	1.3713818880240274	1.642185194841331	0.43688558876156064	1.0	0.0	1.0	1.0	1.0	1.0	0.0	1.0	0.0	1.0	7.0
48000000	0.2316256685069104	1.043714606780868	0.8614308096577618	0.16623179441408295	0.5764984285881674	0.6881561135395666	0.00830555188544497	1.1333411503056698	0.09391913822070351	0.3683591930596099	1.0	0.0	1.0	0.0	1.0	1.0	1.0	1.0	0.0	1.0	7.0
48250000	0.8110787971240717	0.7514264020380892	1.6198737865805795	2.1867717402156193	1.6683211047690423	1.769014627357989	0.9513640931627123	1.389630532787092	0.605582498824683	1.333071172653036	1.0	0.0	1.0	0.0	1.0	1.0	0.0	1.0	0.0	1.0	6.0
48500000	0.8780738368119771	1.622790006017893	0.6878759290014309	0.9810630847457105	0.5657479196572263	0.8406037045939128	0.4756621977955742	0.9603394047402053	3.242654981764404	0.48831323471030186	1.0	0.0	1.0	0.0	1.0	1.0	0.0	1.0	0.0	1.0	6.0
48750000	0.9947222277830832	0.3071438465279906	0.6853574974651977	2.3175122389800054	0.45761505150895654	1.1783285172765479	2.556745812501733	2.007627203701555	1.101890383593549	0.3056071538027135	1.0	0.0	1.0	0.0	1.0	1.0	0.0	1.0	0.0	1.0	6.0
49000000	1.2443875973866718	0.6463448069746244	0.9491287236253295	0.03351972572091304	1.0898524294709941	1.74151288850489	1.2219610900530935	1.6241905251254178	0.3509697036778014	0.9423254397492414	1.0	0.0	1.0	1.0	1.0	1.0	0.0	1.0	0.0	1.0	7.0
49250000	0.29899568467632465	0.3273868352820807	1.979262866176013	1.7187084465194704	0.5103128585661777	1.8231198005084681	0.006108433831441885	1.7909463298013528	0.7784282427099762	1.0599723968660015	1.0	0.0	1.0	0.0	1.0	1.0	0.0	1.0	0.0	1.0	6.0
49500000	0.45596814864341667	0.555717536999866	1.927157803986381	0.5592917414634571	0.24380549540828306	1.7083699921265212	1.1247038136925311	1.994065357602096	0.4443161563733139	0.23148426570813396	1.0	0.0	1.0	1.0	1.0	1.0	0.0	1.0	0.0	1.0	7.0
49750000	0.480724712531396	0.1885047696822963	1.3278250047098255	0.42969110071512473	2.038402615201705	1.7267589347171406	1.6124199922455071	2.1767475273742662	2.6853656637504812	0.12090510256743295	1.0	0.0	1.0	0.0	1.0	1.0	0.0	1.0	0.0	1.0	6.0
50000000	0.3600199284203484	0.17247229219828927	0.5817479112483624	0.7918421489224944	0.5364614786641327	0.5439154674782238	0.18509724458836901	0.6064384148351953	0.41547341355520995	0.4634252145598914	1.0	0.0	1.0	0.0	1.0	1.0	0.0	1.0	0.0	1.0	6.0
50250000	0.48584775264838476	0.261876325112714	0.667499278994424	1.507362523560211	0.32217442113077105	0.4036637713993128	0.5329746149624458	0.5540220736980555	0.19911140224915802	0.5855571488800568	1.0	0.0	1.0	0.0	1.0	1.0	0.0	1.0	0.0	1.0	6.0
50500000	0.6317313700926823	0.41708624947638706	1.2448107821709036	0.5571422744253139	0.7529164881107232	0.8957952788294228	0.11097471973581177	1.2018760794736982	0.993943935372394	0.8693960966012715	1.0	0.0	1.0	0.0	1.0	1.0	1.0	1.0	0.0	1.0	7.0
50750000	0.5700746549344264	1.918811056850868	0.9916692766111443	1.055231298506729	0.5174166261289058	1.1167407880608684	0.4939943957282026	0.9907938281534174	2.4630821024776246	0.48498949144397635	1.0	0.0	1.0	0.0	1.0	1.0	0.0	1.0	0.0	1.0	6.0
51000000	0.5776144885190218	0.17063208197420102	0.9935125181406804	1.599868274087375	0.39130299762197457	1.5521008258504139	3.689210524537677	1.2879725496951344	2.822171588191962	0.6440359253331502	1.0	0.0	1.0	0.0	1.0	1.0	0.0	1.0	0.0	1.0	6.0
51250000	1.2446619565503447	0.2840215389530802	2.0478317137040087	0.3718282459651208	0.7152878838104467	1.2643261037189135	0.7426185775962401	2.6089990909019787	0.12144770573173502	0.48324402394555743	1.0	0.0	1.0	0.0	1.0	1.0	0.0	1.0	0.0	1.0	6.0
51500000	0.4211764291197662	1.6663574367578426	1.357179099969401	0.14089890342646993	0.8679233446232727	1.3769708494980917	0.41165544553073397	1.798726847538021	1.0241941333464066	0.37031387563651375	1.0	0.0	1.0	0.0	1.0	1.0	0.0	1.0	0.0	1.0	6.0
51750000	1.063610568406274	2.225565834881937	1.7051136665327649	0.33108730903573935	0.6904941228260775	1.7468942381439765	0.2625599819884747	2.625447456591427	0.6097085543214841	0.7270725035343425	1.0	0.0	1.0	0.0	1.0	1.0	0.0	1.0	0.0	1.0	6.0
52000000	0.41659046199235167	0.05366353471595829	0.9047658628956629	1.3788288703305993	0.27791116581737085	0.9738911573737072	0.9911311592608227	0.7599223571592094	0.3846581317225109	0.40435963289846805	1.0	0.0	1.0	0.0	1.0	1.0	0.0	1.0	0.0	1.0	6.0
52250000	0.4512436042854579	0.002910368832394122	1.3333411292498478	0.05684281603663202	1.0568877944504163	2.592936950326943	2.1368545811336785	1.2836798361024717	0.4597924177236819	0.4535284210360403	1.0	0.0	1.0	0.0	1.0	1.0	0.0	1.0	0.0	1.0	6.0
52500000	0.44095938251366745	1.1359486618022316	0.5873637559254381	1.5300622883172852	0.5381739384225479	0.9822737222044426	1.2334441330146617	0.6897564999320811	0.23991651772304481	0.21146962028791408	1.0	0.0	1.0	0.0	1.0	1.0	0.0	1.0	0.0	1.0	6.0
52750000	0.35012144226974007	0.7833385062602041	0.7724731050459187	0.281615164251779	0.6519486147663063	0.8986523913596051	2.272754264059919	0.9768497418956027	0.921092582532931	0.027855629310392666	1.0	0.0	1.0	0.0	1.0	1.0	0.0	1.0	0.0	1.0	6.0
53000000	1.1638038519354499	1.8068123304177601	3.4249696762547095	0.47810786511162007	2.038030654473105	2.9055165031910803	0.31531054462327845	3.8970717144841713	0.01820559782555881	1.1853048916399587	1.0	0.0	1.0	0.0	1.0	1.0	0.0	1.0	1.0	1.0	7.0
53250000	0.7494509070874139	0.7830961021457351	1.2047390149406312	1.0649700187539692	1.8572031851588824	0.4452028950370818	1.4301716430714801	0.9165613257510453	1.7995147483790224	0.8895418442019412	1.0	0.0	1.0	0.0	1.0	1.0	0.0	1.0	0.0	1.0	6.0
53500000	0.5907087677530201	1.1656119140719008	1.3592683875412952	0.19721779708129686	0.8275892571535067	1.374412115091373	0.28273945824811886	0.9321381399183101	0.9506064435146842	0.5918141952624724	1.0	0.0	1.0	0.0	1.0	1.0	0.0	1.0	0.0	1.0	6.0
53750000	0.15770767366994234	0.09163392871901686	0.29177061267589377	1.2249511137739928	0.1615509860805611	0.6986975367262993	0.42882669375322496	0.65144986086718	0.5405615725618115	0.31384790196849216	1.0	0.0	1.0	0.0	1.0	1.0	0.0	1.0	0.0	1.0	6.0
54000000	0.8632053028523916	1.163818162171933	2.6056180464225296	0.4019543408584505	1.9091540830065008	1.7499434387128219	1.4794882991432328	3.7773293244768253	0.03411489867739396	1.5746771893530316	1.0	0.0	1.0	0.0	1.0	1.0	0.0	1.0	0.0	1.0	6.0
54250000	0.4296254875637902	2.3391714996919273	1.4678773732409083	0.8506644044984605	0.8912872810448083	1.5415915188514393	0.0017448823840659228	0.6854354541831502	0.8922761707346278	0.11116387247806915	1.0	0.0	1.0	0.0	1.0	1.0	0.0	1.0	0.0	1.0	6.0
54500000	0.41983902755912494	0.41259826548752604	1.0621325671643282	1.7847104147038693	0.30621264653216934	0.7686702643599016	0.16413819880248925	1.344690665858772	0.7564227232619736	0.2763645899473263	1.0	0.0	1.0	0.0	1.0	1.0	0.0	1.0	0.0	1.0	6.0
54750000	1.0848866194140059	2.6621941214011717	1.2267020430181155	0.058413719570111	1.2367006713094362	1.5003916307529002	0.15580513632349569	2.3669848765645334	0.5340978281216651	0.28638890118543064	1.0	0.0	1.0	1.0	1.0	1.0	1.0	1.0	0.0	1.0	8.0
55000000	0.7821685804128806	0.19726839840768537	0.9088080799888271	0.4871136600357871	1.3916940468765462	0.9224306478856393	1.07466686676694	0.751687005291137	0.3691169481008153	0.6844406194654296	1.0	0.0	1.0	0.0	1.0	1.0	0.0	1.0	0.0	1.0	6.0
55250000	0.39266563662553267	2.5458245306309504	2.209097658381427	3.101831723341795	1.3800649336950654	1.7092371682351155	0.3487040675741864	1.7433277411477668	3.007654190596676	0.3657950883626094	1.0	0.0	1.0	0.0	1.0	1.0	0.0	1.0	0.0	1.0	6.0
55500000	0.3895439328104529	0.9837092441431452	1.6795183262268405	5.187537338111409	0.35835759272030365	0.7997073951174034	1.6963644192955254	0.8293980876162231	1.3069450387427684	0.8902530960518008	1.0	0.0	1.0	0.0	1.0	1.0	0.0	1.0	0.0	1.0	6.0
55750000	0.18708916507601706	0.8514270991613342	1.2482450329089712	0.40653261469710855	2.0676425017092117	2.1371837214478977	1.5911557867133732	3.1183561991388533	1.6126549523950513	1.2539572617990906	1.0	0.0	1.0	0.0	1.0	1.0	0.0	1.0	0.0	1.0	6.0
56000000	0.6714027660287509	1.811371402213562	0.9504099558260373	1.1013415948286973	1.4683482600951558	1.3240767610016166	0.22108110190891855	0.44183106808066314	3.1129001765677247	0.44791245633980886	1.0	0.0	1.0	0.0	1.0	1.0	0.0	1.0	0.0	1.0	6.0
56250000	1.0420917953822593	1.9978626896471503	2.767255875646616	0.2855727218154365	1.6218729225382662	2.2325146007560575	0.364082038890506	2.909316952485366	1.016606668313005	1.0291642820603295	1.0	0.0	1.0	0.0	1.0	1.0	0.0	1.0	1.0	1.0	7.0
56500000	1.3400567557241538	0.3274907168623706	3.386813502255124	2.6628387692730735	2.278630278591805	2.1911656510740083	3.0782684278873758	1.8084413388779539	1.5330468062798228	1.2510543251484465	1.0	0.0	1.0	0.0	1.0	1.0	0.0	1.0	0.0	1.0	6.0
56750000	0.6610882103831585	0.5842776506830977	1.0311741677438793	0.21104752892100118	1.1727788457406976	1.522816032534863	0.12530902238867753	0.9308481465167586	0.9207281295189612	0.5311678284268111	1.0	0.0	1.0	0.0	1.0	1.0	0.0	1.0	0.0	1.0	6.0
57000000	0.7463381248725037	0.23473680766782254	1.0151689651921523	0.0988242390458797	0.445860868838155	1.3071679370397449	1.1721632175244945	1.2564647243026459	0.48448463162768063	0.22049094597048344	1.0	0.0	1.0	0.0	1.0	1.0	0.0	1.0	0.0	1.0	6.0
57250000	0.16727375503857397	0.2454102626930932	1.416417803024508	0.7630134156999516	0.9279945301248871	1.6661148399038932	2.227938016292761	1.5165969128369177	2.931362259087659	0.7510005798648605	1.0	0.0	1.0	0.0	1.0	1.0	0.0	1.0	0.0	1.0	6.0
57500000	0.4923820068889225	0.1485798733483156	2.0143476348776064	2.5815426992528785	0.8255683519866517	2.086622282439645	1.5993358940765288	1.193512328069582	0.33306455943159124	0.2990521736566618	1.0	1.0	1.0	0.0	1.0	1.0	0.0	1.0	0.0	1.0	7.0
57750000	0.4086170079026398	0.20817848690369506	0.7075117668933845	1.0627467824633487	0.5137454627930164	0.6320163339221719	1.4388257007762693	1.1646721630631611	0.8226574048643062	0.2790791653516738	1.0	0.0	1.0	0.0	1.0	1.0	0.0	1.0	0.0	1.0	6.0
58000000	0.697037054521873	0.1741092773768808	0.9959257303377952	0.03796648574572804	0.43145799677629326	0.9802013814418629	0.9519413864552146	1.2433220024463199	0.9679942598105935	0.2682618582804498	1.0	0.0	1.0	0.0	1.0	1.0	0.0	1.0	0.0	1.0	6.0
58250000	0.22698245339080728	1.865569953668959	0.24620416545832363	1.5267105881915275	0.1279991758670702	0.26617510293700203	0.08616286988085899	0.5623158578547344	3.5828510381651117	0.16354059904435442	1.0	0.0	1.0	0.0	1.0	1.0	0.0	1.0	0.0	1.0	6.0
58500000	0.844126907879088	0.18764801374313836	1.4903567502423694	1.0445742577216652	0.5398108671639278	0.8502666548585243	1.1354148490046703	0.4863127765247363	1.1148857887089687	0.2634822857526269	1.0	0.0	1.0	0.0	1.0	1.0	0.0	1.0	0.0	1.0	6.0
58750000	1.0950541232300683	0.6165553285653183	1.7267287711345132	0.07101138757322245	1.2439566794490828	1.8868637940341664	1.0780785173408045	3.6389140952194112	0.0367392951899095	0.6589298563365611	1.0	0.0	1.0	0.0	1.0	1.0	0.0	1.0	0.0	1.0	6.0
59000000	0.3406310568888606	0.10017277677602236	0.4933900486657771	0.9310888041109834	0.291701383086063	0.47480247081268473	0.22371261312586638	0.594119626815365	2.239885093043319	0.08840508100534533	1.0	0.0	1.0	0.0	1.0	1.0	0.0	1.0	0.0	1.0	6.0
59250000	0.3634487339697853	0.31310300086394977	1.3951624704605292	0.9689992624026242	2.2630417576413766	1.8517107809403575	0.3264237988973555	1.0364707203179222	0.585167117911031	0.5335505205752058	1.0	0.0	1.0	0.0	1.0	1.0	0.0	1.0	0.0	1.0	6.0
59500000	0.5341462032477448	0.15077138873432047	1.0543045590431868	0.8961336953526139	0.9279390242703872	1.2762634903877603	0.1492434452891589	1.4324890605541598	0.15348276811808959	0.3159454606603059	1.0	0.0	1.0	0.0	1.0	1.0	0.0	1.0	1.0	1.0	7.0
59750000	0.2173673829219819	0.1534455623211994	0.944245796885332	0.22106392768977928	0.5105116186484837	0.4523965180379385	3.2610876359531513	0.7860626380946028	2.6368352976487315	0.3439844139691219	1.0	0.0	1.0	0.0	1.0	1.0	0.0	1.0	0.0	1.0	6.0
60000000	0.9363004370980991	2.7485169097622473	0.9944373216902384	0.8603244173642253	1.4589817097094864	0.930615061074303	0.017566051645977493	1.6511722491067817	1.103833909521453	0.13684624759948003	1.0	0.0	1.0	0.0	1.0	1.0	1.0	1.0	0.0	1.0	7.0
60250000	0.21627708043940974	0.4424403725712457	0.2989427069913141	1.2667257760052466	0.10829307371829482	0.3009437311480252	2.5414948525205054	0.3448133303485439	2.4363853794898946	0.10073267933621645	1.0	0.0	1.0	0.0	1.0	1.0	0.0	1.0	0.0	1.0	6.0
60500000	0.7671059691835493	1.2926947547321388	0.9220741810794155	0.5400313087733142	1.3745061606335587	1.405121271787367	0.6740526183081308	1.6280763390561257	0.7291384444423269	0.7597152820472489	1.0	0.0	1.0	0.0	1.0	1.0	0.0	1.0	0.0	1.0	6.0
60750000	0.9874379485005848	1.1314966496509307	0.7747789858804682	0.8078587411371804	0.8775425874921087	1.2055188309861673	1.3933541114733978	2.643588440777204	0.7728989311529072	1.0928958584767139	1.0	0.0	1.0	0.0	1.0	1.0	0.0	1.0	1.0	1.0	7.0
61000000	0.5795500689044215	4.36146154780459	2.2939916508603537	0.7625088674267547	1.0464477530911682	1.3227514381546341	2.231756968744717	3.377053290759001	0.565279119181142	0.906088861175565	1.0	0.0	1.0	0.0	1.0	1.0	0.0	1.0	0.0	1.0	6.0
61250000	1.030585025528212	0.4054916561786171	1.78311860801626	0.05766755513875534	1.417360931997612	1.1841835565160133	1.9536771801613804	2.0215421651675047	1.0249911170930595	0.8941916397713411	1.0	0.0	1.0	0.0	1.0	1.0	0.0	1.0	0.0	1.0	6.0
61500000	0.5485869411641695	1.4019224579725726	1.487950066228576	0.7243227743322422	0.6377699071568965	0.6129757669872532	1.354289882467785	2.04314094934603	2.2647380189907147	1.5382352288552756	1.0	0.0	1.0	0.0	1.0	1.0	0.0	1.0	0.0	1.0	6.0
61750000	0.9137638544441574	0.09899168997915923	0.9666126534821801	0.19092645838770422	1.0632171976554106	0.709783110524581	0.07572669281296866	1.4474295815228486	0.08166780149749575	0.2667849438184557	1.0	0.0	1.0	1.0	1.0	1.0	0.0	1.0	0.0	1.0	7.0
62000000	0.6035066142660688	0.6205407059516084	1.7246759589636895	0.03184170902473273	0.6557885250042796	0.5813614977788524	0.4414510003390742	1.3494094002780113	2.660137258776953	1.1765206540264008	1.0	0.0	1.0	1.0	1.0	1.0	0.0	1.0	0.0	1.0	7.0
62250000	0.6550621201367678	1.949220192890419	2.6532124345957175	0.8487940131243876	0.8277678176415546	2.165631248556796	0.7797937058136133	1.9841490574929297	2.428884878977374	0.2557024941229111	1.0	0.0	1.0	0.0	1.0	1.0	0.0	1.0	0.0	1.0	6.0
62500000	1.0889847650075017	0.06480085532142135	1.8688817495810068	0.5187126518633849	2.0949932442663366	2.3094080656120446	0.13146510508129577	1.3776150373889309	2.561522579096173	1.1193209461481928	1.0	0.0	1.0	0.0	1.0	1.0	0.0	1.0	0.0	1.0	6.0
62750000	0.6555868094364948	0.10257749839353189	1.1829498778053413	5.224956372828846	0.46636731174956536	0.9527704055874917	0.3433381890330157	0.8147070361013153	0.062110297938738256	0.32938556797430335	1.0	0.0	1.0	0.0	1.0	1.0	0.0	1.0	0.0	1.0	6.0
63000000	1.1737083060840368	2.0760887105131736	3.598372600371751	0.2687946993059612	1.614703577236181	1.428597366816026	0.7010108977825024	1.3083074307523384	0.8782024963601144	0.585121521818604	1.0	0.0	1.0	0.0	1.0	1.0	0.0	1.0	1.0	1.0	7.0
63250000	0.30657076864963667	0.28294536384365526	1.0936132179948612	1.4127291527639254	0.5674465410694619	0.6646002812726728	0.3404708387934047	1.5160297866783554	1.4148867125410978	0.4712464150543299	1.0	0.0	1.0	0.0	1.0	1.0	0.0	1.0	0.0	1.0	6.0
63500000	0.9999871795308526	2.1455480391833364	2.4125528833289356	1.0389893008755287	1.4619178230942527	1.8748597566455085	1.9900921133391978	1.6598132249106614	0.9798111155763137	0.5199220508595582	1.0	0.0	1.0	0.0	1.0	1.0	0.0	1.0	0.0	1.0	6.0
63750000	0.6653088913628097	0.5742064351732158	1.1783739819176586	0.23581904010922114	1.2719939247039111	0.9599742668642659	0.6432439536129825	1.4967480244194586	0.31919303163618573	0.6634231314765919	1.0	0.0	1.0	0.0	1.0	1.0	0.0	1.0	0.0	1.0	6.0
64000000	1.4236054678426535	0.37746771646035504	0.5984931356213748	0.09674931183061769	0.9201815313646613	1.2121381219035396	3.344318746368361	2.622692233918532	3.245172895661195	0.5326715179188374	1.0	0.0	1.0	0.0	1.0	1.0	0.0	1.0	0.0	1.0	6.0
64250000	0.21385299340499025	0.5791135743186383	1.049843546019887	0.25816786524555446	0.45188641465208745	0.8792843283077004	0.5060358822189908	0.716722924575183	2.8892474107861466	0.08221240850355702	1.0	0.0	1.0	0.0	1.0	1.0	0.0	1.0	0.0	1.0	6.0
64500000	1.3568679219765891	0.7492628373257293	1.3521214170275806	0.32054934927563855	0.8590882780818115	1.1475035165764182	0.8032085026934122	3.4117322540491575	0.10077347689852734	0.5432622989387101	1.0	0.0	1.0	0.0	1.0	1.0	0.0	1.0	0.0	1.0	6.0
64750000	1.5738259288095926	0.5616269613080881	1.775846861062052	0.2151727095015036	0.40757836102881134	2.3755430403164777	0.04280359330059777	4.577537148832575	0.32160136821056995	0.9905606419281023	1.0	0.0	1.0	0.0	1.0	1.0	0.0	1.0	0.0	1.0	6.0
65000000	0.691007121127139	2.040703552313728	1.090646262447978	0.1314023556089615	1.0995499324553024	1.726872309900845	0.8115100681870421	1.4532698111557087	0.12748489369800933	0.808069695683294	1.0	0.0	1.0	0.0	1.0	1.0	0.0	1.0	1.0	1.0	7.0
65250000	0.7750601454654434	0.48896402913643144	1.3666169788117088	0.758276897598161	0.39117849055802595	0.7857779143442747	0.8889744545374663	1.0804544726906509	0.22851076838458162	0.1577303070725865	1.0	0.0	1.0	1.0	1.0	1.0	0.0	1.0	0.0	0.0	6.0
65500000	0.5854417053284507	0.7798421088478947	0.9541025395891314	0.07922880688562656	1.294090784285598	0.6924210887891162	1.0934519022420186	1.414462288709193	2.0452932214093797	0.5358641355090346	1.0	0.0	1.0	0.0	1.0	1.0	0.0	1.0	0.0	1.0	6.0
65750000	0.6502967918147385	0.3407801259991776	0.3194365757403582	0.4979943882109963	0.7713644788839189	0.9276589928553794	0.1738325399222222	0.4461934621322651	0.9321997689707584	0.16024801784159515	1.0	0.0	1.0	0.0	1.0	1.0	0.0	1.0	0.0	1.0	6.0
66000000	1.0553966377559705	2.170469038203971	1.103083233215594	0.14511016591011117	1.4178810942157478	2.0290667330969576	0.7238545685569573	0.554668340493236	3.742204076848328	0.26166084125814987	1.0	0.0	1.0	1.0	1.0	1.0	1.0	1.0	0.0	1.0	8.0
66250000	0.27199879566380714	0.18338686253586406	0.5091941449990042	4.322268612959684	0.9793740685363607	0.38854061041207066	0.9822448215094634	1.2693270349714763	0.655782998739691	0.7127335123070286	1.0	1.0	1.0	0.0	1.0	1.0	0.0	1.0	0.0	1.0	7.0
66500000	1.313281215866195	3.3365588017358068	1.069144242174432	0.24317212061552126	1.1639550444323312	1.8836643877852433	0.06915644928979647	1.8983141053434205	0.13273022611663665	0.9640022558533479	1.0	0.0	1.0	0.0	1.0	1.0	0.0	1.0	0.0	1.0	6.0
66750000	0.30932174696381165	0.0067471831655030595	1.840629272320356	1.9463947297191992	1.971695015660249	0.9842407507761953	0.019978821579640024	1.5430705180308353	0.3472091307942859	1.083572641107884	1.0	1.0	1.0	0.0	1.0	1.0	0.0	1.0	0.0	1.0	7.0
67000000	0.267072420603956	0.513745918435578	0.3821519036759352	0.08031558369848603	0.5359934797263195	0.43213635796644195	1.2125934039245716	0.6655061677112223	0.7735851372200079	0.13302206508467457	1.0	0.0	1.0	1.0	1.0	1.0	0.0	1.0	0.0	1.0	7.0
67250000	0.21101890675870694	0.16854243418565037	1.0112394126317745	0.5684602060902005	0.263201485302678	0.6845317166808164	0.5733057119152833	0.6481092922935298	0.1388068235269391	0.1620506235147293	1.0	0.0	1.0	0.0	1.0	1.0	0.0	1.0	0.0	1.0	6.0
67500000	0.3801991666661611	0.8029145821796848	0.6134445782245493	0.06715770568789042	0.08012497533565686	0.916775674759883	0.9329054971220514	0.8674247331555255	0.2325649191967745	0.6440516655038345	1.0	0.0	1.0	0.0	1.0	1.0	0.0	1.0	0.0	1.0	6.0
67750000	0.589645526221874	0.7704653728280582	0.676460489181199	0.6827597056704087	0.5220854924765299	0.6925089907552909	1.865321004979491	1.258499129418546	0.14425164454808986	0.12106747646055878	1.0	0.0	1.0	0.0	1.0	1.0	0.0	1.0	0.0	1.0	6.0
68000000	0.3581595019700149	0.161568269638203	1.2716659449349896	4.686818831149841	0.7409150111376646	0.9336565659649496	0.3611279460636449	1.861183513145654	2.7109074162764344	0.6412588837321627	1.0	0.0	1.0	0.0	1.0	1.0	0.0	1.0	0.0	1.0	6.0
68250000	0.11362701432974691	0.4718819569730059	0.6283850737171052	1.7748289454959352	0.25311006620524273	0.34969955814957454	2.197281196911417	0.604715226097921	3.164230707054914	0.06978323715081505	1.0	0.0	1.0	0.0	1.0	1.0	0.0	1.0	0.0	1.0	6.0
68500000	1.3888731824930787	0.9466362372028112	2.1548874505449986	0.7007453007049441	2.459626904260047	1.1482767683138797	0.3260254690037548	2.92569456105883	0.24655125025487545	0.5217585646416405	1.0	0.0	1.0	0.0	1.0	1.0	0.0	1.0	0.0	1.0	6.0
68750000	0.5239686130491386	2.5301978215993706	0.9823983308741034	2.5085948650586927	0.7493277080846683	1.2832004526802034	0.3334724191116049	1.0204068457431748	3.6064862538358513	1.0516519754161107	1.0	0.0	1.0	0.0	1.0	1.0	0.0	1.0	0.0	1.0	6.0
69000000	0.6580473311210465	0.30046875776369586	1.0576271850152854	0.5872872446327084	1.0013758241937052	0.7394791385782594	0.7893656821112952	1.1647314400602864	1.036044462698315	0.4749588634022942	1.0	0.0	1.0	0.0	1.0	1.0	0.0	1.0	0.0	1.0	6.0
69250000	0.7592206173859104	0.5427255247886583	0.9860288050139582	0.7786649425177855	0.8920946566524942	1.010962990912624	0.38246702205782807	0.8510399789687753	0.8672323750061834	1.0001766018642433	1.0	0.0	1.0	0.0	1.0	1.0	0.0	1.0	0.0	1.0	6.0
69500000	0.2692382949769424	1.147655136734198	1.1813523305531632	0.22565039535898987	0.4438415508740216	0.8728992570635931	1.7882341597696665	1.9477275336262772	0.469973143393862	0.38489615660277215	1.0	0.0	1.0	0.0	1.0	1.0	0.0	1.0	0.0	1.0	6.0
69750000	0.2469978388778896	0.33425477784875884	1.2630710268616867	1.841288680702709	0.8292127398876451	0.6190610404590696	3.014641778256345	1.7769224819329754	0.2963694389823187	0.3392872237852052	1.0	0.0	1.0	0.0	1.0	1.0	0.0	1.0	0.0	1.0	6.0
70000000	0.5803787258071207	1.1992106169999668	0.4242939287802233	1.14230620498487	0.5070087249913736	0.8261890017675136	0.21314058869535618	1.7135767946954021	0.7867084687287395	0.41620176429061323	1.0	0.0	1.0	0.0	1.0	1.0	0.0	1.0	0.0	1.0	6.0
70250000	0.7773953777177866	0.6779232419443856	1.9180914571340777	2.5091712272864743	0.9237358956393564	0.8569132445113189	0.55211822925805	0.767981740201164	0.11589574130391654	0.25642526102575547	1.0	0.0	1.0	0.0	1.0	1.0	0.0	1.0	0.0	1.0	6.0
70500000	0.26914741827723954	0.03876925357918096	1.1991358339133953	0.40405218665346826	0.3648918853004369	0.8580122326702526	0.2478883580048163	1.8723362770537564	0.05241174258104911	0.305563589464138	1.0	0.0	1.0	0.0	1.0	1.0	0.0	1.0	0.0	1.0	6.0
70750000	0.5025548567020157	0.16226221250931905	1.0160795386730546	1.4716999005575129	0.6038573400042228	1.1322442282576048	1.1140545040064203	1.1236614633147248	3.4573042685875572	0.4177522018750806	1.0	0.0	1.0	0.0	1.0	1.0	0.0	1.0	0.0	1.0	6.0
71000000	0.6181974108606093	0.021515031799563974	1.7321994357932988	0.21719428974741892	0.3261116784528221	0.7517467688634848	0.8385357343961931	1.990904701729954	0.04600330981117554	0.9262006212771914	1.0	0.0	1.0	0.0	1.0	1.0	0.0	1.0	0.0	1.0	6.0
71250000	1.5317729728121623	0.050511989642867745	2.049718123052558	0.17963603810259984	1.246479667460964	0.9788705055481232	0.5243750051569855	2.761645930795029	0.4396076918105316	1.303199302100365	1.0	0.0	1.0	0.0	1.0	1.0	0.0	1.0	0.0	1.0	6.0
71500000	0.8265135632934418	0.05389768974530496	0.9913489457789867	0.03823455758553698	0.7908980411553874	0.7704667178836226	0.6596673769953572	1.1883679659171942	0.28168528001610865	0.6183575759591712	1.0	1.0	1.0	1.0	1.0	1.0	0.0	1.0	0.0	1.0	8.0
71750000	0.30400817240763495	0.09022962446557137	0.6981342357719994	0.19332510762180166	0.4698525380081835	0.926962648380315	1.3654771916666737	1.387463727686047	2.045088375804444	0.3338759172168162	1.0	0.0	1.0	0.0	1.0	1.0	0.0	1.0	0.0	1.0	6.0
72000000	0.24261033154189074	0.891913876368291	0.21062787000938432	0.9742265397623762	0.36353781884631725	0.19812498135504736	0.15652616413007236	0.16396081787522399	0.10364098421980143	0.2222928046917389	1.0	0.0	1.0	0.0	1.0	1.0	0.0	1.0	0.0	1.0	6.0
72250000	0.2508516664107512	0.5475708826632988	0.9156364566634444	1.0755542121433044	0.5788582765169514	0.7029973316084686	0.31630624399479407	0.8645086486810384	0.1756513779602124	0.5338248684694676	1.0	0.0	1.0	0.0	1.0	1.0	0.0	1.0	0.0	1.0	6.0
72500000	0.5574585225941403	2.308494652832183	1.03304576394916	0.09658005570149497	0.7614612425111901	0.7752509056156125	1.6594502034204877	0.9936412798194276	0.2209543210723402	0.45118444875460384	1.0	0.0	1.0	0.0	1.0	1.0	0.0	1.0	0.0	1.0	6.0
72750000	0.7465643228835227	1.8334828647122545	1.7905048835800492	0.524167573066774	0.661286413425348	1.7082466661397158	0.3007030471794544	2.6669042009368304	0.24641642968228417	0.46716602685523134	1.0	0.0	1.0	0.0	1.0	1.0	0.0	1.0	1.0	1.0	7.0
73000000	0.19351594021350058	2.535258630864081	1.008019763667752	0.09704582502944006	0.0855046294305048	0.708585179908409	0.0011721662493221591	1.3326484707502322	1.8772122292201658	0.11000344497611823	1.0	0.0	1.0	0.0	1.0	1.0	0.0	1.0	0.0	1.0	6.0
73250000	1.2799622087394666	2.966201703657349	2.661513244742535	0.9208070388185334	0.47295300103050725	0.8163481259902031	0.03875140869929395	2.6108369820830637	0.06078242217413798	2.4831818548570075	1.0	0.0	1.0	0.0	1.0	1.0	1.0	1.0	0.0	1.0	7.0
73500000	0.8985646509520202	0.1701959607713023	1.740850081318057	0.8265089008022185	0.7366937280397273	1.848039568731833	1.4070598353501778	1.1312879203143082	4.350960220015614	0.41106658170414595	1.0	0.0	1.0	0.0	1.0	1.0	0.0	1.0	0.0	1.0	6.0
73750000	0.3230108955135173	0.05025787209174224	1.1787932133279262	0.2659052400754171	0.4708107098888625	0.3678755324959262	0.5689627527285308	1.2742268232981515	0.9626382300383235	0.22224274958762205	1.0	0.0	1.0	0.0	1.0	1.0	0.0	1.0	0.0	1.0	6.0
74000000	1.136392583564678	0.2555720812096057	0.6542216469330514	2.9848788372336466	0.7492079227659658	1.7475598569012643	0.34362143785743016	0.9540772887835378	0.12171017522109298	0.5452626659295116	1.0	0.0	1.0	0.0	1.0	1.0	0.0	1.0	0.0	1.0	6.0
74250000	1.2576691613399698	0.7433802393567883	2.0181479475656054	0.37589893778557143	0.674810109729752	1.1663344807437905	5.773595642709176	1.5468222103221803	1.0983676192303509	1.0088264759325396	1.0	0.0	1.0	0.0	1.0	1.0	0.0	1.0	0.0	1.0	6.0
74500000	0.8180507211790994	1.359628873658075	1.2003984355128976	0.3324562751574134	1.2087725647469463	1.8332133222714717	0.5006204733674124	1.0795894037784997	0.09842474742648971	1.3342714786770284	1.0	0.0	1.0	0.0	1.0	1.0	0.0	1.0	0.0	1.0	6.0
74750000	0.8217238829508203	0.030421579872833227	1.7048685727313357	0.12259773027306346	1.3137117937079645	1.3895962435486646	0.3275745505505139	1.6969194544939017	0.034400664895005324	0.11873366567044928	1.0	0.0	1.0	0.0	1.0	1.0	0.0	1.0	1.0	1.0	7.0
75000000	0.9493430981848819	1.2942537977931763	1.0175423151803595	0.053222676470193096	0.3916400410345042	0.8850386922772494	0.41209522286487654	0.8066402350626841	0.0898101856495922	0.3671291169161424	1.0	0.0	1.0	1.0	1.0	1.0	0.0	1.0	0.0	1.0	7.0
75250000	0.4845922599091257	0.09428027369802224	1.6044870212261624	2.178844902984005	1.3268402330662632	0.9351702398563064	0.9353689733179988	1.3727012996839174	0.30406425610502175	0.555723964148242	1.0	0.0	1.0	0.0	1.0	1.0	0.0	1.0	0.0	1.0	6.0
75500000	1.0261162327094202	1.8062154714330108	0.8453820751942762	2.5621608423927813	0.3941500748233725	0.6139324441961451	0.13369445964967425	1.4467512211454738	0.07891223882612582	0.29821627269414086	1.0	0.0	1.0	0.0	1.0	1.0	0.0	1.0	1.0	1.0	7.0
75750000	0.31644014321403996	0.5406896365580424	0.7970042880028805	1.6321873365029775	0.6208524050085051	0.5322849387697842	0.09718442779408981	1.0421156056797403	4.84669798581772	1.0057784988761655	1.0	0.0	1.0	0.0	1.0	1.0	1.0	1.0	0.0	1.0	7.0
76000000	0.27616233616561886	0.424785661892976	0.9614391197921885	0.18464487753306813	0.5911138040624879	0.6368172437878428	1.717202376306354	0.5993792250739042	0.4307800252521217	0.4392440203822855	1.0	0.0	1.0	0.0	1.0	1.0	0.0	1.0	1.0	1.0	7.0
76250000	0.5247221640489281	0.6522621010012776	1.0834852725197903	1.0869100177014748	0.5388259530128986	0.917852759848878	1.6333337949550135	0.8098507189372459	1.5905518441385262	0.5254736559277221	1.0	0.0	1.0	0.0	1.0	1.0	0.0	1.0	0.0	1.0	6.0
76500000	1.0282271299216466	6.682936466840396	2.8883862830536087	1.5497228955661455	2.862245964560045	2.6047590151360707	1.6832914072798002	2.7953890688921876	0.06090576057963791	1.7939814861135785	1.0	0.0	1.0	0.0	1.0	1.0	0.0	1.0	1.0	1.0	7.0
76750000	0.13505839755196491	0.17644330961700547	0.5772455902560499	0.9391721891977772	0.5855037263486894	0.5558189029650257	0.5195141389754385	0.6762185188222662	0.045204795366101294	0.3246213884345637	1.0	0.0	1.0	0.0	1.0	1.0	0.0	1.0	0.0	1.0	6.0
77000000	0.5450716741480595	0.489047429746312	2.1107605798637463	2.424649757961181	0.7548473288993166	0.9148296659802053	0.07512405267623043	1.358669030476892	0.8781972025460866	0.6375586822743129	1.0	0.0	1.0	0.0	1.0	1.0	0.0	1.0	0.0	1.0	6.0
77250000	0.5650828622933333	1.6041443106399556	2.6085086631553827	0.4218107152074948	1.1952790672712126	1.9809393848883337	0.2784307420192596	2.5571174728617807	0.6677428744549397	1.6416612093001959	1.0	0.0	1.0	0.0	1.0	1.0	0.0	1.0	0.0	1.0	6.0
77500000	0.3930930481111164	1.1157154115376227	1.0472893967304169	0.25694527675645473	1.4949988713146702	0.9676524576824563	0.021205664753301986	1.5487294044621067	0.07738162877083446	0.5008877199343748	1.0	0.0	1.0	0.0	1.0	1.0	0.0	1.0	0.0	1.0	6.0
77750000	1.6311419132500709	1.7304105736872428	1.7378204281165752	0.1392498351516569	1.2091008628394664	2.25698482440348	1.0810027075810504	1.9644746257577976	0.21933559158044316	0.6569887749097438	1.0	0.0	1.0	0.0	1.0	1.0	1.0	1.0	0.0	1.0	7.0
78000000	0.591934784180713	0.9709093390292342	1.3879006230409379	2.971868176149621	1.1560578358647593	1.5409608088050593	0.028765816034037033	2.0428444363752694	0.8295413540733194	0.43830208931733294	1.0	0.0	1.0	0.0	1.0	1.0	0.0	1.0	0.0	1.0	6.0
78250000	0.18468076963046368	1.33604352704136	0.5665316781512202	0.2839716093821377	0.5891929252114594	0.8869769239056979	0.08851629346273886	1.6795702038745801	0.45563058369598897	0.2743985400623054	1.0	0.0	1.0	0.0	1.0	1.0	1.0	1.0	0.0	1.0	7.0
78500000	0.5755170009473823	0.18931788137769268	2.5957225850898182	0.7978990428946063	1.2687654423230106	2.2567741255864853	0.18927078457599933	1.5023819360530506	1.3135170361291353	0.2508766602462082	1.0	0.0	1.0	0.0	1.0	1.0	0.0	1.0	0.0	1.0	6.0
78750000	0.2794168166456553	0.8170479209726493	1.4556975376421397	1.9304122592824204	0.3533057160675232	0.6470810758750088	0.02825018755838191	1.063493639039144	0.6021792084911884	0.43023307607028755	1.0	0.0	1.0	0.0	1.0	1.0	1.0	1.0	0.0	1.0	7.0
79000000	0.09729774848569371	0.6311129760913858	0.7607107063011467	0.7436098448735152	0.34833570512355	0.6943237079405912	0.14679726229201698	0.9218589880072787	4.864397573901127	0.45694192100059294	1.0	0.0	1.0	0.0	1.0	1.0	0.0	1.0	0.0	1.0	6.0
79250000	0.2992753497389108	0.3703851173763684	0.5461132089102857	0.4400534495881457	0.5779835789456261	0.849148292981827	2.0752222569279755	0.9279213013237348	0.4770700713143904	0.38669485033502293	1.0	0.0	1.0	0.0	1.0	1.0	0.0	1.0	0.0	1.0	6.0
79500000	1.1209317518590614	1.6285998684086564	2.1150245581784395	0.36161686756540223	0.45399487571250075	1.6643994771668178	1.8299010000420843	2.0645739816448248	0.2340987358556796	1.7677574469973543	1.0	0.0	1.0	0.0	1.0	1.0	0.0	1.0	0.0	1.0	6.0
79750000	0.7276348077307931	0.007471347693623111	1.4308282390583478	0.20380986816287824	0.22098752946295305	0.8250089692669068	2.633093743571824	1.8339189111850371	0.4846637081865469	0.7027630022245821	1.0	1.0	1.0	1.0	1.0	1.0	0.0	1.0	0.0	1.0	8.0
80000000	0.30843508897946065	0.5647751915593185	0.8139099422323302	0.5090086957180378	0.8601008048736393	0.3883540525848679	1.8769059603828344	1.0879179589665937	1.4502228266287487	0.26674996344459523	1.0	0.0	1.0	0.0	1.0	1.0	0.0	1.0	0.0	1.0	6.0
80250000	1.8115059367589526	0.5404633796838701	3.0001687563078865	0.8542642330706869	0.9668375400864577	3.049496216513865	1.6528078171574179	2.125031650935234	1.1965113628876392	0.5569804630587298	1.0	1.0	1.0	0.0	1.0	1.0	0.0	1.0	0.0	1.0	7.0
80500000	0.5952828194312612	0.7353067827383819	0.6533249813325497	0.12719459535387997	0.8286013375400549	1.7684498790633003	0.3092091988828228	0.9771005382630731	0.2894320244202095	0.43704652934932475	1.0	0.0	1.0	0.0	1.0	1.0	0.0	1.0	0.0	1.0	6.0
80750000	0.5432528041202994	0.34800204354126163	2.5352127290150146	1.0898105902222948	0.3249817254317326	1.3239007737898154	0.1267925963208705	1.950507918082758	0.3176828801537445	0.21187202294905197	1.0	1.0	1.0	1.0	1.0	1.0	0.0	1.0	0.0	1.0	8.0
81000000	0.9178004074517706	0.9247009900654131	0.824401424261694	1.4748400540608153	0.524644731809522	0.9787490069870066	0.5224077622292634	0.7628900764923388	0.8129971085972155	0.11520788956833672	1.0	0.0	1.0	0.0	1.0	1.0	0.0	1.0	0.0	1.0	6.0
81250000	0.3709543126839635	0.34768451412082446	1.01046201527521	1.68086823415973	0.8949395350946389	1.259104913446228	0.9947069371153827	1.2819793744736243	0.2812183269597612	0.33832368658449063	1.0	0.0	1.0	0.0	1.0	1.0	0.0	1.0	0.0	1.0	6.0
81500000	0.508045530572863	0.9513907850648948	1.102465419720263	4.915942146971778	0.24160958292446197	0.7027703884636357	0.3339480272598901	1.0120831328553481	0.12064922068858419	0.2875847126719209	1.0	0.0	1.0	0.0	1.0	1.0	0.0	1.0	0.0	1.0	6.0
81750000	0.12800699853440728	0.08256632406081804	0.9240512219500447	0.5518264310674128	0.1548059317313718	0.7260672429281838	2.4633609230688873	1.3241901922695056	0.20465616043886317	0.09034576078930297	1.0	1.0	1.0	0.0	1.0	1.0	0.0	1.0	0.0	1.0	7.0
82000000	0.6759554366162304	2.0536376219343255	1.8791260274990296	0.34807117080726646	1.1505386849071164	1.2364601034725862	0.5331524057195192	2.2469399213072965	0.5637419682965908	0.6237726076378505	1.0	0.0	1.0	0.0	1.0	1.0	0.0	1.0	0.0	1.0	6.0
82250000	0.26573017602537596	0.3694275342214142	0.612636018744298	0.6586489425389834	0.42304659870543204	0.6898118391951134	0.16182701423337614	1.8818138223702172	1.4660679376627346	0.3852506298845122	1.0	0.0	1.0	0.0	1.0	1.0	0.0	1.0	0.0	1.0	6.0
82500000	0.8395023642392206	1.2785401917787271	1.7425188237086824	0.8358001582381211	0.7141346303002617	2.141787190326989	0.8451125827486571	3.1837470532429197	1.8078859431613772	0.4944793050541726	1.0	0.0	1.0	0.0	1.0	1.0	0.0	1.0	0.0	1.0	6.0
82750000	0.6446510123929682	3.3475137294270305	1.270554194790166	0.015176789167442925	0.9604005263165365	1.1244402317350877	1.199193963072069	1.9271504764608043	1.809127626741038	0.33548644008917655	1.0	0.0	1.0	0.0	1.0	1.0	0.0	1.0	0.0	1.0	6.0
83000000	0.18608478341731668	0.143581707702347	0.632321062832224	0.19037106408372267	0.21082602837399075	0.40464235056819914	1.0138909326014898	0.3036265540836503	0.7942016970033697	0.03129660910106507	1.0	0.0	1.0	1.0	1.0	1.0	0.0	1.0	0.0	1.0	7.0
83250000	1.3798687099714957	0.45619638162498644	0.7712522416239544	0.14143784135904067	0.9211720884618848	1.5082803326041703	0.841166705517404	1.9890987905715318	2.465549319614977	0.41803060437216427	1.0	0.0	1.0	1.0	1.0	1.0	0.0	1.0	0.0	1.0	7.0
83500000	0.4833182247102656	0.9712559835604554	0.6668409626182601	0.8609571329163245	0.23761941422346677	0.8896977869214768	0.6968672800960902	1.2330398293737834	0.36349459344849827	0.4913929187047679	1.0	0.0	1.0	0.0	1.0	1.0	0.0	1.0	0.0	1.0	6.0
83750000	0.3742115503778254	0.3085906224702725	0.8528785352341997	2.3050222139413856	0.22871553140592882	0.522117449109894	0.15263839546079627	1.113243729542004	1.0073713457082472	0.3632669031498327	1.0	0.0	1.0	0.0	1.0	1.0	0.0	1.0	0.0	1.0	6.0
84000000	0.42716060025942926	1.36840781768949	0.4865774650294667	0.08189157376255968	0.5634332731762713	1.2576927034968266	3.42680381737749	1.047288345826898	2.3189171593717495	0.6160330848193184	1.0	0.0	1.0	0.0	1.0	1.0	0.0	1.0	0.0	1.0	6.0
84250000	1.1125381697827903	0.07284095781824003	1.7527710510200412	0.649391937421886	1.7751630331091257	0.6240809994948646	5.414063737491483	2.6414765582040456	0.21816179469503744	0.9409475719277564	1.0	0.0	1.0	0.0	1.0	1.0	0.0	1.0	0.0	1.0	6.0
84500000	0.6004156903969222	0.43352975076372113	2.2677376618587837	0.13016130425742736	0.5900600151858967	1.125539273397843	1.1609942002561016	2.286361460418294	0.4930795101645242	0.18844683365750334	1.0	0.0	1.0	0.0	1.0	1.0	0.0	1.0	0.0	1.0	6.0
84750000	0.6582805266916437	0.642001647786856	1.1758613503918713	0.4876918369903518	0.7238289716490323	1.4317060026213344	1.4000330463992565	0.5224636157995383	0.5680683797451753	0.46060890278915523	1.0	0.0	1.0	0.0	1.0	1.0	0.0	1.0	0.0	1.0	6.0
85000000	0.613431023427046	0.5559584273394328	1.4549546076369466	1.2256495802711702	0.7893564703314128	0.9830447923166893	0.36493567333313326	1.2285262929968097	0.01246840389141009	0.9654759220058209	1.0	0.0	1.0	0.0	1.0	1.0	0.0	1.0	1.0	1.0	7.0
85250000	0.21175213339151594	0.5326856438395554	1.2764144298907059	0.22184162361508006	0.5315865701864134	1.2182438460014233	0.39899516513784	1.8067333087974329	0.12615649156104172	0.37774742910122905	1.0	0.0	1.0	0.0	1.0	1.0	1.0	1.0	1.0	1.0	8.0
85500000	0.32113701569366904	1.6220832366926257	1.1056400622070743	1.5156900843867374	0.4036204789706034	1.0063515071716382	0.7269700215063338	1.2773301051099675	0.01985163878583407	0.5861622647349157	1.0	0.0	1.0	0.0	1.0	1.0	0.0	1.0	0.0	1.0	6.0
